{"E:\\ClearView_WebApplication_Latest\\ClearView_CVBUN\\src\\App.tsx": {"path":"E:\\ClearView_WebApplication_Latest\\ClearView_CVBUN\\src\\App.tsx","statementMap":{"0":{"start":{"line":148,"column":2},"end":{"line":195,"column":4}}},"fnMap":{"0":{"name":"App","decl":{"start":{"line":126,"column":9},"end":{"line":126,"column":12}},"loc":{"start":{"line":126,"column":15},"end":{"line":196,"column":1}},"line":126}},"branchMap":{},"s":{"0":0},"f":{"0":0},"b":{}}
,"E:\\ClearView_WebApplication_Latest\\ClearView_CVBUN\\src\\main.tsx": {"path":"E:\\ClearView_WebApplication_Latest\\ClearView_CVBUN\\src\\main.tsx","statementMap":{"0":{"start":{"line":6,"column":0},"end":{"line":10,"column":1}}},"fnMap":{},"branchMap":{},"s":{"0":0},"f":{},"b":{}}
,"E:\\ClearView_WebApplication_Latest\\ClearView_CVBUN\\src\\test-utils.js": {"path":"E:\\ClearView_WebApplication_Latest\\ClearView_CVBUN\\src\\test-utils.js","statementMap":{"0":{"start":{"line":7,"column":2},"end":{"line":11,"column":4}}},"fnMap":{"0":{"name":"renderWithRouter","decl":{"start":{"line":6,"column":16},"end":{"line":6,"column":32}},"loc":{"start":{"line":6,"column":59},"end":{"line":12,"column":1}},"line":6}},"branchMap":{"0":{"loc":{"start":{"line":6,"column":37},"end":{"line":6,"column":57}},"type":"default-arg","locations":[{"start":{"line":6,"column":55},"end":{"line":6,"column":57}}],"line":6},"1":{"loc":{"start":{"line":6,"column":39},"end":{"line":6,"column":50}},"type":"default-arg","locations":[{"start":{"line":6,"column":47},"end":{"line":6,"column":50}}],"line":6}},"s":{"0":0},"f":{"0":0},"b":{"0":[0],"1":[0]}}
,"E:\\ClearView_WebApplication_Latest\\ClearView_CVBUN\\src\\User_backend\\server.js": {"path":"E:\\ClearView_WebApplication_Latest\\ClearView_CVBUN\\src\\User_backend\\server.js","statementMap":{"0":{"start":{"line":8,"column":0},"end":{"line":8,"column":15}},"1":{"start":{"line":10,"column":12},"end":{"line":10,"column":21}},"2":{"start":{"line":13,"column":0},"end":{"line":13,"column":16}},"3":{"start":{"line":14,"column":0},"end":{"line":14,"column":24}},"4":{"start":{"line":17,"column":0},"end":{"line":22,"column":66}},"5":{"start":{"line":21,"column":12},"end":{"line":21,"column":47}},"6":{"start":{"line":22,"column":14},"end":{"line":22,"column":64}},"7":{"start":{"line":25,"column":0},"end":{"line":25,"column":33}},"8":{"start":{"line":26,"column":0},"end":{"line":26,"column":33}},"9":{"start":{"line":29,"column":13},"end":{"line":29,"column":37}},"10":{"start":{"line":30,"column":0},"end":{"line":32,"column":3}},"11":{"start":{"line":31,"column":2},"end":{"line":31,"column":51}}},"fnMap":{"0":{"name":"(anonymous_0)","decl":{"start":{"line":21,"column":6},"end":{"line":21,"column":7}},"loc":{"start":{"line":21,"column":12},"end":{"line":21,"column":47}},"line":21},"1":{"name":"(anonymous_1)","decl":{"start":{"line":22,"column":7},"end":{"line":22,"column":8}},"loc":{"start":{"line":22,"column":14},"end":{"line":22,"column":64}},"line":22},"2":{"name":"(anonymous_2)","decl":{"start":{"line":30,"column":17},"end":{"line":30,"column":18}},"loc":{"start":{"line":30,"column":23},"end":{"line":32,"column":1}},"line":30}},"branchMap":{"0":{"loc":{"start":{"line":29,"column":13},"end":{"line":29,"column":37}},"type":"binary-expr","locations":[{"start":{"line":29,"column":13},"end":{"line":29,"column":29}},{"start":{"line":29,"column":33},"end":{"line":29,"column":37}}],"line":29}},"s":{"0":0,"1":0,"2":0,"3":0,"4":0,"5":0,"6":0,"7":0,"8":0,"9":0,"10":0,"11":0},"f":{"0":0,"1":0,"2":0},"b":{"0":[0,0]}}
,"E:\\ClearView_WebApplication_Latest\\ClearView_CVBUN\\src\\User_backend\\config\\db.js": {"path":"E:\\ClearView_WebApplication_Latest\\ClearView_CVBUN\\src\\User_backend\\config\\db.js","statementMap":{"0":{"start":{"line":4,"column":0},"end":{"line":4,"column":16}},"1":{"start":{"line":6,"column":18},"end":{"line":6,"column":39}},"2":{"start":{"line":7,"column":0},"end":{"line":9,"column":1}},"3":{"start":{"line":8,"column":2},"end":{"line":8,"column":72}},"4":{"start":{"line":11,"column":18},"end":{"line":24,"column":1}},"5":{"start":{"line":12,"column":2},"end":{"line":15,"column":3}},"6":{"start":{"line":13,"column":4},"end":{"line":13,"column":49}},"7":{"start":{"line":14,"column":4},"end":{"line":14,"column":11}},"8":{"start":{"line":17,"column":2},"end":{"line":23,"column":3}},"9":{"start":{"line":18,"column":4},"end":{"line":18,"column":38}},"10":{"start":{"line":19,"column":4},"end":{"line":19,"column":37}},"11":{"start":{"line":21,"column":4},"end":{"line":21,"column":52}},"12":{"start":{"line":22,"column":4},"end":{"line":22,"column":50}}},"fnMap":{"0":{"name":"(anonymous_0)","decl":{"start":{"line":11,"column":18},"end":{"line":11,"column":19}},"loc":{"start":{"line":11,"column":30},"end":{"line":24,"column":1}},"line":11}},"branchMap":{"0":{"loc":{"start":{"line":7,"column":0},"end":{"line":9,"column":1}},"type":"if","locations":[{"start":{"line":7,"column":0},"end":{"line":9,"column":1}},{"start":{},"end":{}}],"line":7},"1":{"loc":{"start":{"line":12,"column":2},"end":{"line":15,"column":3}},"type":"if","locations":[{"start":{"line":12,"column":2},"end":{"line":15,"column":3}},{"start":{},"end":{}}],"line":12}},"s":{"0":0,"1":0,"2":0,"3":0,"4":0,"5":0,"6":0,"7":0,"8":0,"9":0,"10":0,"11":0,"12":0},"f":{"0":0},"b":{"0":[0,0],"1":[0,0]}}
,"E:\\ClearView_WebApplication_Latest\\ClearView_CVBUN\\src\\User_backend\\middleware\\auth.js": {"path":"E:\\ClearView_WebApplication_Latest\\ClearView_CVBUN\\src\\User_backend\\middleware\\auth.js","statementMap":{"0":{"start":{"line":3,"column":13},"end":{"line":16,"column":1}},"1":{"start":{"line":4,"column":16},"end":{"line":4,"column":67}},"2":{"start":{"line":5,"column":2},"end":{"line":5,"column":70}},"3":{"start":{"line":5,"column":14},"end":{"line":5,"column":70}},"4":{"start":{"line":7,"column":2},"end":{"line":15,"column":3}},"5":{"start":{"line":8,"column":20},"end":{"line":8,"column":56}},"6":{"start":{"line":9,"column":4},"end":{"line":9,"column":24}},"7":{"start":{"line":10,"column":4},"end":{"line":10,"column":32}},"8":{"start":{"line":11,"column":4},"end":{"line":11,"column":27}},"9":{"start":{"line":12,"column":4},"end":{"line":12,"column":11}},"10":{"start":{"line":14,"column":4},"end":{"line":14,"column":53}}},"fnMap":{"0":{"name":"(anonymous_0)","decl":{"start":{"line":3,"column":13},"end":{"line":3,"column":14}},"loc":{"start":{"line":3,"column":33},"end":{"line":16,"column":1}},"line":3}},"branchMap":{"0":{"loc":{"start":{"line":5,"column":2},"end":{"line":5,"column":70}},"type":"if","locations":[{"start":{"line":5,"column":2},"end":{"line":5,"column":70}},{"start":{},"end":{}}],"line":5}},"s":{"0":0,"1":0,"2":0,"3":0,"4":0,"5":0,"6":0,"7":0,"8":0,"9":0,"10":0},"f":{"0":0},"b":{"0":[0,0]}}
,"E:\\ClearView_WebApplication_Latest\\ClearView_CVBUN\\src\\User_backend\\models\\User.js": {"path":"E:\\ClearView_WebApplication_Latest\\ClearView_CVBUN\\src\\User_backend\\models\\User.js","statementMap":{"0":{"start":{"line":4,"column":19},"end":{"line":21,"column":2}},"1":{"start":{"line":24,"column":0},"end":{"line":29,"column":3}},"2":{"start":{"line":25,"column":2},"end":{"line":27,"column":3}},"3":{"start":{"line":26,"column":4},"end":{"line":26,"column":57}},"4":{"start":{"line":28,"column":2},"end":{"line":28,"column":9}}},"fnMap":{"0":{"name":"(anonymous_0)","decl":{"start":{"line":24,"column":23},"end":{"line":24,"column":24}},"loc":{"start":{"line":24,"column":45},"end":{"line":29,"column":1}},"line":24}},"branchMap":{"0":{"loc":{"start":{"line":25,"column":2},"end":{"line":27,"column":3}},"type":"if","locations":[{"start":{"line":25,"column":2},"end":{"line":27,"column":3}},{"start":{},"end":{}}],"line":25}},"s":{"0":0,"1":0,"2":0,"3":0,"4":0},"f":{"0":0},"b":{"0":[0,0]}}
,"E:\\ClearView_WebApplication_Latest\\ClearView_CVBUN\\src\\User_backend\\routes\\auth.js": {"path":"E:\\ClearView_WebApplication_Latest\\ClearView_CVBUN\\src\\User_backend\\routes\\auth.js","statementMap":{"0":{"start":{"line":7,"column":15},"end":{"line":7,"column":31}},"1":{"start":{"line":10,"column":0},"end":{"line":24,"column":3}},"2":{"start":{"line":11,"column":2},"end":{"line":23,"column":3}},"3":{"start":{"line":12,"column":17},"end":{"line":12,"column":48}},"4":{"start":{"line":13,"column":4},"end":{"line":15,"column":5}},"5":{"start":{"line":14,"column":6},"end":{"line":14,"column":65}},"6":{"start":{"line":19,"column":4},"end":{"line":19,"column":19}},"7":{"start":{"line":21,"column":4},"end":{"line":21,"column":25}},"8":{"start":{"line":22,"column":4},"end":{"line":22,"column":73}},"9":{"start":{"line":27,"column":0},"end":{"line":39,"column":3}},"10":{"start":{"line":28,"column":2},"end":{"line":38,"column":3}},"11":{"start":{"line":29,"column":42},"end":{"line":29,"column":50}},"12":{"start":{"line":30,"column":25},"end":{"line":30,"column":54}},"13":{"start":{"line":31,"column":4},"end":{"line":31,"column":85}},"14":{"start":{"line":31,"column":22},"end":{"line":31,"column":85}},"15":{"start":{"line":32,"column":17},"end":{"line":32,"column":56}},"16":{"start":{"line":33,"column":4},"end":{"line":33,"column":22}},"17":{"start":{"line":34,"column":18},"end":{"line":34,"column":88}},"18":{"start":{"line":35,"column":4},"end":{"line":35,"column":66}},"19":{"start":{"line":37,"column":4},"end":{"line":37,"column":49}},"20":{"start":{"line":42,"column":0},"end":{"line":54,"column":3}},"21":{"start":{"line":43,"column":2},"end":{"line":53,"column":3}},"22":{"start":{"line":44,"column":32},"end":{"line":44,"column":40}},"23":{"start":{"line":45,"column":17},"end":{"line":45,"column":46}},"24":{"start":{"line":46,"column":4},"end":{"line":46,"column":49}},"25":{"start":{"line":46,"column":15},"end":{"line":46,"column":49}},"26":{"start":{"line":47,"column":20},"end":{"line":47,"column":65}},"27":{"start":{"line":48,"column":4},"end":{"line":48,"column":57}},"28":{"start":{"line":48,"column":18},"end":{"line":48,"column":57}},"29":{"start":{"line":49,"column":18},"end":{"line":49,"column":88}},"30":{"start":{"line":50,"column":4},"end":{"line":50,"column":54}},"31":{"start":{"line":52,"column":4},"end":{"line":52,"column":49}},"32":{"start":{"line":57,"column":0},"end":{"line":59,"column":3}},"33":{"start":{"line":58,"column":2},"end":{"line":58,"column":45}}},"fnMap":{"0":{"name":"(anonymous_0)","decl":{"start":{"line":10,"column":34},"end":{"line":10,"column":35}},"loc":{"start":{"line":10,"column":54},"end":{"line":24,"column":1}},"line":10},"1":{"name":"(anonymous_1)","decl":{"start":{"line":27,"column":23},"end":{"line":27,"column":24}},"loc":{"start":{"line":27,"column":43},"end":{"line":39,"column":1}},"line":27},"2":{"name":"(anonymous_2)","decl":{"start":{"line":42,"column":22},"end":{"line":42,"column":23}},"loc":{"start":{"line":42,"column":42},"end":{"line":54,"column":1}},"line":42},"3":{"name":"(anonymous_3)","decl":{"start":{"line":57,"column":23},"end":{"line":57,"column":24}},"loc":{"start":{"line":57,"column":37},"end":{"line":59,"column":1}},"line":57}},"branchMap":{"0":{"loc":{"start":{"line":13,"column":4},"end":{"line":15,"column":5}},"type":"if","locations":[{"start":{"line":13,"column":4},"end":{"line":15,"column":5}},{"start":{},"end":{}}],"line":13},"1":{"loc":{"start":{"line":31,"column":4},"end":{"line":31,"column":85}},"type":"if","locations":[{"start":{"line":31,"column":4},"end":{"line":31,"column":85}},{"start":{},"end":{}}],"line":31},"2":{"loc":{"start":{"line":46,"column":4},"end":{"line":46,"column":49}},"type":"if","locations":[{"start":{"line":46,"column":4},"end":{"line":46,"column":49}},{"start":{},"end":{}}],"line":46},"3":{"loc":{"start":{"line":48,"column":4},"end":{"line":48,"column":57}},"type":"if","locations":[{"start":{"line":48,"column":4},"end":{"line":48,"column":57}},{"start":{},"end":{}}],"line":48}},"s":{"0":0,"1":0,"2":0,"3":0,"4":0,"5":0,"6":0,"7":0,"8":0,"9":0,"10":0,"11":0,"12":0,"13":0,"14":0,"15":0,"16":0,"17":0,"18":0,"19":0,"20":0,"21":0,"22":0,"23":0,"24":0,"25":0,"26":0,"27":0,"28":0,"29":0,"30":0,"31":0,"32":0,"33":0},"f":{"0":0,"1":0,"2":0,"3":0},"b":{"0":[0,0],"1":[0,0],"2":[0,0],"3":[0,0]}}
,"E:\\ClearView_WebApplication_Latest\\ClearView_CVBUN\\src\\User_backend\\routes\\user.js": {"path":"E:\\ClearView_WebApplication_Latest\\ClearView_CVBUN\\src\\User_backend\\routes\\user.js","statementMap":{"0":{"start":{"line":6,"column":15},"end":{"line":6,"column":31}},"1":{"start":{"line":9,"column":0},"end":{"line":69,"column":3}},"2":{"start":{"line":10,"column":26},"end":{"line":10,"column":34}},"3":{"start":{"line":11,"column":17},"end":{"line":11,"column":27}},"4":{"start":{"line":14,"column":2},"end":{"line":19,"column":3}},"5":{"start":{"line":15,"column":4},"end":{"line":18,"column":7}},"6":{"start":{"line":21,"column":2},"end":{"line":68,"column":3}},"7":{"start":{"line":23,"column":27},"end":{"line":23,"column":52}},"8":{"start":{"line":24,"column":4},"end":{"line":31,"column":5}},"9":{"start":{"line":25,"column":6},"end":{"line":30,"column":7}},"10":{"start":{"line":26,"column":8},"end":{"line":29,"column":11}},"11":{"start":{"line":33,"column":24},"end":{"line":40,"column":27}},"12":{"start":{"line":42,"column":4},"end":{"line":44,"column":5}},"13":{"start":{"line":43,"column":6},"end":{"line":43,"column":63}},"14":{"start":{"line":47,"column":4},"end":{"line":51,"column":7}},"15":{"start":{"line":54,"column":4},"end":{"line":54,"column":40}},"16":{"start":{"line":57,"column":4},"end":{"line":62,"column":5}},"17":{"start":{"line":58,"column":6},"end":{"line":61,"column":9}},"18":{"start":{"line":60,"column":52},"end":{"line":60,"column":61}},"19":{"start":{"line":64,"column":4},"end":{"line":67,"column":7}},"20":{"start":{"line":72,"column":0},"end":{"line":93,"column":3}},"21":{"start":{"line":73,"column":17},"end":{"line":73,"column":27}},"22":{"start":{"line":74,"column":20},"end":{"line":74,"column":33}},"23":{"start":{"line":76,"column":2},"end":{"line":92,"column":3}},"24":{"start":{"line":77,"column":17},"end":{"line":77,"column":44}},"25":{"start":{"line":79,"column":4},"end":{"line":89,"column":5}},"26":{"start":{"line":81,"column":6},"end":{"line":81,"column":41}},"27":{"start":{"line":84,"column":6},"end":{"line":84,"column":24}},"28":{"start":{"line":85,"column":6},"end":{"line":85,"column":60}},"29":{"start":{"line":88,"column":6},"end":{"line":88,"column":69}},"30":{"start":{"line":91,"column":4},"end":{"line":91,"column":49}},"31":{"start":{"line":96,"column":0},"end":{"line":117,"column":3}},"32":{"start":{"line":97,"column":17},"end":{"line":97,"column":27}},"33":{"start":{"line":98,"column":18},"end":{"line":98,"column":31}},"34":{"start":{"line":100,"column":2},"end":{"line":116,"column":3}},"35":{"start":{"line":101,"column":17},"end":{"line":101,"column":44}},"36":{"start":{"line":103,"column":4},"end":{"line":113,"column":5}},"37":{"start":{"line":105,"column":6},"end":{"line":105,"column":37}},"38":{"start":{"line":108,"column":6},"end":{"line":108,"column":24}},"39":{"start":{"line":109,"column":6},"end":{"line":109,"column":58}},"40":{"start":{"line":112,"column":6},"end":{"line":112,"column":67}},"41":{"start":{"line":115,"column":4},"end":{"line":115,"column":49}},"42":{"start":{"line":120,"column":0},"end":{"line":193,"column":3}},"43":{"start":{"line":121,"column":2},"end":{"line":192,"column":3}},"44":{"start":{"line":122,"column":22},"end":{"line":122,"column":35}},"45":{"start":{"line":123,"column":21},"end":{"line":123,"column":29}},"46":{"start":{"line":124,"column":19},"end":{"line":124,"column":29}},"47":{"start":{"line":127,"column":4},"end":{"line":129,"column":5}},"48":{"start":{"line":128,"column":6},"end":{"line":128,"column":73}},"49":{"start":{"line":132,"column":17},"end":{"line":132,"column":44}},"50":{"start":{"line":134,"column":4},"end":{"line":136,"column":5}},"51":{"start":{"line":135,"column":6},"end":{"line":135,"column":63}},"52":{"start":{"line":139,"column":4},"end":{"line":141,"column":5}},"53":{"start":{"line":140,"column":6},"end":{"line":140,"column":25}},"54":{"start":{"line":143,"column":4},"end":{"line":146,"column":7}},"55":{"start":{"line":148,"column":4},"end":{"line":148,"column":22}},"56":{"start":{"line":149,"column":4},"end":{"line":149,"column":30}},"57":{"start":{"line":152,"column":4},"end":{"line":184,"column":5}},"58":{"start":{"line":153,"column":23},"end":{"line":163,"column":8}},"59":{"start":{"line":165,"column":6},"end":{"line":167,"column":7}},"60":{"start":{"line":166,"column":8},"end":{"line":166,"column":75}},"61":{"start":{"line":169,"column":29},"end":{"line":169,"column":50}},"62":{"start":{"line":171,"column":6},"end":{"line":175,"column":9}},"63":{"start":{"line":177,"column":6},"end":{"line":177,"column":69}},"64":{"start":{"line":179,"column":6},"end":{"line":183,"column":9}},"65":{"start":{"line":186,"column":4},"end":{"line":186,"column":50}},"66":{"start":{"line":187,"column":4},"end":{"line":191,"column":7}}},"fnMap":{"0":{"name":"(anonymous_0)","decl":{"start":{"line":9,"column":33},"end":{"line":9,"column":34}},"loc":{"start":{"line":9,"column":53},"end":{"line":69,"column":1}},"line":9},"1":{"name":"(anonymous_1)","decl":{"start":{"line":60,"column":47},"end":{"line":60,"column":48}},"loc":{"start":{"line":60,"column":52},"end":{"line":60,"column":61}},"line":60},"2":{"name":"(anonymous_2)","decl":{"start":{"line":72,"column":40},"end":{"line":72,"column":41}},"loc":{"start":{"line":72,"column":60},"end":{"line":93,"column":1}},"line":72},"3":{"name":"(anonymous_3)","decl":{"start":{"line":96,"column":38},"end":{"line":96,"column":39}},"loc":{"start":{"line":96,"column":58},"end":{"line":117,"column":1}},"line":96},"4":{"name":"(anonymous_4)","decl":{"start":{"line":120,"column":43},"end":{"line":120,"column":44}},"loc":{"start":{"line":120,"column":63},"end":{"line":193,"column":1}},"line":120}},"branchMap":{"0":{"loc":{"start":{"line":14,"column":2},"end":{"line":19,"column":3}},"type":"if","locations":[{"start":{"line":14,"column":2},"end":{"line":19,"column":3}},{"start":{},"end":{}}],"line":14},"1":{"loc":{"start":{"line":14,"column":6},"end":{"line":14,"column":53}},"type":"binary-expr","locations":[{"start":{"line":14,"column":6},"end":{"line":14,"column":18}},{"start":{"line":14,"column":22},"end":{"line":14,"column":53}}],"line":14},"2":{"loc":{"start":{"line":25,"column":6},"end":{"line":30,"column":7}},"type":"if","locations":[{"start":{"line":25,"column":6},"end":{"line":30,"column":7}},{"start":{},"end":{}}],"line":25},"3":{"loc":{"start":{"line":42,"column":4},"end":{"line":44,"column":5}},"type":"if","locations":[{"start":{"line":42,"column":4},"end":{"line":44,"column":5}},{"start":{},"end":{}}],"line":42},"4":{"loc":{"start":{"line":57,"column":4},"end":{"line":62,"column":5}},"type":"if","locations":[{"start":{"line":57,"column":4},"end":{"line":62,"column":5}},{"start":{},"end":{}}],"line":57},"5":{"loc":{"start":{"line":79,"column":4},"end":{"line":89,"column":5}},"type":"if","locations":[{"start":{"line":79,"column":4},"end":{"line":89,"column":5}},{"start":{"line":87,"column":9},"end":{"line":89,"column":5}}],"line":79},"6":{"loc":{"start":{"line":103,"column":4},"end":{"line":113,"column":5}},"type":"if","locations":[{"start":{"line":103,"column":4},"end":{"line":113,"column":5}},{"start":{"line":111,"column":9},"end":{"line":113,"column":5}}],"line":103},"7":{"loc":{"start":{"line":127,"column":4},"end":{"line":129,"column":5}},"type":"if","locations":[{"start":{"line":127,"column":4},"end":{"line":129,"column":5}},{"start":{},"end":{}}],"line":127},"8":{"loc":{"start":{"line":127,"column":8},"end":{"line":127,"column":29}},"type":"binary-expr","locations":[{"start":{"line":127,"column":8},"end":{"line":127,"column":13}},{"start":{"line":127,"column":17},"end":{"line":127,"column":29}}],"line":127},"9":{"loc":{"start":{"line":134,"column":4},"end":{"line":136,"column":5}},"type":"if","locations":[{"start":{"line":134,"column":4},"end":{"line":136,"column":5}},{"start":{},"end":{}}],"line":134},"10":{"loc":{"start":{"line":139,"column":4},"end":{"line":141,"column":5}},"type":"if","locations":[{"start":{"line":139,"column":4},"end":{"line":141,"column":5}},{"start":{},"end":{}}],"line":139},"11":{"loc":{"start":{"line":165,"column":6},"end":{"line":167,"column":7}},"type":"if","locations":[{"start":{"line":165,"column":6},"end":{"line":167,"column":7}},{"start":{},"end":{}}],"line":165}},"s":{"0":0,"1":0,"2":0,"3":0,"4":0,"5":0,"6":0,"7":0,"8":0,"9":0,"10":0,"11":0,"12":0,"13":0,"14":0,"15":0,"16":0,"17":0,"18":0,"19":0,"20":0,"21":0,"22":0,"23":0,"24":0,"25":0,"26":0,"27":0,"28":0,"29":0,"30":0,"31":0,"32":0,"33":0,"34":0,"35":0,"36":0,"37":0,"38":0,"39":0,"40":0,"41":0,"42":0,"43":0,"44":0,"45":0,"46":0,"47":0,"48":0,"49":0,"50":0,"51":0,"52":0,"53":0,"54":0,"55":0,"56":0,"57":0,"58":0,"59":0,"60":0,"61":0,"62":0,"63":0,"64":0,"65":0,"66":0},"f":{"0":0,"1":0,"2":0,"3":0,"4":0},"b":{"0":[0,0],"1":[0,0],"2":[0,0],"3":[0,0],"4":[0,0],"5":[0,0],"6":[0,0],"7":[0,0],"8":[0,0],"9":[0,0],"10":[0,0],"11":[0,0]}}
,"E:\\ClearView_WebApplication_Latest\\ClearView_CVBUN\\src\\api\\newsapi.ts": {"path":"E:\\ClearView_WebApplication_Latest\\ClearView_CVBUN\\src\\api\\newsapi.ts","statementMap":{"0":{"start":{"line":1,"column":17},"end":{"line":1,"column":40}},"1":{"start":{"line":4,"column":4},"end":{"line":14,"column":5}},"2":{"start":{"line":5,"column":25},"end":{"line":5,"column":56}},"3":{"start":{"line":6,"column":8},"end":{"line":8,"column":9}},"4":{"start":{"line":7,"column":12},"end":{"line":7,"column":52}},"5":{"start":{"line":9,"column":21},"end":{"line":9,"column":42}},"6":{"start":{"line":10,"column":8},"end":{"line":10,"column":20}},"7":{"start":{"line":12,"column":8},"end":{"line":12,"column":53}},"8":{"start":{"line":13,"column":8},"end":{"line":13,"column":18}}},"fnMap":{"0":{"name":"fetchNews","decl":{"start":{"line":3,"column":22},"end":{"line":3,"column":31}},"loc":{"start":{"line":3,"column":34},"end":{"line":15,"column":1}},"line":3}},"branchMap":{"0":{"loc":{"start":{"line":6,"column":8},"end":{"line":8,"column":9}},"type":"if","locations":[{"start":{"line":6,"column":8},"end":{"line":8,"column":9}},{"start":{},"end":{}}],"line":6}},"s":{"0":0,"1":0,"2":0,"3":0,"4":0,"5":0,"6":0,"7":0,"8":0},"f":{"0":0},"b":{"0":[0,0]}}
,"E:\\ClearView_WebApplication_Latest\\ClearView_CVBUN\\src\\chatbot\\copydata.js": {"path":"E:\\ClearView_WebApplication_Latest\\ClearView_CVBUN\\src\\chatbot\\copydata.js","statementMap":{"0":{"start":{"line":5,"column":0},"end":{"line":5,"column":16}},"1":{"start":{"line":8,"column":0},"end":{"line":13,"column":63}},"2":{"start":{"line":12,"column":12},"end":{"line":12,"column":47}},"3":{"start":{"line":13,"column":14},"end":{"line":13,"column":61}},"4":{"start":{"line":16,"column":22},"end":{"line":29,"column":2}},"5":{"start":{"line":32,"column":19},"end":{"line":35,"column":2}},"6":{"start":{"line":38,"column":16},"end":{"line":38,"column":56}},"7":{"start":{"line":39,"column":13},"end":{"line":39,"column":47}},"8":{"start":{"line":42,"column":17},"end":{"line":57,"column":1}},"9":{"start":{"line":43,"column":2},"end":{"line":56,"column":3}},"10":{"start":{"line":45,"column":21},"end":{"line":45,"column":77}},"11":{"start":{"line":48,"column":4},"end":{"line":48,"column":36}},"12":{"start":{"line":50,"column":4},"end":{"line":50,"column":45}},"13":{"start":{"line":52,"column":4},"end":{"line":52,"column":48}},"14":{"start":{"line":55,"column":4},"end":{"line":55,"column":32}},"15":{"start":{"line":60,"column":0},"end":{"line":60,"column":11}}},"fnMap":{"0":{"name":"(anonymous_0)","decl":{"start":{"line":12,"column":6},"end":{"line":12,"column":7}},"loc":{"start":{"line":12,"column":12},"end":{"line":12,"column":47}},"line":12},"1":{"name":"(anonymous_1)","decl":{"start":{"line":13,"column":7},"end":{"line":13,"column":8}},"loc":{"start":{"line":13,"column":14},"end":{"line":13,"column":61}},"line":13},"2":{"name":"(anonymous_2)","decl":{"start":{"line":42,"column":17},"end":{"line":42,"column":18}},"loc":{"start":{"line":42,"column":29},"end":{"line":57,"column":1}},"line":42}},"branchMap":{},"s":{"0":0,"1":0,"2":0,"3":0,"4":0,"5":0,"6":0,"7":0,"8":0,"9":0,"10":0,"11":0,"12":0,"13":0,"14":0,"15":0},"f":{"0":0,"1":0,"2":0},"b":{}}
,"E:\\ClearView_WebApplication_Latest\\ClearView_CVBUN\\src\\chatbot\\server.js": {"path":"E:\\ClearView_WebApplication_Latest\\ClearView_CVBUN\\src\\chatbot\\server.js","statementMap":{"0":{"start":{"line":245,"column":0},"end":{"line":245,"column":16}},"1":{"start":{"line":247,"column":0},"end":{"line":247,"column":53}},"2":{"start":{"line":249,"column":12},"end":{"line":249,"column":21}},"3":{"start":{"line":250,"column":13},"end":{"line":250,"column":37}},"4":{"start":{"line":253,"column":0},"end":{"line":253,"column":16}},"5":{"start":{"line":254,"column":0},"end":{"line":254,"column":24}},"6":{"start":{"line":257,"column":0},"end":{"line":262,"column":65}},"7":{"start":{"line":261,"column":14},"end":{"line":261,"column":49}},"8":{"start":{"line":262,"column":16},"end":{"line":262,"column":63}},"9":{"start":{"line":265,"column":19},"end":{"line":268,"column":2}},"10":{"start":{"line":271,"column":0},"end":{"line":271,"column":53}},"11":{"start":{"line":273,"column":13},"end":{"line":273,"column":47}},"12":{"start":{"line":276,"column":13},"end":{"line":278,"column":2}},"13":{"start":{"line":281,"column":0},"end":{"line":318,"column":3}},"14":{"start":{"line":282,"column":23},"end":{"line":282,"column":31}},"15":{"start":{"line":284,"column":2},"end":{"line":317,"column":3}},"16":{"start":{"line":286,"column":25},"end":{"line":289,"column":54}},"17":{"start":{"line":291,"column":4},"end":{"line":291,"column":56}},"18":{"start":{"line":294,"column":28},"end":{"line":297,"column":7}},"19":{"start":{"line":294,"column":57},"end":{"line":297,"column":5}},"20":{"start":{"line":299,"column":19},"end":{"line":299,"column":128}},"21":{"start":{"line":301,"column":18},"end":{"line":301,"column":73}},"22":{"start":{"line":301,"column":26},"end":{"line":301,"column":73}},"23":{"start":{"line":301,"column":49},"end":{"line":301,"column":72}},"24":{"start":{"line":304,"column":4},"end":{"line":304,"column":22}},"25":{"start":{"line":307,"column":21},"end":{"line":310,"column":6}},"26":{"start":{"line":312,"column":4},"end":{"line":312,"column":69}},"27":{"start":{"line":313,"column":4},"end":{"line":313,"column":62}},"28":{"start":{"line":315,"column":4},"end":{"line":315,"column":35}},"29":{"start":{"line":316,"column":4},"end":{"line":316,"column":60}},"30":{"start":{"line":321,"column":0},"end":{"line":323,"column":3}},"31":{"start":{"line":322,"column":2},"end":{"line":322,"column":60}}},"fnMap":{"0":{"name":"(anonymous_0)","decl":{"start":{"line":261,"column":8},"end":{"line":261,"column":9}},"loc":{"start":{"line":261,"column":14},"end":{"line":261,"column":49}},"line":261},"1":{"name":"(anonymous_1)","decl":{"start":{"line":262,"column":9},"end":{"line":262,"column":10}},"loc":{"start":{"line":262,"column":16},"end":{"line":262,"column":63}},"line":262},"2":{"name":"(anonymous_2)","decl":{"start":{"line":281,"column":25},"end":{"line":281,"column":26}},"loc":{"start":{"line":281,"column":45},"end":{"line":318,"column":1}},"line":281},"3":{"name":"(anonymous_3)","decl":{"start":{"line":294,"column":45},"end":{"line":294,"column":46}},"loc":{"start":{"line":294,"column":57},"end":{"line":297,"column":5}},"line":294},"4":{"name":"(anonymous_4)","decl":{"start":{"line":301,"column":18},"end":{"line":301,"column":19}},"loc":{"start":{"line":301,"column":26},"end":{"line":301,"column":73}},"line":301},"5":{"name":"(anonymous_5)","decl":{"start":{"line":301,"column":38},"end":{"line":301,"column":39}},"loc":{"start":{"line":301,"column":49},"end":{"line":301,"column":72}},"line":301},"6":{"name":"(anonymous_6)","decl":{"start":{"line":321,"column":17},"end":{"line":321,"column":18}},"loc":{"start":{"line":321,"column":23},"end":{"line":323,"column":1}},"line":321}},"branchMap":{"0":{"loc":{"start":{"line":250,"column":13},"end":{"line":250,"column":37}},"type":"binary-expr","locations":[{"start":{"line":250,"column":13},"end":{"line":250,"column":29}},{"start":{"line":250,"column":33},"end":{"line":250,"column":37}}],"line":250}},"s":{"0":0,"1":0,"2":0,"3":0,"4":0,"5":0,"6":0,"7":0,"8":0,"9":0,"10":0,"11":0,"12":0,"13":0,"14":0,"15":0,"16":0,"17":0,"18":0,"19":0,"20":0,"21":0,"22":0,"23":0,"24":0,"25":0,"26":0,"27":0,"28":0,"29":0,"30":0,"31":0},"f":{"0":0,"1":0,"2":0,"3":0,"4":0,"5":0,"6":0},"b":{"0":[0,0]}}
,"E:\\ClearView_WebApplication_Latest\\ClearView_CVBUN\\src\\components\\ArticleCard.tsx": {"path":"E:\\ClearView_WebApplication_Latest\\ClearView_CVBUN\\src\\components\\ArticleCard.tsx","statementMap":{"0":{"start":{"line":139,"column":20},"end":{"line":404,"column":1}},"1":{"start":{"line":140,"column":38},"end":{"line":140,"column":53}},"2":{"start":{"line":144,"column":23},"end":{"line":146,"column":3}},"3":{"start":{"line":145,"column":4},"end":{"line":145,"column":31}},"4":{"start":{"line":189,"column":34},"end":{"line":300,"column":3}},"5":{"start":{"line":190,"column":4},"end":{"line":190,"column":41}},"6":{"start":{"line":190,"column":29},"end":{"line":190,"column":41}},"7":{"start":{"line":192,"column":28},"end":{"line":223,"column":5}},"8":{"start":{"line":225,"column":29},"end":{"line":228,"column":5}},"9":{"start":{"line":226,"column":27},"end":{"line":226,"column":82}},"10":{"start":{"line":231,"column":6},"end":{"line":236,"column":26}},"11":{"start":{"line":232,"column":38},"end":{"line":232,"column":59}},"12":{"start":{"line":233,"column":33},"end":{"line":233,"column":88}},"13":{"start":{"line":234,"column":38},"end":{"line":234,"column":60}},"14":{"start":{"line":238,"column":4},"end":{"line":299,"column":6}},"15":{"start":{"line":243,"column":32},"end":{"line":243,"column":61}},"16":{"start":{"line":244,"column":36},"end":{"line":244,"column":93}},"17":{"start":{"line":245,"column":33},"end":{"line":245,"column":63}},"18":{"start":{"line":246,"column":14},"end":{"line":287,"column":16}},"19":{"start":{"line":302,"column":2},"end":{"line":403,"column":4}},"20":{"start":{"line":373,"column":27},"end":{"line":373,"column":45}},"21":{"start":{"line":393,"column":27},"end":{"line":393,"column":46}}},"fnMap":{"0":{"name":"(anonymous_0)","decl":{"start":{"line":139,"column":20},"end":{"line":139,"column":21}},"loc":{"start":{"line":139,"column":124},"end":{"line":404,"column":1}},"line":139},"1":{"name":"(anonymous_1)","decl":{"start":{"line":144,"column":23},"end":{"line":144,"column":24}},"loc":{"start":{"line":144,"column":29},"end":{"line":146,"column":3}},"line":144},"2":{"name":"(anonymous_2)","decl":{"start":{"line":189,"column":34},"end":{"line":189,"column":35}},"loc":{"start":{"line":189,"column":40},"end":{"line":300,"column":3}},"line":189},"3":{"name":"(anonymous_3)","decl":{"start":{"line":226,"column":6},"end":{"line":226,"column":7}},"loc":{"start":{"line":226,"column":27},"end":{"line":226,"column":82}},"line":226},"4":{"name":"(anonymous_4)","decl":{"start":{"line":232,"column":33},"end":{"line":232,"column":34}},"loc":{"start":{"line":232,"column":38},"end":{"line":232,"column":59}},"line":232},"5":{"name":"(anonymous_5)","decl":{"start":{"line":233,"column":12},"end":{"line":233,"column":13}},"loc":{"start":{"line":233,"column":33},"end":{"line":233,"column":88}},"line":233},"6":{"name":"(anonymous_6)","decl":{"start":{"line":234,"column":33},"end":{"line":234,"column":34}},"loc":{"start":{"line":234,"column":38},"end":{"line":234,"column":60}},"line":234},"7":{"name":"(anonymous_7)","decl":{"start":{"line":242,"column":33},"end":{"line":242,"column":34}},"loc":{"start":{"line":242,"column":46},"end":{"line":288,"column":13}},"line":242},"8":{"name":"(anonymous_8)","decl":{"start":{"line":373,"column":21},"end":{"line":373,"column":22}},"loc":{"start":{"line":373,"column":27},"end":{"line":373,"column":45}},"line":373},"9":{"name":"(anonymous_9)","decl":{"start":{"line":393,"column":21},"end":{"line":393,"column":22}},"loc":{"start":{"line":393,"column":27},"end":{"line":393,"column":46}},"line":393}},"branchMap":{"0":{"loc":{"start":{"line":190,"column":4},"end":{"line":190,"column":41}},"type":"if","locations":[{"start":{"line":190,"column":4},"end":{"line":190,"column":41}},{"start":{},"end":{}}],"line":190},"1":{"loc":{"start":{"line":226,"column":27},"end":{"line":226,"column":82}},"type":"cond-expr","locations":[{"start":{"line":226,"column":67},"end":{"line":226,"column":76}},{"start":{"line":226,"column":79},"end":{"line":226,"column":82}}],"line":226},"2":{"loc":{"start":{"line":231,"column":6},"end":{"line":236,"column":26}},"type":"cond-expr","locations":[{"start":{"line":232,"column":10},"end":{"line":235,"column":11}},{"start":{"line":236,"column":10},"end":{"line":236,"column":26}}],"line":231},"3":{"loc":{"start":{"line":231,"column":6},"end":{"line":231,"column":79}},"type":"binary-expr","locations":[{"start":{"line":231,"column":6},"end":{"line":231,"column":42}},{"start":{"line":231,"column":46},"end":{"line":231,"column":79}}],"line":231},"4":{"loc":{"start":{"line":233,"column":33},"end":{"line":233,"column":88}},"type":"cond-expr","locations":[{"start":{"line":233,"column":73},"end":{"line":233,"column":82}},{"start":{"line":233,"column":85},"end":{"line":233,"column":88}}],"line":233},"5":{"loc":{"start":{"line":244,"column":36},"end":{"line":244,"column":93}},"type":"binary-expr","locations":[{"start":{"line":244,"column":36},"end":{"line":244,"column":46}},{"start":{"line":244,"column":51},"end":{"line":244,"column":60}},{"start":{"line":244,"column":64},"end":{"line":244,"column":92}}],"line":244},"6":{"loc":{"start":{"line":254,"column":24},"end":{"line":254,"column":116}},"type":"cond-expr","locations":[{"start":{"line":254,"column":37},"end":{"line":254,"column":59}},{"start":{"line":254,"column":62},"end":{"line":254,"column":116}}],"line":254},"7":{"loc":{"start":{"line":258,"column":32},"end":{"line":258,"column":52}},"type":"cond-expr","locations":[{"start":{"line":258,"column":45},"end":{"line":258,"column":47}},{"start":{"line":258,"column":50},"end":{"line":258,"column":52}}],"line":258},"8":{"loc":{"start":{"line":259,"column":33},"end":{"line":259,"column":53}},"type":"cond-expr","locations":[{"start":{"line":259,"column":46},"end":{"line":259,"column":48}},{"start":{"line":259,"column":51},"end":{"line":259,"column":53}}],"line":259},"9":{"loc":{"start":{"line":260,"column":33},"end":{"line":262,"column":32}},"type":"cond-expr","locations":[{"start":{"line":261,"column":26},"end":{"line":261,"column":90}},{"start":{"line":262,"column":26},"end":{"line":262,"column":32}}],"line":260},"10":{"loc":{"start":{"line":304,"column":7},"end":{"line":317,"column":7}},"type":"binary-expr","locations":[{"start":{"line":304,"column":7},"end":{"line":304,"column":23}},{"start":{"line":305,"column":8},"end":{"line":316,"column":14}}],"line":304},"11":{"loc":{"start":{"line":326,"column":11},"end":{"line":333,"column":11}},"type":"binary-expr","locations":[{"start":{"line":326,"column":11},"end":{"line":326,"column":29}},{"start":{"line":327,"column":12},"end":{"line":332,"column":18}}],"line":326},"12":{"loc":{"start":{"line":341,"column":11},"end":{"line":345,"column":42}},"type":"cond-expr","locations":[{"start":{"line":342,"column":14},"end":{"line":342,"column":33}},{"start":{"line":343,"column":14},"end":{"line":345,"column":42}}],"line":341},"13":{"loc":{"start":{"line":343,"column":14},"end":{"line":345,"column":42}},"type":"cond-expr","locations":[{"start":{"line":344,"column":16},"end":{"line":344,"column":102}},{"start":{"line":345,"column":16},"end":{"line":345,"column":42}}],"line":343},"14":{"loc":{"start":{"line":344,"column":55},"end":{"line":344,"column":100}},"type":"cond-expr","locations":[{"start":{"line":344,"column":90},"end":{"line":344,"column":95}},{"start":{"line":344,"column":98},"end":{"line":344,"column":100}}],"line":344},"15":{"loc":{"start":{"line":346,"column":11},"end":{"line":353,"column":11}},"type":"binary-expr","locations":[{"start":{"line":346,"column":11},"end":{"line":346,"column":30}},{"start":{"line":346,"column":34},"end":{"line":346,"column":66}},{"start":{"line":347,"column":12},"end":{"line":352,"column":21}}],"line":346},"16":{"loc":{"start":{"line":351,"column":15},"end":{"line":351,"column":53}},"type":"cond-expr","locations":[{"start":{"line":351,"column":28},"end":{"line":351,"column":39}},{"start":{"line":351,"column":42},"end":{"line":351,"column":53}}],"line":351},"17":{"loc":{"start":{"line":357,"column":9},"end":{"line":369,"column":9}},"type":"binary-expr","locations":[{"start":{"line":357,"column":9},"end":{"line":357,"column":19}},{"start":{"line":358,"column":12},"end":{"line":368,"column":18}}],"line":357},"18":{"loc":{"start":{"line":361,"column":27},"end":{"line":361,"column":55}},"type":"binary-expr","locations":[{"start":{"line":361,"column":28},"end":{"line":361,"column":49}},{"start":{"line":361,"column":54},"end":{"line":361,"column":55}}],"line":361},"19":{"loc":{"start":{"line":362,"column":28},"end":{"line":362,"column":61}},"type":"binary-expr","locations":[{"start":{"line":362,"column":29},"end":{"line":362,"column":55}},{"start":{"line":362,"column":60},"end":{"line":362,"column":61}}],"line":362},"20":{"loc":{"start":{"line":363,"column":26},"end":{"line":363,"column":56}},"type":"binary-expr","locations":[{"start":{"line":363,"column":27},"end":{"line":363,"column":50}},{"start":{"line":363,"column":55},"end":{"line":363,"column":56}}],"line":363},"21":{"loc":{"start":{"line":364,"column":29},"end":{"line":364,"column":63}},"type":"binary-expr","locations":[{"start":{"line":364,"column":30},"end":{"line":364,"column":57}},{"start":{"line":364,"column":62},"end":{"line":364,"column":63}}],"line":364},"22":{"loc":{"start":{"line":365,"column":28},"end":{"line":365,"column":57}},"type":"binary-expr","locations":[{"start":{"line":365,"column":29},"end":{"line":365,"column":51}},{"start":{"line":365,"column":56},"end":{"line":365,"column":57}}],"line":365}},"s":{"0":1,"1":9,"2":9,"3":0,"4":9,"5":0,"6":0,"7":0,"8":0,"9":0,"10":0,"11":0,"12":0,"13":0,"14":0,"15":0,"16":0,"17":0,"18":0,"19":9,"20":1,"21":1},"f":{"0":9,"1":0,"2":0,"3":0,"4":0,"5":0,"6":0,"7":0,"8":1,"9":1},"b":{"0":[0,0],"1":[0,0],"2":[0,0],"3":[0,0],"4":[0,0],"5":[0,0,0],"6":[0,0],"7":[0,0],"8":[0,0],"9":[0,0],"10":[9,0],"11":[9,1],"12":[0,9],"13":[9,0],"14":[0,9],"15":[9,9,0],"16":[0,0],"17":[9,1],"18":[1,0],"19":[1,1],"20":[1,1],"21":[1,1],"22":[1,0]},"_coverageSchema":"1a1c01bbd47fc00a2c39e90264f33305004495a9","hash":"57f85d6ca4b2410077697ed5af651a5312302e7d"}
,"E:\\ClearView_WebApplication_Latest\\ClearView_CVBUN\\src\\components\\ArticleDetail.tsx": {"path":"E:\\ClearView_WebApplication_Latest\\ClearView_CVBUN\\src\\components\\ArticleDetail.tsx","statementMap":{"0":{"start":{"line":191,"column":22},"end":{"line":659,"column":1}},"1":{"start":{"line":192,"column":17},"end":{"line":192,"column":44}},"2":{"start":{"line":193,"column":32},"end":{"line":193,"column":62}},"3":{"start":{"line":194,"column":32},"end":{"line":194,"column":46}},"4":{"start":{"line":195,"column":28},"end":{"line":195,"column":57}},"5":{"start":{"line":196,"column":42},"end":{"line":196,"column":57}},"6":{"start":{"line":197,"column":58},"end":{"line":203,"column":11}},"7":{"start":{"line":205,"column":40},"end":{"line":205,"column":52}},"8":{"start":{"line":206,"column":42},"end":{"line":206,"column":57}},"9":{"start":{"line":207,"column":22},"end":{"line":207,"column":50}},"10":{"start":{"line":208,"column":19},"end":{"line":208,"column":32}},"11":{"start":{"line":210,"column":21},"end":{"line":272,"column":3}},"12":{"start":{"line":211,"column":4},"end":{"line":271,"column":5}},"13":{"start":{"line":213,"column":20},"end":{"line":213,"column":49}},"14":{"start":{"line":214,"column":21},"end":{"line":214,"column":51}},"15":{"start":{"line":215,"column":6},"end":{"line":222,"column":7}},"16":{"start":{"line":216,"column":8},"end":{"line":220,"column":11}},"17":{"start":{"line":221,"column":8},"end":{"line":221,"column":57}},"18":{"start":{"line":225,"column":6},"end":{"line":225,"column":62}},"19":{"start":{"line":226,"column":23},"end":{"line":237,"column":7}},"20":{"start":{"line":238,"column":6},"end":{"line":238,"column":27}},"21":{"start":{"line":241,"column":6},"end":{"line":268,"column":7}},"22":{"start":{"line":242,"column":25},"end":{"line":244,"column":10}},"23":{"start":{"line":246,"column":8},"end":{"line":246,"column":68}},"24":{"start":{"line":246,"column":26},"end":{"line":246,"column":68}},"25":{"start":{"line":247,"column":31},"end":{"line":247,"column":52}},"26":{"start":{"line":249,"column":8},"end":{"line":253,"column":10}},"27":{"start":{"line":250,"column":10},"end":{"line":252,"column":11}},"28":{"start":{"line":251,"column":12},"end":{"line":251,"column":104}},"29":{"start":{"line":255,"column":8},"end":{"line":255,"column":62}},"30":{"start":{"line":256,"column":8},"end":{"line":260,"column":11}},"31":{"start":{"line":263,"column":8},"end":{"line":267,"column":11}},"32":{"start":{"line":270,"column":6},"end":{"line":270,"column":52}},"33":{"start":{"line":274,"column":22},"end":{"line":282,"column":3}},"34":{"start":{"line":275,"column":16},"end":{"line":275,"column":64}},"35":{"start":{"line":276,"column":4},"end":{"line":276,"column":39}},"36":{"start":{"line":277,"column":4},"end":{"line":281,"column":7}},"37":{"start":{"line":285,"column":25},"end":{"line":290,"column":3}},"38":{"start":{"line":286,"column":27},"end":{"line":286,"column":30}},"39":{"start":{"line":287,"column":22},"end":{"line":287,"column":49}},"40":{"start":{"line":288,"column":24},"end":{"line":288,"column":61}},"41":{"start":{"line":289,"column":4},"end":{"line":289,"column":23}},"42":{"start":{"line":292,"column":2},"end":{"line":315,"column":11}},"43":{"start":{"line":293,"column":25},"end":{"line":310,"column":5}},"44":{"start":{"line":294,"column":6},"end":{"line":309,"column":7}},"45":{"start":{"line":295,"column":8},"end":{"line":295,"column":25}},"46":{"start":{"line":296,"column":25},"end":{"line":296,"column":80}},"47":{"start":{"line":298,"column":8},"end":{"line":300,"column":9}},"48":{"start":{"line":299,"column":10},"end":{"line":299,"column":53}},"49":{"start":{"line":302,"column":21},"end":{"line":302,"column":42}},"50":{"start":{"line":303,"column":8},"end":{"line":303,"column":25}},"51":{"start":{"line":305,"column":8},"end":{"line":305,"column":56}},"52":{"start":{"line":306,"column":8},"end":{"line":306,"column":68}},"53":{"start":{"line":308,"column":8},"end":{"line":308,"column":26}},"54":{"start":{"line":312,"column":4},"end":{"line":314,"column":5}},"55":{"start":{"line":313,"column":6},"end":{"line":313,"column":21}},"56":{"start":{"line":318,"column":2},"end":{"line":324,"column":16}},"57":{"start":{"line":319,"column":4},"end":{"line":323,"column":5}},"58":{"start":{"line":320,"column":6},"end":{"line":322,"column":14}},"59":{"start":{"line":321,"column":8},"end":{"line":321,"column":68}},"60":{"start":{"line":326,"column":25},"end":{"line":328,"column":3}},"61":{"start":{"line":327,"column":4},"end":{"line":327,"column":35}},"62":{"start":{"line":330,"column":30},"end":{"line":402,"column":3}},"63":{"start":{"line":331,"column":4},"end":{"line":331,"column":23}},"64":{"start":{"line":333,"column":4},"end":{"line":333,"column":48}},"65":{"start":{"line":333,"column":41},"end":{"line":333,"column":48}},"66":{"start":{"line":335,"column":4},"end":{"line":401,"column":5}},"67":{"start":{"line":336,"column":6},"end":{"line":336,"column":28}},"68":{"start":{"line":339,"column":20},"end":{"line":339,"column":49}},"69":{"start":{"line":340,"column":21},"end":{"line":340,"column":51}},"70":{"start":{"line":343,"column":6},"end":{"line":350,"column":7}},"71":{"start":{"line":344,"column":8},"end":{"line":348,"column":11}},"72":{"start":{"line":349,"column":8},"end":{"line":349,"column":57}},"73":{"start":{"line":351,"column":6},"end":{"line":351,"column":29}},"74":{"start":{"line":365,"column":23},"end":{"line":377,"column":7}},"75":{"start":{"line":378,"column":6},"end":{"line":378,"column":28}},"76":{"start":{"line":380,"column":6},"end":{"line":382,"column":7}},"77":{"start":{"line":381,"column":8},"end":{"line":381,"column":49}},"78":{"start":{"line":385,"column":29},"end":{"line":385,"column":56}},"79":{"start":{"line":386,"column":6},"end":{"line":386,"column":33}},"80":{"start":{"line":389,"column":6},"end":{"line":389,"column":25}},"81":{"start":{"line":390,"column":6},"end":{"line":394,"column":9}},"82":{"start":{"line":397,"column":6},"end":{"line":397,"column":52}},"83":{"start":{"line":400,"column":6},"end":{"line":400,"column":29}},"84":{"start":{"line":404,"column":2},"end":{"line":412,"column":3}},"85":{"start":{"line":405,"column":4},"end":{"line":411,"column":6}},"86":{"start":{"line":414,"column":2},"end":{"line":425,"column":3}},"87":{"start":{"line":415,"column":4},"end":{"line":424,"column":6}},"88":{"start":{"line":427,"column":22},"end":{"line":427,"column":53}},"89":{"start":{"line":429,"column":2},"end":{"line":658,"column":4}},"90":{"start":{"line":513,"column":14},"end":{"line":517,"column":22}},"91":{"start":{"line":524,"column":31},"end":{"line":524,"column":53}},"92":{"start":{"line":535,"column":31},"end":{"line":535,"column":54}},"93":{"start":{"line":597,"column":35},"end":{"line":597,"column":65}},"94":{"start":{"line":627,"column":18},"end":{"line":650,"column":24}}},"fnMap":{"0":{"name":"(anonymous_0)","decl":{"start":{"line":191,"column":22},"end":{"line":191,"column":23}},"loc":{"start":{"line":191,"column":28},"end":{"line":659,"column":1}},"line":191},"1":{"name":"(anonymous_1)","decl":{"start":{"line":210,"column":21},"end":{"line":210,"column":22}},"loc":{"start":{"line":210,"column":50},"end":{"line":272,"column":3}},"line":210},"2":{"name":"(anonymous_2)","decl":{"start":{"line":249,"column":32},"end":{"line":249,"column":33}},"loc":{"start":{"line":250,"column":10},"end":{"line":252,"column":11}},"line":250},"3":{"name":"(anonymous_3)","decl":{"start":{"line":250,"column":27},"end":{"line":250,"column":28}},"loc":{"start":{"line":251,"column":12},"end":{"line":251,"column":104}},"line":251},"4":{"name":"(anonymous_4)","decl":{"start":{"line":274,"column":22},"end":{"line":274,"column":23}},"loc":{"start":{"line":274,"column":45},"end":{"line":282,"column":3}},"line":274},"5":{"name":"(anonymous_5)","decl":{"start":{"line":285,"column":25},"end":{"line":285,"column":26}},"loc":{"start":{"line":285,"column":46},"end":{"line":290,"column":3}},"line":285},"6":{"name":"(anonymous_6)","decl":{"start":{"line":292,"column":12},"end":{"line":292,"column":13}},"loc":{"start":{"line":292,"column":18},"end":{"line":315,"column":3}},"line":292},"7":{"name":"(anonymous_7)","decl":{"start":{"line":293,"column":25},"end":{"line":293,"column":26}},"loc":{"start":{"line":293,"column":37},"end":{"line":310,"column":5}},"line":293},"8":{"name":"(anonymous_8)","decl":{"start":{"line":318,"column":12},"end":{"line":318,"column":13}},"loc":{"start":{"line":318,"column":18},"end":{"line":324,"column":3}},"line":318},"9":{"name":"(anonymous_9)","decl":{"start":{"line":320,"column":17},"end":{"line":320,"column":18}},"loc":{"start":{"line":320,"column":23},"end":{"line":322,"column":7}},"line":320},"10":{"name":"(anonymous_10)","decl":{"start":{"line":326,"column":25},"end":{"line":326,"column":26}},"loc":{"start":{"line":326,"column":31},"end":{"line":328,"column":3}},"line":326},"11":{"name":"(anonymous_11)","decl":{"start":{"line":330,"column":30},"end":{"line":330,"column":31}},"loc":{"start":{"line":330,"column":60},"end":{"line":402,"column":3}},"line":330},"12":{"name":"(anonymous_12)","decl":{"start":{"line":512,"column":45},"end":{"line":512,"column":46}},"loc":{"start":{"line":513,"column":14},"end":{"line":517,"column":22}},"line":513},"13":{"name":"(anonymous_13)","decl":{"start":{"line":524,"column":25},"end":{"line":524,"column":26}},"loc":{"start":{"line":524,"column":31},"end":{"line":524,"column":53}},"line":524},"14":{"name":"(anonymous_14)","decl":{"start":{"line":535,"column":25},"end":{"line":535,"column":26}},"loc":{"start":{"line":535,"column":31},"end":{"line":535,"column":54}},"line":535},"15":{"name":"(anonymous_15)","decl":{"start":{"line":597,"column":28},"end":{"line":597,"column":29}},"loc":{"start":{"line":597,"column":35},"end":{"line":597,"column":65}},"line":597},"16":{"name":"(anonymous_16)","decl":{"start":{"line":626,"column":38},"end":{"line":626,"column":39}},"loc":{"start":{"line":627,"column":18},"end":{"line":650,"column":24}},"line":627}},"branchMap":{"0":{"loc":{"start":{"line":215,"column":6},"end":{"line":222,"column":7}},"type":"if","locations":[{"start":{"line":215,"column":6},"end":{"line":222,"column":7}},{"start":{},"end":{}}],"line":215},"1":{"loc":{"start":{"line":241,"column":6},"end":{"line":268,"column":7}},"type":"if","locations":[{"start":{"line":241,"column":6},"end":{"line":268,"column":7}},{"start":{"line":262,"column":11},"end":{"line":268,"column":7}}],"line":241},"2":{"loc":{"start":{"line":246,"column":8},"end":{"line":246,"column":68}},"type":"if","locations":[{"start":{"line":246,"column":8},"end":{"line":246,"column":68}},{"start":{},"end":{}}],"line":246},"3":{"loc":{"start":{"line":251,"column":12},"end":{"line":251,"column":104}},"type":"cond-expr","locations":[{"start":{"line":251,"column":43},"end":{"line":251,"column":90}},{"start":{"line":251,"column":93},"end":{"line":251,"column":104}}],"line":251},"4":{"loc":{"start":{"line":298,"column":8},"end":{"line":300,"column":9}},"type":"if","locations":[{"start":{"line":298,"column":8},"end":{"line":300,"column":9}},{"start":{},"end":{}}],"line":298},"5":{"loc":{"start":{"line":312,"column":4},"end":{"line":314,"column":5}},"type":"if","locations":[{"start":{"line":312,"column":4},"end":{"line":314,"column":5}},{"start":{},"end":{}}],"line":312},"6":{"loc":{"start":{"line":319,"column":4},"end":{"line":323,"column":5}},"type":"if","locations":[{"start":{"line":319,"column":4},"end":{"line":323,"column":5}},{"start":{},"end":{}}],"line":319},"7":{"loc":{"start":{"line":319,"column":8},"end":{"line":319,"column":67}},"type":"binary-expr","locations":[{"start":{"line":319,"column":8},"end":{"line":319,"column":44}},{"start":{"line":319,"column":48},"end":{"line":319,"column":67}}],"line":319},"8":{"loc":{"start":{"line":333,"column":4},"end":{"line":333,"column":48}},"type":"if","locations":[{"start":{"line":333,"column":4},"end":{"line":333,"column":48}},{"start":{},"end":{}}],"line":333},"9":{"loc":{"start":{"line":333,"column":8},"end":{"line":333,"column":39}},"type":"binary-expr","locations":[{"start":{"line":333,"column":8},"end":{"line":333,"column":27}},{"start":{"line":333,"column":31},"end":{"line":333,"column":39}}],"line":333},"10":{"loc":{"start":{"line":343,"column":6},"end":{"line":350,"column":7}},"type":"if","locations":[{"start":{"line":343,"column":6},"end":{"line":350,"column":7}},{"start":{},"end":{}}],"line":343},"11":{"loc":{"start":{"line":380,"column":6},"end":{"line":382,"column":7}},"type":"if","locations":[{"start":{"line":380,"column":6},"end":{"line":382,"column":7}},{"start":{},"end":{}}],"line":380},"12":{"loc":{"start":{"line":404,"column":2},"end":{"line":412,"column":3}},"type":"if","locations":[{"start":{"line":404,"column":2},"end":{"line":412,"column":3}},{"start":{},"end":{}}],"line":404},"13":{"loc":{"start":{"line":414,"column":2},"end":{"line":425,"column":3}},"type":"if","locations":[{"start":{"line":414,"column":2},"end":{"line":425,"column":3}},{"start":{},"end":{}}],"line":414},"14":{"loc":{"start":{"line":414,"column":6},"end":{"line":414,"column":23}},"type":"binary-expr","locations":[{"start":{"line":414,"column":6},"end":{"line":414,"column":11}},{"start":{"line":414,"column":15},"end":{"line":414,"column":23}}],"line":414},"15":{"loc":{"start":{"line":418,"column":38},"end":{"line":418,"column":66}},"type":"binary-expr","locations":[{"start":{"line":418,"column":38},"end":{"line":418,"column":43}},{"start":{"line":418,"column":47},"end":{"line":418,"column":66}}],"line":418},"16":{"loc":{"start":{"line":440,"column":9},"end":{"line":455,"column":9}},"type":"binary-expr","locations":[{"start":{"line":440,"column":9},"end":{"line":440,"column":25}},{"start":{"line":441,"column":10},"end":{"line":454,"column":16}}],"line":440},"17":{"loc":{"start":{"line":480,"column":13},"end":{"line":490,"column":13}},"type":"binary-expr","locations":[{"start":{"line":480,"column":13},"end":{"line":480,"column":27}},{"start":{"line":481,"column":14},"end":{"line":489,"column":20}}],"line":480},"18":{"loc":{"start":{"line":496,"column":16},"end":{"line":498,"column":70}},"type":"cond-expr","locations":[{"start":{"line":497,"column":20},"end":{"line":497,"column":48}},{"start":{"line":498,"column":20},"end":{"line":498,"column":70}}],"line":496},"19":{"loc":{"start":{"line":502,"column":41},"end":{"line":502,"column":71}},"type":"binary-expr","locations":[{"start":{"line":502,"column":41},"end":{"line":502,"column":53}},{"start":{"line":502,"column":57},"end":{"line":502,"column":71}}],"line":502},"20":{"loc":{"start":{"line":503,"column":22},"end":{"line":503,"column":60}},"type":"cond-expr","locations":[{"start":{"line":503,"column":37},"end":{"line":503,"column":51}},{"start":{"line":503,"column":54},"end":{"line":503,"column":60}}],"line":503},"21":{"loc":{"start":{"line":505,"column":21},"end":{"line":505,"column":52}},"type":"cond-expr","locations":[{"start":{"line":505,"column":36},"end":{"line":505,"column":43}},{"start":{"line":505,"column":46},"end":{"line":505,"column":52}}],"line":505},"22":{"loc":{"start":{"line":513,"column":14},"end":{"line":517,"column":22}},"type":"cond-expr","locations":[{"start":{"line":514,"column":16},"end":{"line":516,"column":20}},{"start":{"line":517,"column":18},"end":{"line":517,"column":22}}],"line":513},"23":{"loc":{"start":{"line":547,"column":23},"end":{"line":547,"column":52}},"type":"binary-expr","locations":[{"start":{"line":547,"column":23},"end":{"line":547,"column":47}},{"start":{"line":547,"column":51},"end":{"line":547,"column":52}}],"line":547},"24":{"loc":{"start":{"line":590,"column":79},"end":{"line":590,"column":108}},"type":"binary-expr","locations":[{"start":{"line":590,"column":79},"end":{"line":590,"column":103}},{"start":{"line":590,"column":107},"end":{"line":590,"column":108}}],"line":590},"25":{"loc":{"start":{"line":606,"column":30},"end":{"line":606,"column":65}},"type":"binary-expr","locations":[{"start":{"line":606,"column":30},"end":{"line":606,"column":42}},{"start":{"line":606,"column":46},"end":{"line":606,"column":65}}],"line":606},"26":{"loc":{"start":{"line":609,"column":22},"end":{"line":609,"column":94}},"type":"binary-expr","locations":[{"start":{"line":609,"column":23},"end":{"line":609,"column":35}},{"start":{"line":609,"column":39},"end":{"line":609,"column":58}},{"start":{"line":609,"column":63},"end":{"line":609,"column":94}}],"line":609},"27":{"loc":{"start":{"line":613,"column":21},"end":{"line":613,"column":65}},"type":"cond-expr","locations":[{"start":{"line":613,"column":36},"end":{"line":613,"column":48}},{"start":{"line":613,"column":51},"end":{"line":613,"column":65}}],"line":613},"28":{"loc":{"start":{"line":620,"column":13},"end":{"line":653,"column":13}},"type":"cond-expr","locations":[{"start":{"line":621,"column":14},"end":{"line":623,"column":20}},{"start":{"line":625,"column":14},"end":{"line":652,"column":20}}],"line":620},"29":{"loc":{"start":{"line":620,"column":13},"end":{"line":620,"column":63}},"type":"binary-expr","locations":[{"start":{"line":620,"column":13},"end":{"line":620,"column":30}},{"start":{"line":620,"column":34},"end":{"line":620,"column":63}}],"line":620},"30":{"loc":{"start":{"line":630,"column":25},"end":{"line":632,"column":76}},"type":"cond-expr","locations":[{"start":{"line":631,"column":28},"end":{"line":631,"column":31}},{"start":{"line":632,"column":28},"end":{"line":632,"column":76}}],"line":630},"31":{"loc":{"start":{"line":632,"column":28},"end":{"line":632,"column":76}},"type":"binary-expr","locations":[{"start":{"line":632,"column":28},"end":{"line":632,"column":69}},{"start":{"line":632,"column":73},"end":{"line":632,"column":76}}],"line":632},"32":{"loc":{"start":{"line":636,"column":27},"end":{"line":638,"column":61}},"type":"cond-expr","locations":[{"start":{"line":637,"column":30},"end":{"line":637,"column":36}},{"start":{"line":638,"column":30},"end":{"line":638,"column":61}}],"line":636},"33":{"loc":{"start":{"line":638,"column":30},"end":{"line":638,"column":61}},"type":"binary-expr","locations":[{"start":{"line":638,"column":30},"end":{"line":638,"column":46}},{"start":{"line":638,"column":50},"end":{"line":638,"column":61}}],"line":638},"34":{"loc":{"start":{"line":641,"column":27},"end":{"line":643,"column":89}},"type":"cond-expr","locations":[{"start":{"line":642,"column":30},"end":{"line":642,"column":40}},{"start":{"line":643,"column":30},"end":{"line":643,"column":89}}],"line":641},"35":{"loc":{"start":{"line":648,"column":23},"end":{"line":648,"column":78}},"type":"cond-expr","locations":[{"start":{"line":648,"column":53},"end":{"line":648,"column":60}},{"start":{"line":648,"column":63},"end":{"line":648,"column":78}}],"line":648}},"s":{"0":1,"1":15,"2":15,"3":15,"4":15,"5":15,"6":15,"7":15,"8":15,"9":15,"10":15,"11":15,"12":1,"13":1,"14":1,"15":1,"16":1,"17":1,"18":0,"19":0,"20":0,"21":0,"22":0,"23":0,"24":0,"25":0,"26":0,"27":0,"28":0,"29":0,"30":0,"31":0,"32":1,"33":15,"34":0,"35":0,"36":0,"37":15,"38":5,"39":5,"40":5,"41":5,"42":15,"43":8,"44":8,"45":8,"46":8,"47":7,"48":1,"49":6,"50":6,"51":2,"52":2,"53":8,"54":8,"55":8,"56":15,"57":15,"58":0,"59":0,"60":15,"61":0,"62":15,"63":0,"64":0,"65":0,"66":0,"67":0,"68":0,"69":0,"70":0,"71":0,"72":0,"73":0,"74":0,"75":0,"76":0,"77":0,"78":0,"79":0,"80":0,"81":0,"82":0,"83":0,"84":15,"85":8,"86":7,"87":2,"88":5,"89":5,"90":5,"91":1,"92":0,"93":0,"94":0},"f":{"0":15,"1":1,"2":0,"3":0,"4":0,"5":5,"6":8,"7":8,"8":15,"9":0,"10":0,"11":0,"12":5,"13":1,"14":0,"15":0,"16":0},"b":{"0":[1,0],"1":[0,0],"2":[0,0],"3":[0,0],"4":[1,6],"5":[8,0],"6":[0,15],"7":[15,0],"8":[0,0],"9":[0,0],"10":[0,0],"11":[0,0],"12":[8,7],"13":[2,5],"14":[7,5],"15":[2,0],"16":[5,5],"17":[5,5],"18":[0,5],"19":[5,0],"20":[0,5],"21":[0,5],"22":[5,0],"23":[5,5],"24":[5,5],"25":[5,5],"26":[5,5,5],"27":[0,5],"28":[5,0],"29":[5,5],"30":[0,0],"31":[0,0],"32":[0,0],"33":[0,0],"34":[0,0],"35":[0,0]},"_coverageSchema":"1a1c01bbd47fc00a2c39e90264f33305004495a9","hash":"bda8baf4ba2316e18dc332639c25f4d611d8ec72"}
,"E:\\ClearView_WebApplication_Latest\\ClearView_CVBUN\\src\\components\\CategoryFilter.tsx": {"path":"E:\\ClearView_WebApplication_Latest\\ClearView_CVBUN\\src\\components\\CategoryFilter.tsx","statementMap":{"0":{"start":{"line":67,"column":23},"end":{"line":114,"column":1}},"1":{"start":{"line":68,"column":38},"end":{"line":68,"column":53}},"2":{"start":{"line":70,"column":25},"end":{"line":76,"column":3}},"3":{"start":{"line":71,"column":4},"end":{"line":75,"column":5}},"4":{"start":{"line":72,"column":6},"end":{"line":72,"column":71}},"5":{"start":{"line":72,"column":54},"end":{"line":72,"column":68}},"6":{"start":{"line":74,"column":6},"end":{"line":74,"column":58}},"7":{"start":{"line":78,"column":23},"end":{"line":80,"column":3}},"8":{"start":{"line":79,"column":4},"end":{"line":79,"column":31}},"9":{"start":{"line":82,"column":30},"end":{"line":82,"column":78}},"10":{"start":{"line":84,"column":2},"end":{"line":113,"column":4}},"11":{"start":{"line":89,"column":10},"end":{"line":100,"column":19}},"12":{"start":{"line":91,"column":27},"end":{"line":91,"column":51}}},"fnMap":{"0":{"name":"(anonymous_0)","decl":{"start":{"line":67,"column":23},"end":{"line":67,"column":24}},"loc":{"start":{"line":67,"column":102},"end":{"line":114,"column":1}},"line":67},"1":{"name":"(anonymous_1)","decl":{"start":{"line":70,"column":25},"end":{"line":70,"column":26}},"loc":{"start":{"line":70,"column":47},"end":{"line":76,"column":3}},"line":70},"2":{"name":"(anonymous_2)","decl":{"start":{"line":72,"column":49},"end":{"line":72,"column":50}},"loc":{"start":{"line":72,"column":54},"end":{"line":72,"column":68}},"line":72},"3":{"name":"(anonymous_3)","decl":{"start":{"line":78,"column":23},"end":{"line":78,"column":24}},"loc":{"start":{"line":78,"column":29},"end":{"line":80,"column":3}},"line":78},"4":{"name":"(anonymous_4)","decl":{"start":{"line":88,"column":33},"end":{"line":88,"column":34}},"loc":{"start":{"line":89,"column":10},"end":{"line":100,"column":19}},"line":89},"5":{"name":"(anonymous_5)","decl":{"start":{"line":91,"column":21},"end":{"line":91,"column":22}},"loc":{"start":{"line":91,"column":27},"end":{"line":91,"column":51}},"line":91}},"branchMap":{"0":{"loc":{"start":{"line":71,"column":4},"end":{"line":75,"column":5}},"type":"if","locations":[{"start":{"line":71,"column":4},"end":{"line":75,"column":5}},{"start":{"line":73,"column":11},"end":{"line":75,"column":5}}],"line":71},"1":{"loc":{"start":{"line":82,"column":30},"end":{"line":82,"column":78}},"type":"cond-expr","locations":[{"start":{"line":82,"column":43},"end":{"line":82,"column":53}},{"start":{"line":82,"column":56},"end":{"line":82,"column":78}}],"line":82},"2":{"loc":{"start":{"line":93,"column":14},"end":{"line":95,"column":80}},"type":"cond-expr","locations":[{"start":{"line":94,"column":18},"end":{"line":94,"column":54}},{"start":{"line":95,"column":18},"end":{"line":95,"column":80}}],"line":93},"3":{"loc":{"start":{"line":102,"column":9},"end":{"line":110,"column":9}},"type":"binary-expr","locations":[{"start":{"line":102,"column":9},"end":{"line":102,"column":30}},{"start":{"line":103,"column":10},"end":{"line":109,"column":19}}],"line":102},"4":{"loc":{"start":{"line":108,"column":13},"end":{"line":108,"column":72}},"type":"cond-expr","locations":[{"start":{"line":108,"column":26},"end":{"line":108,"column":37}},{"start":{"line":108,"column":40},"end":{"line":108,"column":72}}],"line":108}},"s":{"0":1,"1":9,"2":9,"3":2,"4":1,"5":2,"6":1,"7":9,"8":3,"9":9,"10":9,"11":49,"12":2},"f":{"0":9,"1":2,"2":2,"3":3,"4":49,"5":2},"b":{"0":[1,1],"1":[2,7],"2":[18,31],"3":[9,9],"4":[2,7]},"_coverageSchema":"1a1c01bbd47fc00a2c39e90264f33305004495a9","hash":"94799329d2166d30f5215420bec2fbd93ed7b425"}
,"E:\\ClearView_WebApplication_Latest\\ClearView_CVBUN\\src\\components\\Navbar.tsx": {"path":"E:\\ClearView_WebApplication_Latest\\ClearView_CVBUN\\src\\components\\Navbar.tsx","statementMap":{"0":{"start":{"line":236,"column":15},"end":{"line":523,"column":1}},"1":{"start":{"line":237,"column":38},"end":{"line":237,"column":53}},"2":{"start":{"line":238,"column":44},"end":{"line":238,"column":68}},"3":{"start":{"line":239,"column":31},"end":{"line":239,"column":40}},"4":{"start":{"line":240,"column":19},"end":{"line":240,"column":32}},"5":{"start":{"line":241,"column":20},"end":{"line":241,"column":30}},"6":{"start":{"line":243,"column":21},"end":{"line":245,"column":3}},"7":{"start":{"line":244,"column":4},"end":{"line":244,"column":31}},"8":{"start":{"line":247,"column":23},"end":{"line":253,"column":3}},"9":{"start":{"line":248,"column":4},"end":{"line":252,"column":5}},"10":{"start":{"line":249,"column":6},"end":{"line":249,"column":15}},"11":{"start":{"line":251,"column":6},"end":{"line":251,"column":48}},"12":{"start":{"line":255,"column":19},"end":{"line":257,"column":3}},"13":{"start":{"line":256,"column":4},"end":{"line":256,"column":38}},"14":{"start":{"line":259,"column":30},"end":{"line":259,"column":45}},"15":{"start":{"line":261,"column":2},"end":{"line":522,"column":4}},"16":{"start":{"line":332,"column":29},"end":{"line":332,"column":51}},"17":{"start":{"line":350,"column":100},"end":{"line":350,"column":118}},"18":{"start":{"line":360,"column":39},"end":{"line":360,"column":55}},"19":{"start":{"line":368,"column":39},"end":{"line":368,"column":55}},"20":{"start":{"line":376,"column":39},"end":{"line":376,"column":55}},"21":{"start":{"line":383,"column":26},"end":{"line":383,"column":41}},"22":{"start":{"line":384,"column":26},"end":{"line":384,"column":43}},"23":{"start":{"line":520,"column":48},"end":{"line":520,"column":71}}},"fnMap":{"0":{"name":"(anonymous_0)","decl":{"start":{"line":236,"column":15},"end":{"line":236,"column":16}},"loc":{"start":{"line":236,"column":21},"end":{"line":523,"column":1}},"line":236},"1":{"name":"(anonymous_1)","decl":{"start":{"line":243,"column":21},"end":{"line":243,"column":22}},"loc":{"start":{"line":243,"column":27},"end":{"line":245,"column":3}},"line":243},"2":{"name":"(anonymous_2)","decl":{"start":{"line":247,"column":23},"end":{"line":247,"column":24}},"loc":{"start":{"line":247,"column":35},"end":{"line":253,"column":3}},"line":247},"3":{"name":"(anonymous_3)","decl":{"start":{"line":255,"column":19},"end":{"line":255,"column":20}},"loc":{"start":{"line":255,"column":37},"end":{"line":257,"column":3}},"line":255},"4":{"name":"(anonymous_4)","decl":{"start":{"line":332,"column":23},"end":{"line":332,"column":24}},"loc":{"start":{"line":332,"column":29},"end":{"line":332,"column":51}},"line":332},"5":{"name":"(anonymous_5)","decl":{"start":{"line":350,"column":94},"end":{"line":350,"column":95}},"loc":{"start":{"line":350,"column":100},"end":{"line":350,"column":118}},"line":350},"6":{"name":"(anonymous_6)","decl":{"start":{"line":360,"column":33},"end":{"line":360,"column":34}},"loc":{"start":{"line":360,"column":39},"end":{"line":360,"column":55}},"line":360},"7":{"name":"(anonymous_7)","decl":{"start":{"line":368,"column":33},"end":{"line":368,"column":34}},"loc":{"start":{"line":368,"column":39},"end":{"line":368,"column":55}},"line":368},"8":{"name":"(anonymous_8)","decl":{"start":{"line":376,"column":33},"end":{"line":376,"column":34}},"loc":{"start":{"line":376,"column":39},"end":{"line":376,"column":55}},"line":376},"9":{"name":"(anonymous_9)","decl":{"start":{"line":382,"column":33},"end":{"line":382,"column":34}},"loc":{"start":{"line":382,"column":39},"end":{"line":385,"column":25}},"line":382},"10":{"name":"(anonymous_10)","decl":{"start":{"line":520,"column":42},"end":{"line":520,"column":43}},"loc":{"start":{"line":520,"column":48},"end":{"line":520,"column":71}},"line":520}},"branchMap":{"0":{"loc":{"start":{"line":274,"column":18},"end":{"line":276,"column":86}},"type":"cond-expr","locations":[{"start":{"line":275,"column":22},"end":{"line":275,"column":65}},{"start":{"line":276,"column":22},"end":{"line":276,"column":86}}],"line":274},"1":{"loc":{"start":{"line":286,"column":18},"end":{"line":288,"column":86}},"type":"cond-expr","locations":[{"start":{"line":287,"column":22},"end":{"line":287,"column":65}},{"start":{"line":288,"column":22},"end":{"line":288,"column":86}}],"line":286},"2":{"loc":{"start":{"line":298,"column":18},"end":{"line":300,"column":86}},"type":"cond-expr","locations":[{"start":{"line":299,"column":22},"end":{"line":299,"column":65}},{"start":{"line":300,"column":22},"end":{"line":300,"column":86}}],"line":298},"3":{"loc":{"start":{"line":310,"column":18},"end":{"line":312,"column":86}},"type":"cond-expr","locations":[{"start":{"line":311,"column":22},"end":{"line":311,"column":65}},{"start":{"line":312,"column":22},"end":{"line":312,"column":86}}],"line":310},"4":{"loc":{"start":{"line":341,"column":13},"end":{"line":410,"column":13}},"type":"cond-expr","locations":[{"start":{"line":342,"column":14},"end":{"line":394,"column":20}},{"start":{"line":396,"column":14},"end":{"line":409,"column":20}}],"line":341},"5":{"loc":{"start":{"line":355,"column":19},"end":{"line":392,"column":19}},"type":"binary-expr","locations":[{"start":{"line":355,"column":19},"end":{"line":355,"column":25}},{"start":{"line":356,"column":20},"end":{"line":391,"column":26}}],"line":355},"6":{"loc":{"start":{"line":418,"column":15},"end":{"line":418,"column":100}},"type":"cond-expr","locations":[{"start":{"line":418,"column":28},"end":{"line":418,"column":61}},{"start":{"line":418,"column":64},"end":{"line":418,"column":100}}],"line":418},"7":{"loc":{"start":{"line":425,"column":7},"end":{"line":518,"column":7}},"type":"binary-expr","locations":[{"start":{"line":425,"column":7},"end":{"line":425,"column":17}},{"start":{"line":426,"column":8},"end":{"line":517,"column":14}}],"line":425},"8":{"loc":{"start":{"line":432,"column":16},"end":{"line":434,"column":97}},"type":"cond-expr","locations":[{"start":{"line":433,"column":20},"end":{"line":433,"column":75}},{"start":{"line":434,"column":20},"end":{"line":434,"column":97}}],"line":432},"9":{"loc":{"start":{"line":443,"column":16},"end":{"line":445,"column":97}},"type":"cond-expr","locations":[{"start":{"line":444,"column":20},"end":{"line":444,"column":75}},{"start":{"line":445,"column":20},"end":{"line":445,"column":97}}],"line":443},"10":{"loc":{"start":{"line":452,"column":13},"end":{"line":515,"column":13}},"type":"cond-expr","locations":[{"start":{"line":453,"column":14},"end":{"line":499,"column":20}},{"start":{"line":501,"column":14},"end":{"line":514,"column":20}}],"line":452},"11":{"loc":{"start":{"line":462,"column":23},"end":{"line":462,"column":58}},"type":"binary-expr","locations":[{"start":{"line":462,"column":23},"end":{"line":462,"column":40}},{"start":{"line":462,"column":44},"end":{"line":462,"column":58}}],"line":462},"12":{"loc":{"start":{"line":520,"column":7},"end":{"line":520,"column":75}},"type":"binary-expr","locations":[{"start":{"line":520,"column":7},"end":{"line":520,"column":20}},{"start":{"line":520,"column":24},"end":{"line":520,"column":75}}],"line":520}},"s":{"0":1,"1":4,"2":4,"3":4,"4":4,"5":4,"6":4,"7":0,"8":4,"9":0,"10":0,"11":0,"12":4,"13":16,"14":4,"15":4,"16":0,"17":0,"18":0,"19":0,"20":0,"21":0,"22":0,"23":0},"f":{"0":4,"1":0,"2":0,"3":16,"4":0,"5":0,"6":0,"7":0,"8":0,"9":0,"10":0},"b":{"0":[2,2],"1":[0,4],"2":[2,2],"3":[0,4],"4":[0,4],"5":[0,0],"6":[0,4],"7":[4,0],"8":[0,0],"9":[0,0],"10":[0,0],"11":[0,0],"12":[4,0]},"_coverageSchema":"1a1c01bbd47fc00a2c39e90264f33305004495a9","hash":"0e678d0c47d0d859bc241186bca25a082994418c"}
,"E:\\ClearView_WebApplication_Latest\\ClearView_CVBUN\\src\\components\\NewsList.tsx": {"path":"E:\\ClearView_WebApplication_Latest\\ClearView_CVBUN\\src\\components\\NewsList.tsx","statementMap":{"0":{"start":{"line":131,"column":17},"end":{"line":391,"column":1}},"1":{"start":{"line":132,"column":34},"end":{"line":132,"column":57}},"2":{"start":{"line":133,"column":32},"end":{"line":133,"column":46}},"3":{"start":{"line":134,"column":58},"end":{"line":140,"column":11}},"4":{"start":{"line":142,"column":2},"end":{"line":271,"column":9}},"5":{"start":{"line":143,"column":26},"end":{"line":268,"column":5}},"6":{"start":{"line":144,"column":6},"end":{"line":267,"column":7}},"7":{"start":{"line":145,"column":8},"end":{"line":145,"column":25}},"8":{"start":{"line":146,"column":25},"end":{"line":146,"column":66}},"9":{"start":{"line":147,"column":21},"end":{"line":147,"column":42}},"10":{"start":{"line":150,"column":8},"end":{"line":153,"column":13}},"11":{"start":{"line":150,"column":64},"end":{"line":153,"column":9}},"12":{"start":{"line":157,"column":8},"end":{"line":191,"column":11}},"13":{"start":{"line":158,"column":10},"end":{"line":190,"column":11}},"14":{"start":{"line":159,"column":29},"end":{"line":165,"column":14}},"15":{"start":{"line":167,"column":31},"end":{"line":167,"column":52}},"16":{"start":{"line":168,"column":12},"end":{"line":168,"column":35}},"17":{"start":{"line":171,"column":12},"end":{"line":187,"column":14}},"18":{"start":{"line":172,"column":14},"end":{"line":186,"column":15}},"19":{"start":{"line":173,"column":16},"end":{"line":185,"column":31}},"20":{"start":{"line":189,"column":12},"end":{"line":189,"column":75}},"21":{"start":{"line":194,"column":8},"end":{"line":225,"column":11}},"22":{"start":{"line":195,"column":10},"end":{"line":224,"column":11}},"23":{"start":{"line":196,"column":29},"end":{"line":202,"column":14}},"24":{"start":{"line":204,"column":35},"end":{"line":204,"column":56}},"25":{"start":{"line":205,"column":12},"end":{"line":205,"column":39}},"26":{"start":{"line":208,"column":12},"end":{"line":221,"column":14}},"27":{"start":{"line":209,"column":14},"end":{"line":220,"column":15}},"28":{"start":{"line":210,"column":16},"end":{"line":219,"column":31}},"29":{"start":{"line":223,"column":12},"end":{"line":223,"column":94}},"30":{"start":{"line":228,"column":8},"end":{"line":262,"column":11}},"31":{"start":{"line":229,"column":10},"end":{"line":261,"column":11}},"32":{"start":{"line":230,"column":29},"end":{"line":236,"column":14}},"33":{"start":{"line":238,"column":44},"end":{"line":238,"column":65}},"34":{"start":{"line":239,"column":12},"end":{"line":239,"column":48}},"35":{"start":{"line":242,"column":12},"end":{"line":258,"column":14}},"36":{"start":{"line":243,"column":14},"end":{"line":257,"column":15}},"37":{"start":{"line":244,"column":16},"end":{"line":256,"column":31}},"38":{"start":{"line":260,"column":12},"end":{"line":260,"column":104}},"39":{"start":{"line":264,"column":8},"end":{"line":264,"column":57}},"40":{"start":{"line":266,"column":8},"end":{"line":266,"column":26}},"41":{"start":{"line":270,"column":4},"end":{"line":270,"column":20}},"42":{"start":{"line":273,"column":21},"end":{"line":335,"column":3}},"43":{"start":{"line":274,"column":4},"end":{"line":334,"column":5}},"44":{"start":{"line":276,"column":20},"end":{"line":276,"column":49}},"45":{"start":{"line":277,"column":21},"end":{"line":277,"column":51}},"46":{"start":{"line":278,"column":6},"end":{"line":285,"column":7}},"47":{"start":{"line":279,"column":8},"end":{"line":283,"column":11}},"48":{"start":{"line":284,"column":8},"end":{"line":284,"column":57}},"49":{"start":{"line":288,"column":6},"end":{"line":288,"column":62}},"50":{"start":{"line":289,"column":23},"end":{"line":300,"column":7}},"51":{"start":{"line":301,"column":6},"end":{"line":301,"column":27}},"52":{"start":{"line":304,"column":6},"end":{"line":331,"column":7}},"53":{"start":{"line":305,"column":25},"end":{"line":307,"column":10}},"54":{"start":{"line":309,"column":8},"end":{"line":309,"column":68}},"55":{"start":{"line":309,"column":26},"end":{"line":309,"column":68}},"56":{"start":{"line":310,"column":31},"end":{"line":310,"column":52}},"57":{"start":{"line":312,"column":8},"end":{"line":316,"column":10}},"58":{"start":{"line":313,"column":10},"end":{"line":315,"column":11}},"59":{"start":{"line":314,"column":12},"end":{"line":314,"column":104}},"60":{"start":{"line":318,"column":8},"end":{"line":318,"column":62}},"61":{"start":{"line":319,"column":8},"end":{"line":323,"column":11}},"62":{"start":{"line":326,"column":8},"end":{"line":330,"column":11}},"63":{"start":{"line":333,"column":6},"end":{"line":333,"column":52}},"64":{"start":{"line":337,"column":22},"end":{"line":345,"column":3}},"65":{"start":{"line":338,"column":16},"end":{"line":338,"column":64}},"66":{"start":{"line":339,"column":4},"end":{"line":339,"column":39}},"67":{"start":{"line":340,"column":4},"end":{"line":344,"column":7}},"68":{"start":{"line":347,"column":2},"end":{"line":390,"column":4}},"69":{"start":{"line":373,"column":12},"end":{"line":381,"column":14}}},"fnMap":{"0":{"name":"(anonymous_0)","decl":{"start":{"line":131,"column":17},"end":{"line":131,"column":18}},"loc":{"start":{"line":131,"column":23},"end":{"line":391,"column":1}},"line":131},"1":{"name":"(anonymous_1)","decl":{"start":{"line":142,"column":12},"end":{"line":142,"column":13}},"loc":{"start":{"line":142,"column":18},"end":{"line":271,"column":3}},"line":142},"2":{"name":"(anonymous_2)","decl":{"start":{"line":143,"column":26},"end":{"line":143,"column":27}},"loc":{"start":{"line":143,"column":38},"end":{"line":268,"column":5}},"line":143},"3":{"name":"(anonymous_3)","decl":{"start":{"line":150,"column":41},"end":{"line":150,"column":42}},"loc":{"start":{"line":150,"column":64},"end":{"line":153,"column":9}},"line":150},"4":{"name":"(anonymous_4)","decl":{"start":{"line":157,"column":21},"end":{"line":157,"column":22}},"loc":{"start":{"line":157,"column":64},"end":{"line":191,"column":9}},"line":157},"5":{"name":"(anonymous_5)","decl":{"start":{"line":171,"column":36},"end":{"line":171,"column":37}},"loc":{"start":{"line":172,"column":14},"end":{"line":186,"column":15}},"line":172},"6":{"name":"(anonymous_6)","decl":{"start":{"line":172,"column":31},"end":{"line":172,"column":32}},"loc":{"start":{"line":173,"column":16},"end":{"line":185,"column":31}},"line":173},"7":{"name":"(anonymous_7)","decl":{"start":{"line":194,"column":21},"end":{"line":194,"column":22}},"loc":{"start":{"line":194,"column":49},"end":{"line":225,"column":9}},"line":194},"8":{"name":"(anonymous_8)","decl":{"start":{"line":208,"column":36},"end":{"line":208,"column":37}},"loc":{"start":{"line":209,"column":14},"end":{"line":220,"column":15}},"line":209},"9":{"name":"(anonymous_9)","decl":{"start":{"line":209,"column":31},"end":{"line":209,"column":32}},"loc":{"start":{"line":210,"column":16},"end":{"line":219,"column":31}},"line":210},"10":{"name":"(anonymous_10)","decl":{"start":{"line":228,"column":21},"end":{"line":228,"column":22}},"loc":{"start":{"line":228,"column":49},"end":{"line":262,"column":9}},"line":228},"11":{"name":"(anonymous_11)","decl":{"start":{"line":242,"column":36},"end":{"line":242,"column":37}},"loc":{"start":{"line":243,"column":14},"end":{"line":257,"column":15}},"line":243},"12":{"name":"(anonymous_12)","decl":{"start":{"line":243,"column":31},"end":{"line":243,"column":32}},"loc":{"start":{"line":244,"column":16},"end":{"line":256,"column":31}},"line":244},"13":{"name":"(anonymous_13)","decl":{"start":{"line":273,"column":21},"end":{"line":273,"column":22}},"loc":{"start":{"line":273,"column":50},"end":{"line":335,"column":3}},"line":273},"14":{"name":"(anonymous_14)","decl":{"start":{"line":312,"column":32},"end":{"line":312,"column":33}},"loc":{"start":{"line":313,"column":10},"end":{"line":315,"column":11}},"line":313},"15":{"name":"(anonymous_15)","decl":{"start":{"line":313,"column":27},"end":{"line":313,"column":28}},"loc":{"start":{"line":314,"column":12},"end":{"line":314,"column":104}},"line":314},"16":{"name":"(anonymous_16)","decl":{"start":{"line":337,"column":22},"end":{"line":337,"column":23}},"loc":{"start":{"line":337,"column":45},"end":{"line":345,"column":3}},"line":337},"17":{"name":"(anonymous_17)","decl":{"start":{"line":372,"column":36},"end":{"line":372,"column":37}},"loc":{"start":{"line":373,"column":12},"end":{"line":381,"column":14}},"line":373}},"branchMap":{"0":{"loc":{"start":{"line":173,"column":16},"end":{"line":185,"column":31}},"type":"cond-expr","locations":[{"start":{"line":174,"column":20},"end":{"line":184,"column":21}},{"start":{"line":185,"column":20},"end":{"line":185,"column":31}}],"line":173},"1":{"loc":{"start":{"line":210,"column":16},"end":{"line":219,"column":31}},"type":"cond-expr","locations":[{"start":{"line":211,"column":20},"end":{"line":218,"column":21}},{"start":{"line":219,"column":20},"end":{"line":219,"column":31}}],"line":210},"2":{"loc":{"start":{"line":244,"column":16},"end":{"line":256,"column":31}},"type":"cond-expr","locations":[{"start":{"line":245,"column":20},"end":{"line":255,"column":21}},{"start":{"line":256,"column":20},"end":{"line":256,"column":31}}],"line":244},"3":{"loc":{"start":{"line":278,"column":6},"end":{"line":285,"column":7}},"type":"if","locations":[{"start":{"line":278,"column":6},"end":{"line":285,"column":7}},{"start":{},"end":{}}],"line":278},"4":{"loc":{"start":{"line":304,"column":6},"end":{"line":331,"column":7}},"type":"if","locations":[{"start":{"line":304,"column":6},"end":{"line":331,"column":7}},{"start":{"line":325,"column":11},"end":{"line":331,"column":7}}],"line":304},"5":{"loc":{"start":{"line":309,"column":8},"end":{"line":309,"column":68}},"type":"if","locations":[{"start":{"line":309,"column":8},"end":{"
[...]
249,"column":23},"end":{"line":249,"column":24}},"loc":{"start":{"line":249,"column":60},"end":{"line":252,"column":3}},"line":249},"20":{"name":"(anonymous_20)","decl":{"start":{"line":301,"column":23},"end":{"line":301,"column":24}},"loc":{"start":{"line":301,"column":29},"end":{"line":301,"column":59}},"line":301},"21":{"name":"(anonymous_21)","decl":{"start":{"line":311,"column":23},"end":{"line":311,"column":24}},"loc":{"start":{"line":311,"column":29},"end":{"line":311,"column":53}},"line":311},"22":{"name":"(anonymous_22)","decl":{"start":{"line":321,"column":23},"end":{"line":321,"column":24}},"loc":{"start":{"line":321,"column":29},"end":{"line":321,"column":56}},"line":321},"23":{"name":"(anonymous_23)","decl":{"start":{"line":348,"column":57},"end":{"line":348,"column":58}},"loc":{"start":{"line":349,"column":20},"end":{"line":354,"column":27}},"line":349},"24":{"name":"(anonymous_24)","decl":{"start":{"line":369,"column":54},"end":{"line":369,"column":55}},"loc":{"start":{"line":370,"column":20},"end":{"line":375,"column":27}},"line":370},"25":{"name":"(anonymous_25)","decl":{"start":{"line":404,"column":31},"end":{"line":404,"column":32}},"loc":{"start":{"line":404,"column":37},"end":{"line":404,"column":57}},"line":404},"26":{"name":"(anonymous_26)","decl":{"start":{"line":413,"column":44},"end":{"line":413,"column":45}},"loc":{"start":{"line":414,"column":20},"end":{"line":422,"column":22}},"line":414},"27":{"name":"(anonymous_27)","decl":{"start":{"line":444,"column":31},"end":{"line":444,"column":32}},"loc":{"start":{"line":444,"column":37},"end":{"line":444,"column":57}},"line":444},"28":{"name":"(anonymous_28)","decl":{"start":{"line":453,"column":41},"end":{"line":453,"column":42}},"loc":{"start":{"line":454,"column":20},"end":{"line":490,"column":26}},"line":454},"29":{"name":"(anonymous_29)","decl":{"start":{"line":466,"column":37},"end":{"line":466,"column":38}},"loc":{"start":{"line":466,"column":43},"end":{"line":466,"column":84}},"line":466},"30":{"name":"(anonymous_30)","decl":{"start":{"line":484,"column":37},"end":{"line":484,"column":38}},"loc":{"start":{"line":484,"column":43},"end":{"line":484,"column":84}},"line":484}},"branchMap":{"0":{"loc":{"start":{"line":40,"column":6},"end":{"line":40,"column":28}},"type":"if","locations":[{"start":{"line":40,"column":6},"end":{"line":40,"column":28}},{"start":{},"end":{}}],"line":40},"1":{"loc":{"start":{"line":44,"column":8},"end":{"line":46,"column":9}},"type":"if","locations":[{"start":{"line":44,"column":8},"end":{"line":46,"column":9}},{"start":{},"end":{}}],"line":44},"2":{"loc":{"start":{"line":70,"column":16},"end":{"line":82,"column":31}},"type":"cond-expr","locations":[{"start":{"line":71,"column":20},"end":{"line":81,"column":21}},{"start":{"line":82,"column":20},"end":{"line":82,"column":31}}],"line":70},"3":{"loc":{"start":{"line":107,"column":16},"end":{"line":116,"column":31}},"type":"cond-expr","locations":[{"start":{"line":108,"column":20},"end":{"line":115,"column":21}},{"start":{"line":116,"column":20},"end":{"line":116,"column":31}}],"line":107},"4":{"loc":{"start":{"line":141,"column":16},"end":{"line":153,"column":31}},"type":"cond-expr","locations":[{"start":{"line":142,"column":20},"end":{"line":152,"column":21}},{"start":{"line":153,"column":20},"end":{"line":153,"column":31}}],"line":141},"5":{"loc":{"start":{"line":167,"column":4},"end":{"line":169,"column":5}},"type":"if","locations":[{"start":{"line":167,"column":4},"end":{"line":169,"column":5}},{"start":{},"end":{}}],"line":167},"6":{"loc":{"start":{"line":167,"column":8},"end":{"line":167,"column":29}},"type":"binary-expr","locations":[{"start":{"line":167,"column":8},"end":{"line":167,"column":16}},{"start":{"line":167,"column":20},"end":{"line":167,"column":29}}],"line":167},"7":{"loc":{"start":{"line":183,"column":6},"end":{"line":190,"column":7}},"type":"if","locations":[{"start":{"line":183,"column":6},"end":{"line":190,"column":7}},{"start":{},"end":{}}],"line":183},"8":{"loc":{"start":{"line":209,"column":6},"end":{"line":236,"column":7}},"type":"if","locations":[{"start":{"line":209,"column":6},"end":{"line":236,"column":7}},{"start":{"line":230,"column":11},"end":{"line":236,"column":7}}],"line":209},"9":{"loc":{"start":{"line":214,"column":8},"end":{"line":214,"column":68}},"type":"if","locations":[{"start":{"line":214,"column":8},"end":{"line":214,"column":68}},{"start":{},"end":{}}],"line":214},"10":{"loc":{"start":{"line":219,"column":12},"end":{"line":219,"column":104}},"type":"cond-expr","locations":[{"start":{"line":219,"column":43},"end":{"line":219,"column":90}},{"start":{"line":219,"column":93},"end":{"line":219,"column":104}}],"line":219},"11":{"loc":{"start":{"line":244,"column":4},"end":{"line":246,"column":5}},"type":"if","locations":[{"start":{"line":244,"column":4},"end":{"line":246,"column":5}},{"start":{},"end":{}}],"line":244},"12":{"loc":{"start":{"line":250,"column":4},"end":{"line":250,"column":46}},"type":"if","locations":[{"start":{"line":250,"column":4},"end":{"line":250,"column":46}},{"start":{},"end":{}}],"line":250},"13":{"loc":{"start":{"line":255,"column":2},"end":{"line":264,"column":3}},"type":"if","locations":[{"start":{"line":255,"column":2},"end":{"line":264,"column":3}},{"start":{},"end":{}}],"line":255},"14":{"loc":{"start":{"line":267,"column":2},"end":{"line":269,"column":3}},"type":"if","locations":[{"start":{"line":267,"column":2},"end":{"line":269,"column":3}},{"start":{},"end":{}}],"line":267},"15":{"loc":{"start":{"line":302,"column":88},"end":{"line":304,"column":41}},"type":"cond-expr","locations":[{"start":{"line":303,"column":18},"end":{"line":303,"column":58}},{"start":{"line":304,"column":18},"end":{"line":304,"column":41}}],"line":302},"16":{"loc":{"start":{"line":312,"column":88},"end":{"line":314,"column":41}},"type":"cond-expr","locations":[{"start":{"line":313,"column":18},"end":{"line":313,"column":58}},{"start":{"line":314,"column":18},"end":{"line":314,"column":41}}],"line":312},"17":{"loc":{"start":{"line":322,"column":88},"end":{"line":324,"column":41}},"type":"cond-expr","locations":[{"start":{"line":323,"column":18},"end":{"line":323,"column":58}},{"start":{"line":324,"column":18},"end":{"line":324,"column":41}}],"line":322},"18":{"loc":{"start":{"line":335,"column":11},"end":{"line":384,"column":11}},"type":"binary-expr","locations":[{"start":{"line":335,"column":11},"end":{"line":335,"column":38}},{"start":{"line":336,"column":12},"end":{"line":383,"column":18}}],"line":335},"19":{"loc":{"start":{"line":386,"column":11},"end":{"line":427,"column":11}},"type":"binary-expr","locations":[{"start":{"line":386,"column":11},"end":{"line":386,"column":32}},{"start":{"line":387,"column":12},"end":{"line":426,"column":18}}],"line":386},"20":{"loc":{"start":{"line":395,"column":15},"end":{"line":425,"column":15}},"type":"cond-expr","locations":[{"start":{"line":396,"column":16},"end":{"line":410,"column":22}},{"start":{"line":412,"column":16},"end":{"line":424,"column":22}}],"line":395},"21":{"loc":{"start":{"line":429,"column":11},"end":{"line":495,"column":11}},"type":"binary-expr","locations":[{"start":{"line":429,"column":11},"end":{"line":429,"column":35}},{"start":{"line":430,"column":12},"end":{"line":494,"column":18}}],"line":429},"22":{"loc":{"start":{"line":435,"column":15},"end":{"line":493,"column":15}},"type":"cond-expr","locations":[{"start":{"line":436,"column":16},"end":{"line":450,"column":22}},{"start":{"line":452,"column":16},"end":{"line":492,"column":22}}],"line":435}},"s":{"0":0,"1":0,"2":0,"3":0,"4":0,"5":0,"6":0,"7":0,"8":0,"9":0,"10":0,"11":0,"12":0,"13":0,"14":0,"15":0,"16":0,"17":0,"18":0,"19":0,"20":0,"21":0,"22":0,"23":0,"24":0,"25":0,"26":0,"27":0,"28":0,"29":0,"30":0,"31":0,"32":0,"33":0,"34":0,"35":0,"36":0,"37":0,"38":0,"39":0,"40":0,"41":0,"42":0,"43":0,"44":0,"45":0,"46":0,"47":0,"48":0,"49":0,"50":0,"51":0,"52":0,"53":0,"54":0,"55":0,"56":0,"57":0,"58":0,"59":0,"60":0,"61":0,"62":0,"63":0,"64":0,"65":0,"66":0,"67":0,"68":0,"69":0,"70":0,"71":0,"72":0,"73":0,"74":0,"75":0,"76":0,"77":0,"78":0,"79":0,"80":0,"81":0,"82":0,"83":0,"84":0,"85":0,"86":0,"87":0,"88":0,"89":0,"90":0,"91":0,"92":0,"93":0,"94":0,"95":0,"96":0,"97":0,"98":0,"99":0},"f":{"0":0,"1":0,"2":0,"3":0,"4":0,"5":0,"6":0,"7":0,"8":0,"9":0,"10":0,"11":0,"12":0,"13":0,"14":0,"15":0,"16":0,"17":0,"18":0,"19":0,"20":0,"21":0,"22":0,"23":0,"24":0,"25":0,"26":0,"27":0,"28":0,"29":0,"30":0},"b":{"0":[0,0],"1":[0,0],"2":[0,0],"3":[0,0],"4":[0,0],"5":[0,0],"6":[0,0],"7":[0,0],"8":[0,0],"9":[0,0],"10":[0,0],"11":[0,0],"12":[0,0],"13":[0,0],"14":[0,0],"15":[0,0],"16":[0,0],"17":[0,0],"18":[0,0],"19":[0,0],"20":[0,0],"21":[0,0],"22":[0,0]}}
,"E:\\ClearView_WebApplication_Latest\\ClearView_CVBUN\\src\\pages\\Signup.tsx": {"path":"E:\\ClearView_WebApplication_Latest\\ClearView_CVBUN\\src\\pages\\Signup.tsx","statementMap":{"0":{"start":{"line":161,"column":15},"end":{"line":306,"column":1}},"1":{"start":{"line":162,"column":28},"end":{"line":162,"column":40}},"2":{"start":{"line":163,"column":34},"end":{"line":163,"column":46}},"3":{"start":{"line":164,"column":48},"end":{"line":164,"column":60}},"4":{"start":{"line":165,"column":40},"end":{"line":165,"column":52}},"5":{"start":{"line":166,"column":28},"end":{"line":166,"column":40}},"6":{"start":{"line":167,"column":32},"end":{"line":167,"column":47}},"7":{"start":{"line":168,"column":21},"end":{"line":168,"column":30}},"8":{"start":{"line":169,"column":19},"end":{"line":169,"column":32}},"9":{"start":{"line":171,"column":23},"end":{"line":208,"column":3}},"10":{"start":{"line":172,"column":4},"end":{"line":172,"column":23}},"11":{"start":{"line":173,"column":4},"end":{"line":176,"column":5}},"12":{"start":{"line":174,"column":6},"end":{"line":174,"column":44}},"13":{"start":{"line":175,"column":6},"end":{"line":175,"column":13}},"14":{"start":{"line":177,"column":4},"end":{"line":180,"column":5}},"15":{"start":{"line":178,"column":6},"end":{"line":178,"column":41}},"16":{"start":{"line":179,"column":6},"end":{"line":179,"column":13}},"17":{"start":{"line":181,"column":4},"end":{"line":184,"column":5}},"18":{"start":{"line":182,"column":6},"end":{"line":182,"column":57}},"19":{"start":{"line":183,"column":6},"end":{"line":183,"column":13}},"20":{"start":{"line":185,"column":4},"end":{"line":207,"column":5}},"21":{"start":{"line":186,"column":6},"end":{"line":186,"column":19}},"22":{"start":{"line":187,"column":6},"end":{"line":187,"column":23}},"23":{"start":{"line":197,"column":6},"end":{"line":197,"column":43}},"24":{"start":{"line":203,"column":6},"end":{"line":203,"column":105}},"25":{"start":{"line":204,"column":6},"end":{"line":204,"column":25}},"26":{"start":{"line":206,"column":6},"end":{"line":206,"column":24}},"27":{"start":{"line":210,"column":2},"end":{"line":305,"column":4}},"28":{"start":{"line":241,"column":33},"end":{"line":241,"column":63}},"29":{"start":{"line":257,"column":33},"end":{"line":257,"column":57}},"30":{"start":{"line":273,"column":33},"end":{"line":273,"column":60}},"31":{"start":{"line":289,"column":33},"end":{"line":289,"column":67}}},"fnMap":{"0":{"name":"(anonymous_0)","decl":{"start":{"line":161,"column":15},"end":{"line":161,"column":16}},"loc":{"start":{"line":161,"column":21},"end":{"line":306,"column":1}},"line":161},"1":{"name":"(anonymous_1)","decl":{"start":{"line":171,"column":23},"end":{"line":171,"column":24}},"loc":{"start":{"line":171,"column":53},"end":{"line":208,"column":3}},"line":171},"2":{"name":"(anonymous_2)","decl":{"start":{"line":241,"column":26},"end":{"line":241,"column":27}},"loc":{"start":{"line":241,"column":33},"end":{"line":241,"column":63}},"line":241},"3":{"name":"(anonymous_3)","decl":{"start":{"line":257,"column":26},"end":{"line":257,"column":27}},"loc":{"start":{"line":257,"column":33},"end":{"line":257,"column":57}},"line":257},"4":{"name":"(anonymous_4)","decl":{"start":{"line":273,"column":26},"end":{"line":273,"column":27}},"loc":{"start":{"line":273,"column":33},"end":{"line":273,"column":60}},"line":273},"5":{"name":"(anonymous_5)","decl":{"start":{"line":289,"column":26},"end":{"line":289,"column":27}},"loc":{"start":{"line":289,"column":33},"end":{"line":289,"column":67}},"line":289}},"branchMap":{"0":{"loc":{"start":{"line":173,"column":4},"end":{"line":176,"column":5}},"type":"if","locations":[{"start":{"line":173,"column":4},"end":{"line":176,"column":5}},{"start":{},"end":{}}],"line":173},"1":{"loc":{"start":{"line":173,"column":8},"end":{"line":173,"column":63}},"type":"binary-expr","locations":[{"start":{"line":173,"column":8},"end":{"line":173,"column":14}},{"start":{"line":173,"column":18},"end":{"line":173,"column":27}},{"start":{"line":173,"column":31},"end":{"line":173,"column":47}},{"start":{"line":173,"column":51},"end":{"line":173,"column":63}}],"line":173},"2":{"loc":{"start":{"line":177,"column":4},"end":{"line":180,"column":5}},"type":"if","locations":[{"start":{"line":177,"column":4},"end":{"line":180,"column":5}},{"start":{},"end":{}}],"line":177},"3":{"loc":{"start":{"line":181,"column":4},"end":{"line":184,"column":5}},"type":"if","locations":[{"start":{"line":181,"column":4},"end":{"line":184,"column":5}},{"start":{},"end":{}}],"line":181},"4":{"loc":{"start":{"line":203,"column":15},"end":{"line":203,"column":103}},"type":"binary-expr","locations":[{"start":{"line":203,"column":15},"end":{"line":203,"column":40}},{"start":{"line":203,"column":44},"end":{"line":203,"column":103}}],"line":203},"5":{"loc":{"start":{"line":224,"column":9},"end":{"line":228,"column":9}},"type":"binary-expr","locations":[{"start":{"line":224,"column":9},"end":{"line":224,"column":14}},{"start":{"line":225,"column":10},"end":{"line":227,"column":16}}],"line":224},"6":{"loc":{"start":{"line":300,"column":13},"end":{"line":300,"column":63}},"type":"cond-expr","locations":[{"start":{"line":300,"column":23},"end":{"line":300,"column":44}},{"start":{"line":300,"column":47},"end":{"line":300,"column":63}}],"line":300}},"s":{"0":1,"1":20,"2":20,"3":20,"4":20,"5":20,"6":20,"7":20,"8":20,"9":20,"10":3,"11":3,"12":0,"13":0,"14":3,"15":1,"16":1,"17":2,"18":1,"19":1,"20":1,"21":1,"22":1,"23":1,"24":0,"25":0,"26":1,"27":20,"28":3,"29":3,"30":3,"31":3},"f":{"0":20,"1":3,"2":3,"3":3,"4":3,"5":3},"b":{"0":[0,3],"1":[3,3,3,3],"2":[1,2],"3":[1,1],"4":[0,0],"5":[20,2],"6":[0,20]},"_coverageSchema":"1a1c01bbd47fc00a2c39e90264f33305004495a9","hash":"f3ee1a4b21cbdab0eb92126b00095a4fbf00acdb"}
,"E:\\ClearView_WebApplication_Latest\\ClearView_CVBUN\\src\\pages\\Subscription.tsx": {"path":"E:\\ClearView_WebApplication_Latest\\ClearView_CVBUN\\src\\pages\\Subscription.tsx","statementMap":{"0":{"start":{"line":171,"column":21},"end":{"line":295,"column":1}},"1":{"start":{"line":172,"column":26},"end":{"line":172,"column":35}},"2":{"start":{"line":173,"column":42},"end":{"line":173,"column":89}},"3":{"start":{"line":175,"column":16},"end":{"line":215,"column":3}},"4":{"start":{"line":217,"column":26},"end":{"line":219,"column":3}},"5":{"start":{"line":218,"column":4},"end":{"line":218,"column":55}},"6":{"start":{"line":221,"column":2},"end":{"line":294,"column":4}},"7":{"start":{"line":232,"column":10},"end":{"line":267,"column":16}},"8":{"start":{"line":247,"column":31},"end":{"line":247,"column":87}},"9":{"start":{"line":260,"column":18},"end":{"line":263,"column":23}}},"fnMap":{"0":{"name":"(anonymous_0)","decl":{"start":{"line":171,"column":21},"end":{"line":171,"column":22}},"loc":{"start":{"line":171,"column":27},"end":{"line":295,"column":1}},"line":171},"1":{"name":"(anonymous_1)","decl":{"start":{"line":217,"column":26},"end":{"line":217,"column":27}},"loc":{"start":{"line":217,"column":32},"end":{"line":219,"column":3}},"line":217},"2":{"name":"(anonymous_2)","decl":{"start":{"line":231,"column":19},"end":{"line":231,"column":20}},"loc":{"start":{"line":232,"column":10},"end":{"line":267,"column":16}},"line":232},"3":{"name":"(anonymous_3)","decl":{"start":{"line":247,"column":25},"end":{"line":247,"column":26}},"loc":{"start":{"line":247,"column":31},"end":{"line":247,"column":87}},"line":247},"4":{"name":"(anonymous_4)","decl":{"start":{"line":259,"column":35},"end":{"line":259,"column":36}},"loc":{"start":{"line":260,"column":18},"end":{"line":263,"column":23}},"line":260}},"branchMap":{"0":{"loc":{"start":{"line":235,"column":14},"end":{"line":237,"column":35}},"type":"cond-expr","locations":[{"start":{"line":236,"column":18},"end":{"line":236,"column":59}},{"start":{"line":237,"column":18},"end":{"line":237,"column":35}}],"line":235},"1":{"loc":{"start":{"line":249,"column":18},"end":{"line":251,"column":72}},"type":"cond-expr","locations":[{"start":{"line":250,"column":22},"end":{"line":250,"column":78}},{"start":{"line":251,"column":22},"end":{"line":251,"column":72}}],"line":249},"2":{"loc":{"start":{"line":254,"column":17},"end":{"line":254,"column":65}},"type":"cond-expr","locations":[{"start":{"line":254,"column":44},"end":{"line":254,"column":54}},{"start":{"line":254,"column":57},"end":{"line":254,"column":65}}],"line":254},"3":{"loc":{"start":{"line":272,"column":9},"end":{"line":291,"column":9}},"type":"cond-expr","locations":[{"start":{"line":273,"column":10},"end":{"line":278,"column":19}},{"start":{"line":280,"column":10},"end":{"line":290,"column":16}}],"line":272}},"s":{"0":0,"1":0,"2":0,"3":0,"4":0,"5":0,"6":0,"7":0,"8":0,"9":0},"f":{"0":0,"1":0,"2":0,"3":0,"4":0},"b":{"0":[0,0],"1":[0,0],"2":[0,0],"3":[0,0]}}
,"E:\\ClearView_WebApplication_Latest\\ClearView_CVBUN\\src\\pages\\Usage.tsx": {"path":"E:\\ClearView_WebApplication_Latest\\ClearView_CVBUN\\src\\pages\\Usage.tsx","statementMap":{"0":{"start":{"line":497,"column":14},"end":{"line":580,"column":1}},"1":{"start":{"line":498,"column":23},"end":{"line":498,"column":32}},"2":{"start":{"line":500,"column":2},"end":{"line":519,"column":3}},"3":{"start":{"line":501,"column":4},"end":{"line":518,"column":6}},"4":{"start":{"line":521,"column":51},"end":{"line":521,"column":59}},"5":{"start":{"line":523,"column":16},"end":{"line":527,"column":3}},"6":{"start":{"line":529,"column":15},"end":{"line":533,"column":3}},"7":{"start":{"line":535,"column":2},"end":{"line":579,"column":4}},"8":{"start":{"line":554,"column":10},"end":{"line":564,"column":17}}},"fnMap":{"0":{"name":"(anonymous_0)","decl":{"start":{"line":497,"column":14},"end":{"line":497,"column":15}},"loc":{"start":{"line":497,"column":20},"end":{"line":580,"column":1}},"line":497},"1":{"name":"(anonymous_1)","decl":{"start":{"line":553,"column":15},"end":{"line":553,"column":16}},"loc":{"start":{"line":554,"column":10},"end":{"line":564,"column":17}},"line":554}},"branchMap":{"0":{"loc":{"start":{"line":500,"column":2},"end":{"line":519,"column":3}},"type":"if","locations":[{"start":{"line":500,"column":2},"end":{"line":519,"column":3}},{"start":{},"end":{}}],"line":500},"1":{"loc":{"start":{"line":524,"column":23},"end":{"line":524,"column":48}},"type":"binary-expr","locations":[{"start":{"line":524,"column":23},"end":{"line":524,"column":43}},{"start":{"line":524,"column":47},"end":{"line":524,"column":48}}],"line":524},"2":{"loc":{"start":{"line":525,"column":22},"end":{"line":525,"column":45}},"type":"binary-expr","locations":[{"start":{"line":525,"column":22},"end":{"line":525,"column":40}},{"start":{"line":525,"column":44},"end":{"line":525,"column":45}}],"line":525},"3":{"loc":{"start":{"line":526,"column":19},"end":{"line":526,"column":39}},"type":"binary-expr","locations":[{"start":{"line":526,"column":19},"end":{"line":526,"column":34}},{"start":{"line":526,"column":38},"end":{"line":526,"column":39}}],"line":526}},"s":{"0":0,"1":0,"2":0,"3":0,"4":0,"5":0,"6":0,"7":0,"8":0},"f":{"0":0,"1":0},"b":{"0":[0,0],"1":[0,0],"2":[0,0],"3":[0,0]}}
,"E:\\ClearView_WebApplication_Latest\\ClearView_CVBUN\\src\\types\\index.ts": {"path":"E:\\ClearView_WebApplication_Latest\\ClearView_CVBUN\\src\\types\\index.ts","statementMap":{},"fnMap":{},"branchMap":{},"s":{},"f":{},"b":{}}
}
