{"E:\\ClearView_WebApplication_Latest\\ClearView_CVBUN\\src\\App.tsx": {"path":"E:\\ClearView_WebApplication_Latest\\ClearView_CVBUN\\src\\App.tsx","statementMap":{"0":{"start":{"line":41,"column":2},"end":{"line":88,"column":4}}},"fnMap":{"0":{"name":"App","decl":{"start":{"line":19,"column":9},"end":{"line":19,"column":12}},"loc":{"start":{"line":19,"column":15},"end":{"line":89,"column":1}},"line":19}},"branchMap":{},"s":{"0":0},"f":{"0":0},"b":{}}
,"E:\\ClearView_WebApplication_Latest\\ClearView_CVBUN\\src\\main.tsx": {"path":"E:\\ClearView_WebApplication_Latest\\ClearView_CVBUN\\src\\main.tsx","statementMap":{"0":{"start":{"line":6,"column":0},"end":{"line":10,"column":1}}},"fnMap":{},"branchMap":{},"s":{"0":0},"f":{},"b":{}}
,"E:\\ClearView_WebApplication_Latest\\ClearView_CVBUN\\src\\test-utils.js": {"path":"E:\\ClearView_WebApplication_Latest\\ClearView_CVBUN\\src\\test-utils.js","statementMap":{"0":{"start":{"line":7,"column":2},"end":{"line":11,"column":4}}},"fnMap":{"0":{"name":"renderWithRouter","decl":{"start":{"line":6,"column":16},"end":{"line":6,"column":32}},"loc":{"start":{"line":6,"column":59},"end":{"line":12,"column":1}},"line":6}},"branchMap":{"0":{"loc":{"start":{"line":6,"column":37},"end":{"line":6,"column":57}},"type":"default-arg","locations":[{"start":{"line":6,"column":55},"end":{"line":6,"column":57}}],"line":6},"1":{"loc":{"start":{"line":6,"column":39},"end":{"line":6,"column":50}},"type":"default-arg","locations":[{"start":{"line":6,"column":47},"end":{"line":6,"column":50}}],"line":6}},"s":{"0":0},"f":{"0":0},"b":{"0":[0],"1":[0]}}
,"E:\\ClearView_WebApplication_Latest\\ClearView_CVBUN\\src\\User_backend\\server.js": {"path":"E:\\ClearView_WebApplication_Latest\\ClearView_CVBUN\\src\\User_backend\\server.js","statementMap":{"0":{"start":{"line":8,"column":0},"end":{"line":8,"column":15}},"1":{"start":{"line":10,"column":12},"end":{"line":10,"column":21}},"2":{"start":{"line":13,"column":0},"end":{"line":13,"column":16}},"3":{"start":{"line":14,"column":0},"end":{"line":14,"column":24}},"4":{"start":{"line":17,"column":0},"end":{"line":22,"column":66}},"5":{"start":{"line":21,"column":12},"end":{"line":21,"column":47}},"6":{"start":{"line":22,"column":14},"end":{"line":22,"column":64}},"7":{"start":{"line":25,"column":0},"end":{"line":25,"column":33}},"8":{"start":{"line":26,"column":0},"end":{"line":26,"column":33}},"9":{"start":{"line":29,"column":13},"end":{"line":29,"column":37}},"10":{"start":{"line":30,"column":0},"end":{"line":32,"column":3}},"11":{"start":{"line":31,"column":2},"end":{"line":31,"column":51}}},"fnMap":{"0":{"name":"(anonymous_0)","decl":{"start":{"line":21,"column":6},"end":{"line":21,"column":7}},"loc":{"start":{"line":21,"column":12},"end":{"line":21,"column":47}},"line":21},"1":{"name":"(anonymous_1)","decl":{"start":{"line":22,"column":7},"end":{"line":22,"column":8}},"loc":{"start":{"line":22,"column":14},"end":{"line":22,"column":64}},"line":22},"2":{"name":"(anonymous_2)","decl":{"start":{"line":30,"column":17},"end":{"line":30,"column":18}},"loc":{"start":{"line":30,"column":23},"end":{"line":32,"column":1}},"line":30}},"branchMap":{"0":{"loc":{"start":{"line":29,"column":13},"end":{"line":29,"column":37}},"type":"binary-expr","locations":[{"start":{"line":29,"column":13},"end":{"line":29,"column":29}},{"start":{"line":29,"column":33},"end":{"line":29,"column":37}}],"line":29}},"s":{"0":0,"1":0,"2":0,"3":0,"4":0,"5":0,"6":0,"7":0,"8":0,"9":0,"10":0,"11":0},"f":{"0":0,"1":0,"2":0},"b":{"0":[0,0]}}
,"E:\\ClearView_WebApplication_Latest\\ClearView_CVBUN\\src\\User_backend\\__tests__\\setup.js": {"path":"E:\\ClearView_WebApplication_Latest\\ClearView_CVBUN\\src\\User_backend\\__tests__\\setup.js","statementMap":{"0":{"start":{"line":7,"column":0},"end":{"line":11,"column":3}},"1":{"start":{"line":8,"column":2},"end":{"line":8,"column":49}},"2":{"start":{"line":9,"column":14},"end":{"line":9,"column":34}},"3":{"start":{"line":10,"column":2},"end":{"line":10,"column":30}},"4":{"start":{"line":14,"column":0},"end":{"line":17,"column":3}},"5":{"start":{"line":15,"column":2},"end":{"line":15,"column":30}},"6":{"start":{"line":16,"column":2},"end":{"line":16,"column":27}},"7":{"start":{"line":20,"column":0},"end":{"line":25,"column":3}},"8":{"start":{"line":21,"column":22},"end":{"line":21,"column":53}},"9":{"start":{"line":22,"column":2},"end":{"line":24,"column":3}},"10":{"start":{"line":23,"column":4},"end":{"line":23,"column":42}}},"fnMap":{"0":{"name":"(anonymous_0)","decl":{"start":{"line":7,"column":10},"end":{"line":7,"column":11}},"loc":{"start":{"line":7,"column":22},"end":{"line":11,"column":1}},"line":7},"1":{"name":"(anonymous_1)","decl":{"start":{"line":14,"column":9},"end":{"line":14,"column":10}},"loc":{"start":{"line":14,"column":21},"end":{"line":17,"column":1}},"line":14},"2":{"name":"(anonymous_2)","decl":{"start":{"line":20,"column":10},"end":{"line":20,"column":11}},"loc":{"start":{"line":20,"column":22},"end":{"line":25,"column":1}},"line":20}},"branchMap":{},"s":{"0":0,"1":0,"2":0,"3":0,"4":0,"5":0,"6":0,"7":0,"8":0,"9":0,"10":0},"f":{"0":0,"1":0,"2":0},"b":{}}
,"E:\\ClearView_WebApplication_Latest\\ClearView_CVBUN\\src\\User_backend\\config\\db.js": {"path":"E:\\ClearView_WebApplication_Latest\\ClearView_CVBUN\\src\\User_backend\\config\\db.js","statementMap":{"0":{"start":{"line":4,"column":0},"end":{"line":4,"column":16}},"1":{"start":{"line":6,"column":18},"end":{"line":6,"column":39}},"2":{"start":{"line":7,"column":0},"end":{"line":9,"column":1}},"3":{"start":{"line":8,"column":2},"end":{"line":8,"column":72}},"4":{"start":{"line":11,"column":18},"end":{"line":24,"column":1}},"5":{"start":{"line":12,"column":2},"end":{"line":15,"column":3}},"6":{"start":{"line":13,"column":4},"end":{"line":13,"column":49}},"7":{"start":{"line":14,"column":4},"end":{"line":14,"column":11}},"8":{"start":{"line":17,"column":2},"end":{"line":23,"column":3}},"9":{"start":{"line":18,"column":4},"end":{"line":18,"column":38}},"10":{"start":{"line":19,"column":4},"end":{"line":19,"column":37}},"11":{"start":{"line":21,"column":4},"end":{"line":21,"column":52}},"12":{"start":{"line":22,"column":4},"end":{"line":22,"column":50}}},"fnMap":{"0":{"name":"(anonymous_0)","decl":{"start":{"line":11,"column":18},"end":{"line":11,"column":19}},"loc":{"start":{"line":11,"column":30},"end":{"line":24,"column":1}},"line":11}},"branchMap":{"0":{"loc":{"start":{"line":7,"column":0},"end":{"line":9,"column":1}},"type":"if","locations":[{"start":{"line":7,"column":0},"end":{"line":9,"column":1}},{"start":{},"end":{}}],"line":7},"1":{"loc":{"start":{"line":12,"column":2},"end":{"line":15,"column":3}},"type":"if","locations":[{"start":{"line":12,"column":2},"end":{"line":15,"column":3}},{"start":{},"end":{}}],"line":12}},"s":{"0":0,"1":0,"2":0,"3":0,"4":0,"5":0,"6":0,"7":0,"8":0,"9":0,"10":0,"11":0,"12":0},"f":{"0":0},"b":{"0":[0,0],"1":[0,0]}}
,"E:\\ClearView_WebApplication_Latest\\ClearView_CVBUN\\src\\User_backend\\middleware\\auth.js": {"path":"E:\\ClearView_WebApplication_Latest\\ClearView_CVBUN\\src\\User_backend\\middleware\\auth.js","statementMap":{"0":{"start":{"line":3,"column":13},"end":{"line":16,"column":1}},"1":{"start":{"line":4,"column":16},"end":{"line":4,"column":67}},"2":{"start":{"line":5,"column":2},"end":{"line":5,"column":70}},"3":{"start":{"line":5,"column":14},"end":{"line":5,"column":70}},"4":{"start":{"line":7,"column":2},"end":{"line":15,"column":3}},"5":{"start":{"line":8,"column":20},"end":{"line":8,"column":56}},"6":{"start":{"line":9,"column":4},"end":{"line":9,"column":24}},"7":{"start":{"line":10,"column":4},"end":{"line":10,"column":32}},"8":{"start":{"line":11,"column":4},"end":{"line":11,"column":27}},"9":{"start":{"line":12,"column":4},"end":{"line":12,"column":11}},"10":{"start":{"line":14,"column":4},"end":{"line":14,"column":53}}},"fnMap":{"0":{"name":"(anonymous_0)","decl":{"start":{"line":3,"column":13},"end":{"line":3,"column":14}},"loc":{"start":{"line":3,"column":33},"end":{"line":16,"column":1}},"line":3}},"branchMap":{"0":{"loc":{"start":{"line":5,"column":2},"end":{"line":5,"column":70}},"type":"if","locations":[{"start":{"line":5,"column":2},"end":{"line":5,"column":70}},{"start":{},"end":{}}],"line":5}},"s":{"0":2,"1":5,"2":5,"3":1,"4":4,"5":4,"6":3,"7":3,"8":3,"9":3,"10":1},"f":{"0":5},"b":{"0":[1,4]},"_coverageSchema":"1a1c01bbd47fc00a2c39e90264f33305004495a9","hash":"8c2237f00071ac5170c1dcabd5188206e7912851"}
,"E:\\ClearView_WebApplication_Latest\\ClearView_CVBUN\\src\\User_backend\\models\\User.js": {"path":"E:\\ClearView_WebApplication_Latest\\ClearView_CVBUN\\src\\User_backend\\models\\User.js","statementMap":{"0":{"start":{"line":4,"column":19},"end":{"line":21,"column":2}},"1":{"start":{"line":24,"column":0},"end":{"line":29,"column":3}},"2":{"start":{"line":25,"column":2},"end":{"line":27,"column":3}},"3":{"start":{"line":26,"column":4},"end":{"line":26,"column":57}},"4":{"start":{"line":28,"column":2},"end":{"line":28,"column":9}}},"fnMap":{"0":{"name":"(anonymous_0)","decl":{"start":{"line":24,"column":23},"end":{"line":24,"column":24}},"loc":{"start":{"line":24,"column":45},"end":{"line":29,"column":1}},"line":24}},"branchMap":{"0":{"loc":{"start":{"line":25,"column":2},"end":{"line":27,"column":3}},"type":"if","locations":[{"start":{"line":25,"column":2},"end":{"line":27,"column":3}},{"start":{},"end":{}}],"line":25}},"s":{"0":3,"1":3,"2":24,"3":20,"4":24},"f":{"0":24},"b":{"0":[20,4]},"_coverageSchema":"1a1c01bbd47fc00a2c39e90264f33305004495a9","hash":"93c55a019802f659111c857cf49f6406f57b846a"}
,"E:\\ClearView_WebApplication_Latest\\ClearView_CVBUN\\src\\User_backend\\routes\\auth.js": {"path":"E:\\ClearView_WebApplication_Latest\\ClearView_CVBUN\\src\\User_backend\\routes\\auth.js","statementMap":{"0":{"start":{"line":7,"column":15},"end":{"line":7,"column":31}},"1":{"start":{"line":10,"column":0},"end":{"line":24,"column":3}},"2":{"start":{"line":11,"column":2},"end":{"line":23,"column":3}},"3":{"start":{"line":12,"column":17},"end":{"line":12,"column":48}},"4":{"start":{"line":13,"column":4},"end":{"line":15,"column":5}},"5":{"start":{"line":14,"column":6},"end":{"line":14,"column":65}},"6":{"start":{"line":19,"column":4},"end":{"line":19,"column":19}},"7":{"start":{"line":21,"column":4},"end":{"line":21,"column":25}},"8":{"start":{"line":22,"column":4},"end":{"line":22,"column":73}},"9":{"start":{"line":27,"column":0},"end":{"line":39,"column":3}},"10":{"start":{"line":28,"column":2},"end":{"line":38,"column":3}},"11":{"start":{"line":29,"column":42},"end":{"line":29,"column":50}},"12":{"start":{"line":30,"column":25},"end":{"line":30,"column":54}},"13":{"start":{"line":31,"column":4},"end":{"line":31,"column":85}},"14":{"start":{"line":31,"column":22},"end":{"line":31,"column":85}},"15":{"start":{"line":32,"column":17},"end":{"line":32,"column":56}},"16":{"start":{"line":33,"column":4},"end":{"line":33,"column":22}},"17":{"start":{"line":34,"column":18},"end":{"line":34,"column":88}},"18":{"start":{"line":35,"column":4},"end":{"line":35,"column":66}},"19":{"start":{"line":37,"column":4},"end":{"line":37,"column":49}},"20":{"start":{"line":42,"column":0},"end":{"line":54,"column":3}},"21":{"start":{"line":43,"column":2},"end":{"line":53,"column":3}},"22":{"start":{"line":44,"column":32},"end":{"line":44,"column":40}},"23":{"start":{"line":45,"column":17},"end":{"line":45,"column":46}},"24":{"start":{"line":46,"column":4},"end":{"line":46,"column":49}},"25":{"start":{"line":46,"column":15},"end":{"line":46,"column":49}},"26":{"start":{"line":47,"column":20},"end":{"line":47,"column":65}},"27":{"start":{"line":48,"column":4},"end":{"line":48,"column":57}},"28":{"start":{"line":48,"column":18},"end":{"line":48,"column":57}},"29":{"start":{"line":49,"column":18},"end":{"line":49,"column":88}},"30":{"start":{"line":50,"column":4},"end":{"line":50,"column":54}},"31":{"start":{"line":52,"column":4},"end":{"line":52,"column":49}},"32":{"start":{"line":57,"column":0},"end":{"line":59,"column":3}},"33":{"start":{"line":58,"column":2},"end":{"line":58,"column":45}}},"fnMap":{"0":{"name":"(anonymous_0)","decl":{"start":{"line":10,"column":34},"end":{"line":10,"column":35}},"loc":{"start":{"line":10,"column":54},"end":{"line":24,"column":1}},"line":10},"1":{"name":"(anonymous_1)","decl":{"start":{"line":27,"column":23},"end":{"line":27,"column":24}},"loc":{"start":{"line":27,"column":43},"end":{"line":39,"column":1}},"line":27},"2":{"name":"(anonymous_2)","decl":{"start":{"line":42,"column":22},"end":{"line":42,"column":23}},"loc":{"start":{"line":42,"column":42},"end":{"line":54,"column":1}},"line":42},"3":{"name":"(anonymous_3)","decl":{"start":{"line":57,"column":23},"end":{"line":57,"column":24}},"loc":{"start":{"line":57,"column":37},"end":{"line":59,"column":1}},"line":57}},"branchMap":{"0":{"loc":{"start":{"line":13,"column":4},"end":{"line":15,"column":5}},"type":"if","locations":[{"start":{"line":13,"column":4},"end":{"line":15,"column":5}},{"start":{},"end":{}}],"line":13},"1":{"loc":{"start":{"line":31,"column":4},"end":{"line":31,"column":85}},"type":"if","locations":[{"start":{"line":31,"column":4},"end":{"line":31,"column":85}},{"start":{},"end":{}}],"line":31},"2":{"loc":{"start":{"line":46,"column":4},"end":{"line":46,"column":49}},"type":"if","locations":[{"start":{"line":46,"column":4},"end":{"line":46,"column":49}},{"start":{},"end":{}}],"line":46},"3":{"loc":{"start":{"line":48,"column":4},"end":{"line":48,"column":57}},"type":"if","locations":[{"start":{"line":48,"column":4},"end":{"line":48,"column":57}},{"start":{},"end":{}}],"line":48}},"s":{"0":1,"1":1,"2":2,"3":2,"4":1,"5":0,"6":1,"7":1,"8":1,"9":1,"10":3,"11":3,"12":3,"13":3,"14":1,"15":2,"16":2,"17":1,"18":1,"19":1,"20":1,"21":3,"22":3,"23":3,"24":3,"25":2,"26":1,"27":1,"28":1,"29":0,"30":0,"31":3,"32":1,"33":1},"f":{"0":2,"1":3,"2":3,"3":1},"b":{"0":[0,1],"1":[1,2],"2":[2,1],"3":[1,0]},"_coverageSchema":"1a1c01bbd47fc00a2c39e90264f33305004495a9","hash":"23aea72812424b42dd59c4d04d708c55aa494373"}
,"E:\\ClearView_WebApplication_Latest\\ClearView_CVBUN\\src\\User_backend\\routes\\user.js": {"path":"E:\\ClearView_WebApplication_Latest\\ClearView_CVBUN\\src\\User_backend\\routes\\user.js","statementMap":{"0":{"start":{"line":6,"column":15},"end":{"line":6,"column":31}},"1":{"start":{"line":9,"column":0},"end":{"line":69,"column":3}},"2":{"start":{"line":10,"column":26},"end":{"line":10,"column":34}},"3":{"start":{"line":11,"column":17},"end":{"line":11,"column":27}},"4":{"start":{"line":14,"column":2},"end":{"line":19,"column":3}},"5":{"start":{"line":15,"column":4},"end":{"line":18,"column":7}},"6":{"start":{"line":21,"column":2},"end":{"line":68,"column":3}},"7":{"start":{"line":23,"column":27},"end":{"line":23,"column":52}},"8":{"start":{"line":24,"column":4},"end":{"line":31,"column":5}},"9":{"start":{"line":25,"column":6},"end":{"line":30,"column":7}},"10":{"start":{"line":26,"column":8},"end":{"line":29,"column":11}},"11":{"start":{"line":33,"column":24},"end":{"line":40,"column":27}},"12":{"start":{"line":42,"column":4},"end":{"line":44,"column":5}},"13":{"start":{"line":43,"column":6},"end":{"line":43,"column":63}},"14":{"start":{"line":47,"column":4},"end":{"line":51,"column":7}},"15":{"start":{"line":54,"column":4},"end":{"line":54,"column":40}},"16":{"start":{"line":57,"column":4},"end":{"line":62,"column":5}},"17":{"start":{"line":58,"column":6},"end":{"line":61,"column":9}},"18":{"start":{"line":60,"column":52},"end":{"line":60,"column":61}},"19":{"start":{"line":64,"column":4},"end":{"line":67,"column":7}},"20":{"start":{"line":72,"column":0},"end":{"line":93,"column":3}},"21":{"start":{"line":73,"column":17},"end":{"line":73,"column":27}},"22":{"start":{"line":74,"column":20},"end":{"line":74,"column":33}},"23":{"start":{"line":76,"column":2},"end":{"line":92,"column":3}},"24":{"start":{"line":77,"column":17},"end":{"line":77,"column":44}},"25":{"start":{"line":79,"column":4},"end":{"line":89,"column":5}},"26":{"start":{"line":81,"column":6},"end":{"line":81,"column":41}},"27":{"start":{"line":84,"column":6},"end":{"line":84,"column":24}},"28":{"start":{"line":85,"column":6},"end":{"line":85,"column":60}},"29":{"start":{"line":88,"column":6},"end":{"line":88,"column":69}},"30":{"start":{"line":91,"column":4},"end":{"line":91,"column":49}},"31":{"start":{"line":96,"column":0},"end":{"line":117,"column":3}},"32":{"start":{"line":97,"column":17},"end":{"line":97,"column":27}},"33":{"start":{"line":98,"column":18},"end":{"line":98,"column":31}},"34":{"start":{"line":100,"column":2},"end":{"line":116,"column":3}},"35":{"start":{"line":101,"column":17},"end":{"line":101,"column":44}},"36":{"start":{"line":103,"column":4},"end":{"line":113,"column":5}},"37":{"start":{"line":105,"column":6},"end":{"line":105,"column":37}},"38":{"start":{"line":108,"column":6},"end":{"line":108,"column":24}},"39":{"start":{"line":109,"column":6},"end":{"line":109,"column":58}},"40":{"start":{"line":112,"column":6},"end":{"line":112,"column":67}},"41":{"start":{"line":115,"column":4},"end":{"line":115,"column":49}},"42":{"start":{"line":120,"column":0},"end":{"line":193,"column":3}},"43":{"start":{"line":121,"column":2},"end":{"line":192,"column":3}},"44":{"start":{"line":122,"column":22},"end":{"line":122,"column":35}},"45":{"start":{"line":123,"column":21},"end":{"line":123,"column":29}},"46":{"start":{"line":124,"column":19},"end":{"line":124,"column":29}},"47":{"start":{"line":127,"column":4},"end":{"line":129,"column":5}},"48":{"start":{"line":128,"column":6},"end":{"line":128,"column":73}},"49":{"start":{"line":132,"column":17},"end":{"line":132,"column":44}},"50":{"start":{"line":134,"column":4},"end":{"line":136,"column":5}},"51":{"start":{"line":135,"column":6},"end":{"line":135,"column":63}},"52":{"start":{"line":139,"column":4},"end":{"line":141,"column":5}},"53":{"start":{"line":140,"column":6},"end":{"line":140,"column":25}},"54":{"start":{"line":143,"column":4},"end":{"line":146,"column":7}},"55":{"start":{"line":148,"column":4},"end":{"line":148,"column":22}},"56":{"start":{"line":149,"column":4},"end":{"line":149,"column":30}},"57":{"start":{"line":152,"column":4},"end":{"line":184,"column":5}},"58":{"start":{"line":153,"column":23},"end":{"line":163,"column":8}},"59":{"start":{"line":165,"column":6},"end":{"line":167,"column":7}},"60":{"start":{"line":166,"column":8},"end":{"line":166,"column":75}},"61":{"start":{"line":169,"column":29},"end":{"line":169,"column":50}},"62":{"start":{"line":171,"column":6},"end":{"line":175,"column":9}},"63":{"start":{"line":177,"column":6},"end":{"line":177,"column":69}},"64":{"start":{"line":179,"column":6},"end":{"line":183,"column":9}},"65":{"start":{"line":186,"column":4},"end":{"line":186,"column":50}},"66":{"start":{"line":187,"column":4},"end":{"line":191,"column":7}}},"fnMap":{"0":{"name":"(anonymous_0)","decl":{"start":{"line":9,"column":33},"end":{"line":9,"column":34}},"loc":{"start":{"line":9,"column":53},"end":{"line":69,"column":1}},"line":9},"1":{"name":"(anonymous_1)","decl":{"start":{"line":60,"column":47},"end":{"line":60,"column":48}},"loc":{"start":{"line":60,"column":52},"end":{"line":60,"column":61}},"line":60},"2":{"name":"(anonymous_2)","decl":{"start":{"line":72,"column":40},"end":{"line":72,"column":41}},"loc":{"start":{"line":72,"column":60},"end":{"line":93,"column":1}},"line":72},"3":{"name":"(anonymous_3)","decl":{"start":{"line":96,"column":38},"end":{"line":96,"column":39}},"loc":{"start":{"line":96,"column":58},"end":{"line":117,"column":1}},"line":96},"4":{"name":"(anonymous_4)","decl":{"start":{"line":120,"column":43},"end":{"line":120,"column":44}},"loc":{"start":{"line":120,"column":63},"end":{"line":193,"column":1}},"line":120}},"branchMap":{"0":{"loc":{"start":{"line":14,"column":2},"end":{"line":19,"column":3}},"type":"if","locations":[{"start":{"line":14,"column":2},"end":{"line":19,"column":3}},{"start":{},"end":{}}],"line":14},"1":{"loc":{"start":{"line":14,"column":6},"end":{"line":14,"column":53}},"type":"binary-expr","locations":[{"start":{"line":14,"column":6},"end":{"line":14,"column":18}},{"start":{"line":14,"column":22},"end":{"line":14,"column":53}}],"line":14},"2":{"loc":{"start":{"line":25,"column":6},"end":{"line":30,"column":7}},"type":"if","locations":[{"start":{"line":25,"column":6},"end":{"line":30,"column":7}},{"start":{},"end":{}}],"line":25},"3":{"loc":{"start":{"line":42,"column":4},"end":{"line":44,"column":5}},"type":"if","locations":[{"start":{"line":42,"column":4},"end":{"line":44,"column":5}},{"start":{},"end":{}}],"line":42},"4":{"loc":{"start":{"line":57,"column":4},"end":{"line":62,"column":5}},"type":"if","locations":[{"start":{"line":57,"column":4},"end":{"line":62,"column":5}},{"start":{},"end":{}}],"line":57},"5":{"loc":{"start":{"line":79,"column":4},"end":{"line":89,"column":5}},"type":"if","locations":[{"start":{"line":79,"column":4},"end":{"line":89,"column":5}},{"start":{"line":87,"column":9},"end":{"line":89,"column":5}}],"line":79},"6":{"loc":{"start":{"line":103,"column":4},"end":{"line":113,"column":5}},"type":"if","locations":[{"start":{"line":103,"column":4},"end":{"line":113,"column":5}},{"start":{"line":111,"column":9},"end":{"line":113,"column":5}}],"line":103},"7":{"loc":{"start":{"line":127,"column":4},"end":{"line":129,"column":5}},"type":"if","locations":[{"start":{"line":127,"column":4},"end":{"line":129,"column":5}},{"start":{},"end":{}}],"line":127},"8":{"loc":{"start":{"line":127,"column":8},"end":{"line":127,"column":29}},"type":"binary-expr","locations":[{"start":{"line":127,"column":8},"end":{"line":127,"column":13}},{"start":{"line":127,"column":17},"end":{"line":127,"column":29}}],"line":127},"9":{"loc":{"start":{"line":134,"column":4},"end":{"line":136,"column":5}},"type":"if","locations":[{"start":{"line":134,"column":4},"end":{"line":136,"column":5}},{"start":{},"end":{}}],"line":134},"10":{"loc":{"start":{"line":139,"column":4},"end":{"line":141,"column":5}},"type":"if","locations":[{"start":{"line":139,"column":4},"end":{"line":141,"column":5}},{"start":{},"end":{}}],"line":139},"11":{"loc":{"start":{"line":165,"column":6},"end":{"line":167,"column":7}},"type":"if","locations":[{"start":{"line":165,"column":6},"end":{"line":167,"column":7}},{"start":{},"end":{}}],"line":165}},"s":{"0":1,"1":1,"2":5,"3":5,"4":5,"5":1,"6":4,"7":4,"8":4,"9":7,"10":1,"11":3,"12":2,"13":1,"14":1,"15":1,"16":1,"17":0,"18":0,"19":1,"20":1,"21":1,"22":1,"23":1,"24":1,"25":1,"26":1,"27":1,"28":1,"29":0,"30":0,"31":1,"32":1,"33":1,"34":1,"35":1,"36":1,"37":1,"38":1,"39":1,"40":0,"41":0,"42":1,"43":3,"44":3,"45":3,"46":3,"47":3,"48":1,"49":2,"50":2,"51":1,"52":1,"53":0,"54":1,"55":1,"56":1,"57":1,"58":1,"59":1,"60":1,"61":0,"62":0,"63":1,"64":1,"65":0,"66":0},"f":{"0":5,"1":0,"2":1,"3":1,"4":3},"b":{"0":[1,4],"1":[5,5],"2":[1,6],"3":[1,1],"4":[0,1],"5":[1,0],"6":[1,0],"7":[1,2],"8":[3,2],"9":[1,1],"10":[0,1],"11":[1,0]},"_coverageSchema":"1a1c01bbd47fc00a2c39e90264f33305004495a9","hash":"d458ca0502d066bdec52eb3f754a6b7866b76645"}
,"E:\\ClearView_WebApplication_Latest\\ClearView_CVBUN\\src\\api\\newsapi.ts": {"path":"E:\\ClearView_WebApplication_Latest\\ClearView_CVBUN\\src\\api\\newsapi.ts","statementMap":{"0":{"start":{"line":1,"column":17},"end":{"line":1,"column":40}},"1":{"start":{"line":4,"column":4},"end":{"line":14,"column":5}},"2":{"start":{"line":5,"column":25},"end":{"line":5,"column":56}},"3":{"start":{"line":6,"column":8},"end":{"line":8,"column":9}},"4":{"start":{"line":7,"column":12},"end":{"line":7,"column":52}},"5":{"start":{"line":9,"column":21},"end":{"line":9,"column":42}},"6":{"start":{"line":10,"column":8},"end":{"line":10,"column":20}},"7":{"start":{"line":12,"column":8},"end":{"line":12,"column":53}},"8":{"start":{"line":13,"column":8},"end":{"line":13,"column":18}}},"fnMap":{"0":{"name":"fetchNews","decl":{"start":{"line":3,"column":22},"end":{"line":3,"column":31}},"loc":{"start":{"line":3,"column":34},"end":{"line":15,"column":1}},"line":3}},"branchMap":{"0":{"loc":{"start":{"line":6,"column":8},"end":{"line":8,"column":9}},"type":"if","locations":[{"start":{"line":6,"column":8},"end":{"line":8,"column":9}},{"start":{},"end":{}}],"line":6}},"s":{"0":0,"1":0,"2":0,"3":0,"4":0,"5":0,"6":0,"7":0,"8":0},"f":{"0":0},"b":{"0":[0,0]}}
,"E:\\ClearView_WebApplication_Latest\\ClearView_CVBUN\\src\\chatbot\\copydata.js": {"path":"E:\\ClearView_WebApplication_Latest\\ClearView_CVBUN\\src\\chatbot\\copydata.js","statementMap":{"0":{"start":{"line":5,"column":0},"end":{"line":5,"column":16}},"1":{"start":{"line":8,"column":0},"end":{"line":13,"column":63}},"2":{"start":{"line":12,"column":12},"end":{"line":12,"column":47}},"3":{"start":{"line":13,"column":14},"end":{"line":13,"column":61}},"4":{"start":{"line":16,"column":22},"end":{"line":29,"column":2}},"5":{"start":{"line":32,"column":19},"end":{"line":35,"column":2}},"6":{"start":{"line":38,"column":16},"end":{"line":38,"column":56}},"7":{"start":{"line":39,"column":13},"end":{"line":39,"column":47}},"8":{"start":{"line":42,"column":17},"end":{"line":57,"column":1}},"9":{"start":{"line":43,"column":2},"end":{"line":56,"column":3}},"10":{"start":{"line":45,"column":21},"end":{"line":45,"column":77}},"11":{"start":{"line":48,"column":4},"end":{"line":48,"column":36}},"12":{"start":{"line":50,"column":4},"end":{"line":50,"column":45}},"13":{"start":{"line":52,"column":4},"end":{"line":52,"column":48}},"14":{"start":{"line":55,"column":4},"end":{"line":55,"column":32}},"15":{"start":{"line":60,"column":0},"end":{"line":60,"column":11}}},"fnMap":{"0":{"name":"(anonymous_0)","decl":{"start":{"line":12,"column":6},"end":{"line":12,"column":7}},"loc":{"start":{"line":12,"column":12},"end":{"line":12,"column":47}},"line":12},"1":{"name":"(anonymous_1)","decl":{"start":{"line":13,"column":7},"end":{"line":13,"column":8}},"loc":{"start":{"line":13,"column":14},"end":{"line":13,"column":61}},"line":13},"2":{"name":"(anonymous_2)","decl":{"start":{"line":42,"column":17},"end":{"line":42,"column":18}},"loc":{"start":{"line":42,"column":29},"end":{"line":57,"column":1}},"line":42}},"branchMap":{},"s":{"0":1,"1":1,"2":1,"3":0,"4":1,"5":1,"6":1,"7":1,"8":1,"9":1,"10":1,"11":1,"12":1,"13":0,"14":1,"15":1},"f":{"0":1,"1":0,"2":1},"b":{},"_coverageSchema":"1a1c01bbd47fc00a2c39e90264f33305004495a9","hash":"420e540df71bc4dbc10061f8d77286c807c5381f"}
,"E:\\ClearView_WebApplication_Latest\\ClearView_CVBUN\\src\\chatbot\\server.js": {"path":"E:\\ClearView_WebApplication_Latest\\ClearView_CVBUN\\src\\chatbot\\server.js","statementMap":{"0":{"start":{"line":7,"column":0},"end":{"line":7,"column":16}},"1":{"start":{"line":9,"column":0},"end":{"line":9,"column":53}},"2":{"start":{"line":11,"column":12},"end":{"line":11,"column":21}},"3":{"start":{"line":12,"column":13},"end":{"line":12,"column":37}},"4":{"start":{"line":15,"column":0},"end":{"line":15,"column":16}},"5":{"start":{"line":16,"column":0},"end":{"line":16,"column":24}},"6":{"start":{"line":19,"column":0},"end":{"line":24,"column":65}},"7":{"start":{"line":23,"column":14},"end":{"line":23,"column":49}},"8":{"start":{"line":24,"column":16},"end":{"line":24,"column":63}},"9":{"start":{"line":27,"column":19},"end":{"line":30,"column":2}},"10":{"start":{"line":33,"column":0},"end":{"line":33,"column":53}},"11":{"start":{"line":35,"column":13},"end":{"line":35,"column":47}},"12":{"start":{"line":38,"column":13},"end":{"line":40,"column":2}},"13":{"start":{"line":43,"column":0},"end":{"line":80,"column":3}},"14":{"start":{"line":44,"column":23},"end":{"line":44,"column":31}},"15":{"start":{"line":46,"column":2},"end":{"line":79,"column":3}},"16":{"start":{"line":48,"column":25},"end":{"line":51,"column":54}},"17":{"start":{"line":53,"column":4},"end":{"line":53,"column":56}},"18":{"start":{"line":56,"column":28},"end":{"line":59,"column":7}},"19":{"start":{"line":56,"column":57},"end":{"line":59,"column":5}},"20":{"start":{"line":61,"column":19},"end":{"line":61,"column":128}},"21":{"start":{"line":63,"column":18},"end":{"line":63,"column":73}},"22":{"start":{"line":63,"column":26},"end":{"line":63,"column":73}},"23":{"start":{"line":63,"column":49},"end":{"line":63,"column":72}},"24":{"start":{"line":66,"column":4},"end":{"line":66,"column":22}},"25":{"start":{"line":69,"column":21},"end":{"line":72,"column":6}},"26":{"start":{"line":74,"column":4},"end":{"line":74,"column":69}},"27":{"start":{"line":75,"column":4},"end":{"line":75,"column":62}},"28":{"start":{"line":77,"column":4},"end":{"line":77,"column":35}},"29":{"start":{"line":78,"column":4},"end":{"line":78,"column":60}},"30":{"start":{"line":83,"column":0},"end":{"line":85,"column":3}},"31":{"start":{"line":84,"column":2},"end":{"line":84,"column":60}}},"fnMap":{"0":{"name":"(anonymous_0)","decl":{"start":{"line":23,"column":8},"end":{"line":23,"column":9}},"loc":{"start":{"line":23,"column":14},"end":{"line":23,"column":49}},"line":23},"1":{"name":"(anonymous_1)","decl":{"start":{"line":24,"column":9},"end":{"line":24,"column":10}},"loc":{"start":{"line":24,"column":16},"end":{"line":24,"column":63}},"line":24},"2":{"name":"(anonymous_2)","decl":{"start":{"line":43,"column":25},"end":{"line":43,"column":26}},"loc":{"start":{"line":43,"column":45},"end":{"line":80,"column":1}},"line":43},"3":{"name":"(anonymous_3)","decl":{"start":{"line":56,"column":45},"end":{"line":56,"column":46}},"loc":{"start":{"line":56,"column":57},"end":{"line":59,"column":5}},"line":56},"4":{"name":"(anonymous_4)","decl":{"start":{"line":63,"column":18},"end":{"line":63,"column":19}},"loc":{"start":{"line":63,"column":26},"end":{"line":63,"column":73}},"line":63},"5":{"name":"(anonymous_5)","decl":{"start":{"line":63,"column":38},"end":{"line":63,"column":39}},"loc":{"start":{"line":63,"column":49},"end":{"line":63,"column":72}},"line":63},"6":{"name":"(anonymous_6)","decl":{"start":{"line":83,"column":17},"end":{"line":83,"column":18}},"loc":{"start":{"line":83,"column":23},"end":{"line":85,"column":1}},"line":83}},"branchMap":{"0":{"loc":{"start":{"line":12,"column":13},"end":{"line":12,"column":37}},"type":"binary-expr","locations":[{"start":{"line":12,"column":13},"end":{"line":12,"column":29}},{"start":{"line":12,"column":33},"end":{"line":12,"column":37}}],"line":12}},"s":{"0":0,"1":0,"2":0,"3":0,"4":0,"5":0,"6":0,"7":0,"8":0,"9":0,"10":0,"11":0,"12":0,"13":0,"14":0,"15":0,"16":0,"17":0,"18":0,"19":0,"20":0,"21":0,"22":0,"23":0,"24":0,"25":0,"26":0,"27":0,"28":0,"29":0,"30":0,"31":0},"f":{"0":0,"1":0,"2":0,"3":0,"4":0,"5":0,"6":0},"b":{"0":[0,0]}}
,"E:\\ClearView_WebApplication_Latest\\ClearView_CVBUN\\src\\components\\ArticleCard.tsx": {"path":"E:\\ClearView_WebApplication_Latest\\ClearView_CVBUN\\src\\components\\ArticleCard.tsx","statementMap":{"0":{"start":{"line":29,"column":20},"end":{"line":294,"column":1}},"1":{"start":{"line":30,"column":38},"end":{"line":30,"column":53}},"2":{"start":{"line":34,"column":23},"end":{"line":36,"column":3}},"3":{"start":{"line":35,"column":4},"end":{"line":35,"column":31}},"4":{"start":{"line":79,"column":34},"end":{"line":190,"column":3}},"5":{"start":{"line":80,"column":4},"end":{"line":80,"column":41}},"6":{"start":{"line":80,"column":29},"end":{"line":80,"column":41}},"7":{"start":{"line":82,"column":28},"end":{"line":113,"column":5}},"8":{"start":{"line":115,"column":29},"end":{"line":118,"column":5}},"9":{"start":{"line":116,"column":27},"end":{"line":116,"column":82}},"10":{"start":{"line":121,"column":6},"end":{"line":126,"column":26}},"11":{"start":{"line":122,"column":38},"end":{"line":122,"column":59}},"12":{"start":{"line":123,"column":33},"end":{"line":123,"column":88}},"13":{"start":{"line":124,"column":38},"end":{"line":124,"column":60}},"14":{"start":{"line":128,"column":4},"end":{"line":189,"column":6}},"15":{"start":{"line":133,"column":32},"end":{"line":133,"column":61}},"16":{"start":{"line":134,"column":36},"end":{"line":134,"column":93}},"17":{"start":{"line":135,"column":33},"end":{"line":135,"column":63}},"18":{"start":{"line":136,"column":14},"end":{"line":177,"column":16}},"19":{"start":{"line":192,"column":2},"end":{"line":293,"column":4}},"20":{"start":{"line":263,"column":27},"end":{"line":263,"column":45}},"21":{"start":{"line":283,"column":27},"end":{"line":283,"column":46}}},"fnMap":{"0":{"name":"(anonymous_0)","decl":{"start":{"line":29,"column":20},"end":{"line":29,"column":21}},"loc":{"start":{"line":29,"column":124},"end":{"line":294,"column":1}},"line":29},"1":{"name":"(anonymous_1)","decl":{"start":{"line":34,"column":23},"end":{"line":34,"column":24}},"loc":{"start":{"line":34,"column":29},"end":{"line":36,"column":3}},"line":34},"2":{"name":"(anonymous_2)","decl":{"start":{"line":79,"column":34},"end":{"line":79,"column":35}},"loc":{"start":{"line":79,"column":40},"end":{"line":190,"column":3}},"line":79},"3":{"name":"(anonymous_3)","decl":{"start":{"line":116,"column":6},"end":{"line":116,"column":7}},"loc":{"start":{"line":116,"column":27},"end":{"line":116,"column":82}},"line":116},"4":{"name":"(anonymous_4)","decl":{"start":{"line":122,"column":33},"end":{"line":122,"column":34}},"loc":{"start":{"line":122,"column":38},"end":{"line":122,"column":59}},"line":122},"5":{"name":"(anonymous_5)","decl":{"start":{"line":123,"column":12},"end":{"line":123,"column":13}},"loc":{"start":{"line":123,"column":33},"end":{"line":123,"column":88}},"line":123},"6":{"name":"(anonymous_6)","decl":{"start":{"line":124,"column":33},"end":{"line":124,"column":34}},"loc":{"start":{"line":124,"column":38},"end":{"line":124,"column":60}},"line":124},"7":{"name":"(anonymous_7)","decl":{"start":{"line":132,"column":33},"end":{"line":132,"column":34}},"loc":{"start":{"line":132,"column":46},"end":{"line":178,"column":13}},"line":132},"8":{"name":"(anonymous_8)","decl":{"start":{"line":263,"column":21},"end":{"line":263,"column":22}},"loc":{"start":{"line":263,"column":27},"end":{"line":263,"column":45}},"line":263},"9":{"name":"(anonymous_9)","decl":{"start":{"line":283,"column":21},"end":{"line":283,"column":22}},"loc":{"start":{"line":283,"column":27},"end":{"line":283,"column":46}},"line":283}},"branchMap":{"0":{"loc":{"start":{"line":80,"column":4},"end":{"line":80,"column":41}},"type":"if","locations":[{"start":{"line":80,"column":4},"end":{"line":80,"column":41}},{"start":{},"end":{}}],"line":80},"1":{"loc":{"start":{"line":116,"column":27},"end":{"line":116,"column":82}},"type":"cond-expr","locations":[{"start":{"line":116,"column":67},"end":{"line":116,"column":76}},{"start":{"line":116,"column":79},"end":{"line":116,"column":82}}],"line":116},"2":{"loc":{"start":{"line":121,"column":6},"end":{"line":126,"column":26}},"type":"cond-expr","locations":[{"start":{"line":122,"column":10},"end":{"line":125,"column":11}},{"start":{"line":126,"column":10},"end":{"line":126,"column":26}}],"line":121},"3":{"loc":{"start":{"line":121,"column":6},"end":{"line":121,"column":79}},"type":"binary-expr","locations":[{"start":{"line":121,"column":6},"end":{"line":121,"column":42}},{"start":{"line":121,"column":46},"end":{"line":121,"column":79}}],"line":121},"4":{"loc":{"start":{"line":123,"column":33},"end":{"line":123,"column":88}},"type":"cond-expr","locations":[{"start":{"line":123,"column":73},"end":{"line":123,"column":82}},{"start":{"line":123,"column":85},"end":{"line":123,"column":88}}],"line":123},"5":{"loc":{"start":{"line":134,"column":36},"end":{"line":134,"column":93}},"type":"binary-expr","locations":[{"start":{"line":134,"column":36},"end":{"line":134,"column":46}},{"start":{"line":134,"column":51},"end":{"line":134,"column":60}},{"start":{"line":134,"column":64},"end":{"line":134,"column":92}}],"line":134},"6":{"loc":{"start":{"line":144,"column":24},"end":{"line":144,"column":116}},"type":"cond-expr","locations":[{"start":{"line":144,"column":37},"end":{"line":144,"column":59}},{"start":{"line":144,"column":62},"end":{"line":144,"column":116}}],"line":144},"7":{"loc":{"start":{"line":148,"column":32},"end":{"line":148,"column":52}},"type":"cond-expr","locations":[{"start":{"line":148,"column":45},"end":{"line":148,"column":47}},{"start":{"line":148,"column":50},"end":{"line":148,"column":52}}],"line":148},"8":{"loc":{"start":{"line":149,"column":33},"end":{"line":149,"column":53}},"type":"cond-expr","locations":[{"start":{"line":149,"column":46},"end":{"line":149,"column":48}},{"start":{"line":149,"column":51},"end":{"line":149,"column":53}}],"line":149},"9":{"loc":{"start":{"line":150,"column":33},"end":{"line":152,"column":32}},"type":"cond-expr","locations":[{"start":{"line":151,"column":26},"end":{"line":151,"column":90}},{"start":{"line":152,"column":26},"end":{"line":152,"column":32}}],"line":150},"10":{"loc":{"start":{"line":194,"column":7},"end":{"line":207,"column":7}},"type":"binary-expr","locations":[{"start":{"line":194,"column":7},"end":{"line":194,"column":23}},{"start":{"line":195,"column":8},"end":{"line":206,"column":14}}],"line":194},"11":{"loc":{"start":{"line":216,"column":11},"end":{"line":223,"column":11}},"type":"binary-expr","locations":[{"start":{"line":216,"column":11},"end":{"line":216,"column":29}},{"start":{"line":217,"column":12},"end":{"line":222,"column":18}}],"line":216},"12":{"loc":{"start":{"line":231,"column":11},"end":{"line":235,"column":42}},"type":"cond-expr","locations":[{"start":{"line":232,"column":14},"end":{"line":232,"column":33}},{"start":{"line":233,"column":14},"end":{"line":235,"column":42}}],"line":231},"13":{"loc":{"start":{"line":233,"column":14},"end":{"line":235,"column":42}},"type":"cond-expr","locations":[{"start":{"line":234,"column":16},"end":{"line":234,"column":102}},{"start":{"line":235,"column":16},"end":{"line":235,"column":42}}],"line":233},"14":{"loc":{"start":{"line":234,"column":55},"end":{"line":234,"column":100}},"type":"cond-expr","locations":[{"start":{"line":234,"column":90},"end":{"line":234,"column":95}},{"start":{"line":234,"column":98},"end":{"line":234,"column":100}}],"line":234},"15":{"loc":{"start":{"line":236,"column":11},"end":{"line":243,"column":11}},"type":"binary-expr","locations":[{"start":{"line":236,"column":11},"end":{"line":236,"column":30}},{"start":{"line":236,"column":34},"end":{"line":236,"column":66}},{"start":{"line":237,"column":12},"end":{"line":242,"column":21}}],"line":236},"16":{"loc":{"start":{"line":241,"column":15},"end":{"line":241,"column":53}},"type":"cond-expr","locations":[{"start":{"line":241,"column":28},"end":{"line":241,"column":39}},{"start":{"line":241,"column":42},"end":{"line":241,"column":53}}],"line":241},"17":{"loc":{"start":{"line":247,"column":9},"end":{"line":259,"column":9}},"type":"binary-expr","locations":[{"start":{"line":247,"column":9},"end":{"line":247,"column":19}},{"start":{"line":248,"column":12},"end":{"line":258,"column":18}}],"line":247},"18":{"loc":{"start":{"line":251,"column":27},"end":{"line":251,"column":55}},"type":"binary-expr","locations":[{"start":{"line":251,"column":28},"end":{"line":251,"column":49}},{"start":{"line":251,"column":54},"end":{"line":251,"column":55}}],"line":251},"19":{"loc":{"start":{"line":252,"column":28},"end":{"line":252,"column":61}},"type":"binary-expr","locations":[{"start":{"line":252,"column":29},"end":{"line":252,"column":55}},{"start":{"line":252,"column":60},"end":{"line":252,"column":61}}],"line":252},"20":{"loc":{"start":{"line":253,"column":26},"end":{"line":253,"column":56}},"type":"binary-expr","locations":[{"start":{"line":253,"column":27},"end":{"line":253,"column":50}},{"start":{"line":253,"column":55},"end":{"line":253,"column":56}}],"line":253},"21":{"loc":{"start":{"line":254,"column":29},"end":{"line":254,"column":63}},"type":"binary-expr","locations":[{"start":{"line":254,"column":30},"end":{"line":254,"column":57}},{"start":{"line":254,"column":62},"end":{"line":254,"column":63}}],"line":254},"22":{"loc":{"start":{"line":255,"column":28},"end":{"line":255,"column":57}},"type":"binary-expr","locations":[{"start":{"line":255,"column":29},"end":{"line":255,"column":51}},{"start":{"line":255,"column":56},"end":{"line":255,"column":57}}],"line":255}},"s":{"0":1,"1":8,"2":8,"3":0,"4":8,"5":0,"6":0,"7":0,"8":0,"9":0,"10":0,"11":0,"12":0,"13":0,"14":0,"15":0,"16":0,"17":0,"18":0,"19":8,"20":1,"21":1},"f":{"0":8,"1":0,"2":0,"3":0,"4":0,"5":0,"6":0,"7":0,"8":1,"9":1},"b":{"0":[0,0],"1":[0,0],"2":[0,0],"3":[0,0],"4":[0,0],"5":[0,0,0],"6":[0,0],"7":[0,0],"8":[0,0],"9":[0,0],"10":[8,0],"11":[8,1],"12":[0,8],"13":[8,0],"14":[0,8],"15":[8,8,0],"16":[0,0],"17":[8,1],"18":[1,0],"19":[1,1],"20":[1,1],"21":[1,1],"22":[1,0]},"_coverageSchema":"1a1c01bbd47fc00a2c39e90264f33305004495a9","hash":"b25400af095337cdc6701813a51a6dda7c3a9b42"}
,"E:\\ClearView_WebApplication_Latest\\ClearView_CVBUN\\src\\components\\ArticleDetail.tsx": {"path":"E:\\ClearView_WebApplication_Latest\\ClearView_CVBUN\\src\\components\\ArticleDetail.tsx","statementMap":{"0":{"start":{"line":26,"column":22},"end":{"line":494,"column":1}},"1":{"start":{"line":27,"column":17},"end":{"line":27,"column":44}},"2":{"start":{"line":28,"column":32},"end":{"line":28,"column":62}},"3":{"start":{"line":29,"column":32},"end":{"line":29,"column":46}},"4":{"start":{"line":30,"column":28},"end":{"line":30,"column":57}},"5":{"start":{"line":31,"column":42},"end":{"line":31,"column":57}},"6":{"start":{"line":32,"column":58},"end":{"line":38,"column":11}},"7":{"start":{"line":40,"column":40},"end":{"line":40,"column":52}},"8":{"start":{"line":41,"column":42},"end":{"line":41,"column":57}},"9":{"start":{"line":42,"column":22},"end":{"line":42,"column":50}},"10":{"start":{"line":43,"column":19},"end":{"line":43,"column":32}},"11":{"start":{"line":45,"column":21},"end":{"line":107,"column":3}},"12":{"start":{"line":46,"column":4},"end":{"line":106,"column":5}},"13":{"start":{"line":48,"column":20},"end":{"line":48,"column":49}},"14":{"start":{"line":49,"column":21},"end":{"line":49,"column":51}},"15":{"start":{"line":50,"column":6},"end":{"line":57,"column":7}},"16":{"start":{"line":51,"column":8},"end":{"line":55,"column":11}},"17":{"start":{"line":56,"column":8},"end":{"line":56,"column":57}},"18":{"start":{"line":60,"column":6},"end":{"line":60,"column":62}},"19":{"start":{"line":61,"column":23},"end":{"line":72,"column":7}},"20":{"start":{"line":73,"column":6},"end":{"line":73,"column":27}},"21":{"start":{"line":76,"column":6},"end":{"line":103,"column":7}},"22":{"start":{"line":77,"column":25},"end":{"line":79,"column":10}},"23":{"start":{"line":81,"column":8},"end":{"line":81,"column":68}},"24":{"start":{"line":81,"column":26},"end":{"line":81,"column":68}},"25":{"start":{"line":82,"column":31},"end":{"line":82,"column":52}},"26":{"start":{"line":84,"column":8},"end":{"line":88,"column":10}},"27":{"start":{"line":85,"column":10},"end":{"line":87,"column":11}},"28":{"start":{"line":86,"column":12},"end":{"line":86,"column":104}},"29":{"start":{"line":90,"column":8},"end":{"line":90,"column":62}},"30":{"start":{"line":91,"column":8},"end":{"line":95,"column":11}},"31":{"start":{"line":98,"column":8},"end":{"line":102,"column":11}},"32":{"start":{"line":105,"column":6},"end":{"line":105,"column":52}},"33":{"start":{"line":109,"column":22},"end":{"line":117,"column":3}},"34":{"start":{"line":110,"column":16},"end":{"line":110,"column":64}},"35":{"start":{"line":111,"column":4},"end":{"line":111,"column":39}},"36":{"start":{"line":112,"column":4},"end":{"line":116,"column":7}},"37":{"start":{"line":120,"column":25},"end":{"line":125,"column":3}},"38":{"start":{"line":121,"column":27},"end":{"line":121,"column":30}},"39":{"start":{"line":122,"column":22},"end":{"line":122,"column":49}},"40":{"start":{"line":123,"column":24},"end":{"line":123,"column":61}},"41":{"start":{"line":124,"column":4},"end":{"line":124,"column":23}},"42":{"start":{"line":127,"column":2},"end":{"line":150,"column":11}},"43":{"start":{"line":128,"column":25},"end":{"line":145,"column":5}},"44":{"start":{"line":129,"column":6},"end":{"line":144,"column":7}},"45":{"start":{"line":130,"column":8},"end":{"line":130,"column":25}},"46":{"start":{"line":131,"column":25},"end":{"line":131,"column":80}},"47":{"start":{"line":133,"column":8},"end":{"line":135,"column":9}},"48":{"start":{"line":134,"column":10},"end":{"line":134,"column":53}},"49":{"start":{"line":137,"column":21},"end":{"line":137,"column":42}},"50":{"start":{"line":138,"column":8},"end":{"line":138,"column":25}},"51":{"start":{"line":140,"column":8},"end":{"line":140,"column":56}},"52":{"start":{"line":141,"column":8},"end":{"line":141,"column":68}},"53":{"start":{"line":143,"column":8},"end":{"line":143,"column":26}},"54":{"start":{"line":147,"column":4},"end":{"line":149,"column":5}},"55":{"start":{"line":148,"column":6},"end":{"line":148,"column":21}},"56":{"start":{"line":153,"column":2},"end":{"line":159,"column":16}},"57":{"start":{"line":154,"column":4},"end":{"line":158,"column":5}},"58":{"start":{"line":155,"column":6},"end":{"line":157,"column":14}},"59":{"start":{"line":156,"column":8},"end":{"line":156,"column":68}},"60":{"start":{"line":161,"column":25},"end":{"line":163,"column":3}},"61":{"start":{"line":162,"column":4},"end":{"line":162,"column":35}},"62":{"start":{"line":165,"column":30},"end":{"line":237,"column":3}},"63":{"start":{"line":166,"column":4},"end":{"line":166,"column":23}},"64":{"start":{"line":168,"column":4},"end":{"line":168,"column":48}},"65":{"start":{"line":168,"column":41},"end":{"line":168,"column":48}},"66":{"start":{"line":170,"column":4},"end":{"line":236,"column":5}},"67":{"start":{"line":171,"column":6},"end":{"line":171,"column":28}},"68":{"start":{"line":174,"column":20},"end":{"line":174,"column":49}},"69":{"start":{"line":175,"column":21},"end":{"line":175,"column":51}},"70":{"start":{"line":178,"column":6},"end":{"line":185,"column":7}},"71":{"start":{"line":179,"column":8},"end":{"line":183,"column":11}},"72":{"start":{"line":184,"column":8},"end":{"line":184,"column":57}},"73":{"start":{"line":186,"column":6},"end":{"line":186,"column":29}},"74":{"start":{"line":200,"column":23},"end":{"line":212,"column":7}},"75":{"start":{"line":213,"column":6},"end":{"line":213,"column":28}},"76":{"start":{"line":215,"column":6},"end":{"line":217,"column":7}},"77":{"start":{"line":216,"column":8},"end":{"line":216,"column":49}},"78":{"start":{"line":220,"column":29},"end":{"line":220,"column":56}},"79":{"start":{"line":221,"column":6},"end":{"line":221,"column":33}},"80":{"start":{"line":224,"column":6},"end":{"line":224,"column":25}},"81":{"start":{"line":225,"column":6},"end":{"line":229,"column":9}},"82":{"start":{"line":232,"column":6},"end":{"line":232,"column":52}},"83":{"start":{"line":235,"column":6},"end":{"line":235,"column":29}},"84":{"start":{"line":239,"column":2},"end":{"line":247,"column":3}},"85":{"start":{"line":240,"column":4},"end":{"line":246,"column":6}},"86":{"start":{"line":249,"column":2},"end":{"line":260,"column":3}},"87":{"start":{"line":250,"column":4},"end":{"line":259,"column":6}},"88":{"start":{"line":262,"column":22},"end":{"line":262,"column":53}},"89":{"start":{"line":264,"column":2},"end":{"line":493,"column":4}},"90":{"start":{"line":348,"column":14},"end":{"line":352,"column":22}},"91":{"start":{"line":359,"column":31},"end":{"line":359,"column":53}},"92":{"start":{"line":370,"column":31},"end":{"line":370,"column":54}},"93":{"start":{"line":432,"column":35},"end":{"line":432,"column":65}},"94":{"start":{"line":462,"column":18},"end":{"line":485,"column":24}}},"fnMap":{"0":{"name":"(anonymous_0)","decl":{"start":{"line":26,"column":22},"end":{"line":26,"column":23}},"loc":{"start":{"line":26,"column":28},"end":{"line":494,"column":1}},"line":26},"1":{"name":"(anonymous_1)","decl":{"start":{"line":45,"column":21},"end":{"line":45,"column":22}},"loc":{"start":{"line":45,"column":50},"end":{"line":107,"column":3}},"line":45},"2":{"name":"(anonymous_2)","decl":{"start":{"line":84,"column":32},"end":{"line":84,"column":33}},"loc":{"start":{"line":85,"column":10},"end":{"line":87,"column":11}},"line":85},"3":{"name":"(anonymous_3)","decl":{"start":{"line":85,"column":27},"end":{"line":85,"column":28}},"loc":{"start":{"line":86,"column":12},"end":{"line":86,"column":104}},"line":86},"4":{"name":"(anonymous_4)","decl":{"start":{"line":109,"column":22},"end":{"line":109,"column":23}},"loc":{"start":{"line":109,"column":45},"end":{"line":117,"column":3}},"line":109},"5":{"name":"(anonymous_5)","decl":{"start":{"line":120,"column":25},"end":{"line":120,"column":26}},"loc":{"start":{"line":120,"column":46},"end":{"line":125,"column":3}},"line":120},"6":{"name":"(anonymous_6)","decl":{"start":{"line":127,"column":12},"end":{"line":127,"column":13}},"loc":{"start":{"line":127,"column":18},"end":{"line":150,"column":3}},"line":127},"7":{"name":"(anonymous_7)","decl":{"start":{"line":128,"column":25},"end":{"line":128,"column":26}},"loc":{"start":{"line":128,"column":37},"end":{"line":145,"column":5}},"line":128},"8":{"name":"(anonymous_8)","decl":{"start":{"line":153,"column":12},"end":{"line":153,"column":13}},"loc":{"start":{"line":153,"column":18},"end":{"line":159,"column":3}},"line":153},"9":{"name":"(anonymous_9)","decl":{"start":{"line":155,"column":17},"end":{"line":155,"column":18}},"loc":{"start":{"line":155,"column":23},"end":{"line":157,"column":7}},"line":155},"10":{"name":"(anonymous_10)","decl":{"start":{"line":161,"column":25},"end":{"line":161,"column":26}},"loc":{"start":{"line":161,"column":31},"end":{"line":163,"column":3}},"line":161},"11":{"name":"(anonymous_11)","decl":{"start":{"line":165,"column":30},"end":{"line":165,"column":31}},"loc":{"start":{"line":165,"column":60},"end":{"line":237,"column":3}},"line":165},"12":{"name":"(anonymous_12)","decl":{"start":{"line":347,"column":45},"end":{"line":347,"column":46}},"loc":{"start":{"line":348,"column":14},"end":{"line":352,"column":22}},"line":348},"13":{"name":"(anonymous_13)","decl":{"start":{"line":359,"column":25},"end":{"line":359,"column":26}},"loc":{"start":{"line":359,"column":31},"end":{"line":359,"column":53}},"line":359},"14":{"name":"(anonymous_14)","decl":{"start":{"line":370,"column":25},"end":{"line":370,"column":26}},"loc":{"start":{"line":370,"column":31},"end":{"line":370,"column":54}},"line":370},"15":{"name":"(anonymous_15)","decl":{"start":{"line":432,"column":28},"end":{"line":432,"column":29}},"loc":{"start":{"line":432,"column":35},"end":{"line":432,"column":65}},"line":432},"16":{"name":"(anonymous_16)","decl":{"start":{"line":461,"column":38},"end":{"line":461,"column":39}},"loc":{"start":{"line":462,"column":18},"end":{"line":485,"column":24}},"line":462}},"branchMap":{"0":{"loc":{"start":{"line":50,"column":6},"end":{"line":57,"column":7}},"type":"if","locations":[{"start":{"line":50,"column":6},"end":{"line":57,"column":7}},{"start":{},"end":{}}],"line":50},"1":{"loc":{"start":{"line":76,"column":6},"end":{"line":103,"column":7}},"type":"if","locations":[{"start":{"line":76,"column":6},"end":{"line":103,"column":7}},{"start":{"line":97,"column":11},"end":{"line":103,"column":7}}],"line":76},"2":{"loc":{"start":{"line":81,"column":8},"end":{"line":81,"column":68}},"type":"if","locations":[{"start":{"line":81,"column":8},"end":{"line":81,"column":68}},{"start":{},"end":{}}],"line":81},"3":{"loc":{"start":{"line":86,"column":12},"end":{"line":86,"column":104}},"type":"cond-expr","locations":[{"start":{"line":86,"column":43},"end":{"line":86,"column":90}},{"start":{"line":86,"column":93},"end":{"line":86,"column":104}}],"line":86},"4":{"loc":{"start":{"line":133,"column":8},"end":{"line":135,"column":9}},"type":"if","locations":[{"start":{"line":133,"column":8},"end":{"line":135,"column":9}},{"start":{},"end":{}}],"line":133},"5":{"loc":{"start":{"line":147,"column":4},"end":{"line":149,"column":5}},"type":"if","locations":[{"start":{"line":147,"column":4},"end":{"line":149,"column":5}},{"start":{},"end":{}}],"line":147},"6":{"loc":{"start":{"line":154,"column":4},"end":{"line":158,"column":5}},"type":"if","locations":[{"start":{"line":154,"column":4},"end":{"line":158,"column":5}},{"start":{},"end":{}}],"line":154},"7":{"loc":{"start":{"line":154,"column":8},"end":{"line":154,"column":67}},"type":"binary-expr","locations":[{"start":{"line":154,"column":8},"end":{"line":154,"column":44}},{"start":{"line":154,"column":48},"end":{"line":154,"column":67}}],"line":154},"8":{"loc":{"start":{"line":168,"column":4},"end":{"line":168,"column":48}},"type":"if","locations":[{"start":{"line":168,"column":4},"end":{"line":168,"column":48}},{"start":{},"end":{}}],"line":168},"9":{"loc":{"start":{"line":168,"column":8},"end":{"line":168,"column":39}},"type":"binary-expr","locations":[{"start":{"line":168,"column":8},"end":{"line":168,"column":27}},{"start":{"line":168,"column":31},"end":{"line":168,"column":39}}],"line":168},"10":{"loc":{"start":{"line":178,"column":6},"end":{"line":185,"column":7}},"type":"if","locations":[{"start":{"line":178,"column":6},"end":{"line":185,"column":7}},{"start":{},"end":{}}],"line":178},"11":{"loc":{"start":{"line":215,"column":6},"end":{"line":217,"column":7}},"type":"if","locations":[{"start":{"line":215,"column":6},"end":{"line":217,"column":7}},{"start":{},"end":{}}],"line":215},"12":{"loc":{"start":{"line":239,"column":2},"end":{"line":247,"column":3}},"type":"if","locations":[{"start":{"line":239,"column":2},"end":{"line":247,"column":3}},{"start":{},"end":{}}],"line":239},"13":{"loc":{"start":{"line":249,"column":2},"end":{"line":260,"column":3}},"type":"if","locations":[{"start":{"line":249,"column":2},"end":{"line":260,"column":3}},{"start":{},"end":{}}],"line":249},"14":{"loc":{"start":{"line":249,"column":6},"end":{"line":249,"column":23}},"type":"binary-expr","locations":[{"start":{"line":249,"column":6},"end":{"line":249,"column":11}},{"start":{"line":249,"column":15},"end":{"line":249,"column":23}}],"line":249},"15":{"loc":{"start":{"line":253,"column":38},"end":{"line":253,"column":66}},"type":"binary-expr","locations":[{"start":{"line":253,"column":38},"end":{"line":253,"column":43}},{"start":{"line":253,"column":47},"end":{"line":253,"column":66}}],"line":253},"16":{"loc":{"start":{"line":275,"column":9},"end":{"line":290,"column":9}},"type":"binary-expr","locations":[{"start":{"line":275,"column":9},"end":{"line":275,"column":25}},{"start":{"line":276,"column":10},"end":{"line":289,"column":16}}],"line":275},"17":{"loc":{"start":{"line":315,"column":13},"end":{"line":325,"column":13}},"type":"binary-expr","locations":[{"start":{"line":315,"column":13},"end":{"line":315,"column":27}},{"start":{"line":316,"column":14},"end":{"line":324,"column":20}}],"line":315},"18":{"loc":{"start":{"line":331,"column":16},"end":{"line":333,"column":70}},"type":"cond-expr","locations":[{"start":{"line":332,"column":20},"end":{"line":332,"column":48}},{"start":{"line":333,"column":20},"end":{"line":333,"column":70}}],"line":331},"19":{"loc":{"start":{"line":337,"column":41},"end":{"line":337,"column":71}},"type":"binary-expr","locations":[{"start":{"line":337,"column":41},"end":{"line":337,"column":53}},{"start":{"line":337,"column":57},"end":{"line":337,"column":71}}],"line":337},"20":{"loc":{"start":{"line":338,"column":22},"end":{"line":338,"column":60}},"type":"cond-expr","locations":[{"start":{"line":338,"column":37},"end":{"line":338,"column":51}},{"start":{"line":338,"column":54},"end":{"line":338,"column":60}}],"line":338},"21":{"loc":{"start":{"line":340,"column":21},"end":{"line":340,"column":52}},"type":"cond-expr","locations":[{"start":{"line":340,"column":36},"end":{"line":340,"column":43}},{"start":{"line":340,"column":46},"end":{"line":340,"column":52}}],"line":340},"22":{"loc":{"start":{"line":348,"column":14},"end":{"line":352,"column":22}},"type":"cond-expr","locations":[{"start":{"line":349,"column":16},"end":{"line":351,"column":20}},{"start":{"line":352,"column":18},"end":{"line":352,"column":22}}],"line":348},"23":{"loc":{"start":{"line":382,"column":23},"end":{"line":382,"column":52}},"type":"binary-expr","locations":[{"start":{"line":382,"column":23},"end":{"line":382,"column":47}},{"start":{"line":382,"column":51},"end":{"line":382,"column":52}}],"line":382},"24":{"loc":{"start":{"line":425,"column":79},"end":{"line":425,"column":108}},"type":"binary-expr","locations":[{"start":{"line":425,"column":79},"end":{"line":425,"column":103}},{"start":{"line":425,"column":107},"end":{"line":425,"column":108}}],"line":425},"25":{"loc":{"start":{"line":441,"column":30},"end":{"line":441,"column":65}},"type":"binary-expr","locations":[{"start":{"line":441,"column":30},"end":{"line":441,"column":42}},{"start":{"line":441,"column":46},"end":{"line":441,"column":65}}],"line":441},"26":{"loc":{"start":{"line":444,"column":22},"end":{"line":444,"column":94}},"type":"binary-expr","locations":[{"start":{"line":444,"column":23},"end":{"line":444,"column":35}},{"start":{"line":444,"column":39},"end":{"line":444,"column":58}},{"start":{"line":444,"column":63},"end":{"line":444,"column":94}}],"line":444},"27":{"loc":{"start":{"line":448,"column":21},"end":{"line":448,"column":65}},"type":"cond-expr","locations":[{"start":{"line":448,"column":36},"end":{"line":448,"column":48}},{"start":{"line":448,"column":51},"end":{"line":448,"column":65}}],"line":448},"28":{"loc":{"start":{"line":455,"column":13},"end":{"line":488,"column":13}},"type":"cond-expr","locations":[{"start":{"line":456,"column":14},"end":{"line":458,"column":20}},{"start":{"line":460,"column":14},"end":{"line":487,"column":20}}],"line":455},"29":{"loc":{"start":{"line":455,"column":13},"end":{"line":455,"column":63}},"type":"binary-expr","locations":[{"start":{"line":455,"column":13},"end":{"line":455,"column":30}},{"start":{"line":455,"column":34},"end":{"line":455,"column":63}}],"line":455},"30":{"loc":{"start":{"line":465,"column":25},"end":{"line":467,"column":76}},"type":"cond-expr","locations":[{"start":{"line":466,"column":28},"end":{"line":466,"column":31}},{"start":{"line":467,"column":28},"end":{"line":467,"column":76}}],"line":465},"31":{"loc":{"start":{"line":467,"column":28},"end":{"line":467,"column":76}},"type":"binary-expr","locations":[{"start":{"line":467,"column":28},"end":{"line":467,"column":69}},{"start":{"line":467,"column":73},"end":{"line":467,"column":76}}],"line":467},"32":{"loc":{"start":{"line":471,"column":27},"end":{"line":473,"column":61}},"type":"cond-expr","locations":[{"start":{"line":472,"column":30},"end":{"line":472,"column":36}},{"start":{"line":473,"column":30},"end":{"line":473,"column":61}}],"line":471},"33":{"loc":{"start":{"line":473,"column":30},"end":{"line":473,"column":61}},"type":"binary-expr","locations":[{"start":{"line":473,"column":30},"end":{"line":473,"column":46}},{"start":{"line":473,"column":50},"end":{"line":473,"column":61}}],"line":473},"34":{"loc":{"start":{"line":476,"column":27},"end":{"line":478,"column":89}},"type":"cond-expr","locations":[{"start":{"line":477,"column":30},"end":{"line":477,"column":40}},{"start":{"line":478,"column":30},"end":{"line":478,"column":89}}],"line":476},"35":{"loc":{"start":{"line":483,"column":23},"end":{"line":483,"column":78}},"type":"cond-expr","locations":[{"start":{"line":483,"column":53},"end":{"line":483,"column":60}},{"start":{"line":483,"column":63},"end":{"line":483,"column":78}}],"line":483}},"s":{"0":1,"1":27,"2":27,"3":27,"4":27,"5":27,"6":27,"7":27,"8":27,"9":27,"10":27,"11":27,"12":2,"13":2,"14":2,"15":2,"16":1,"17":1,"18":1,"19":1,"20":0,"21":0,"22":0,"23":0,"24":0,"25":0,"26":0,"27":0,"28":0,"29":0,"30":0,"31":0,"32":2,"33":27,"34":1,"35":1,"36":1,"37":27,"38":14,"39":14,"40":14,"41":14,"42":27,"43":12,"44":12,"45":12,"46":12,"47":11,"48":0,"49":11,"50":11,"51":1,"52":1,"53":12,"54":12,"55":12,"56":27,"57":23,"58":0,"59":0,"60":27,"61":0,"62":27,"63":2,"64":2,"65":0,"66":2,"67":2,"68":2,"69":2,"70":2,"71":0,"72":0,"73":2,"74":2,"75":0,"76":0,"77":0,"78":0,"79":0,"80":0,"81":0,"82":0,"83":0,"84":27,"85":12,"86":15,"87":1,"88":14,"89":14,"90":14,"91":2,"92":1,"93":2,"94":2},"f":{"0":27,"1":2,"2":0,"3":0,"4":1,"5":14,"6":12,"7":12,"8":23,"9":0,"10":0,"11":2,"12":14,"13":2,"14":1,"15":2,"16":2},"b":{"0":[1,1],"1":[0,0],"2":[0,0],"3":[0,0],"4":[0,11],"5":[12,0],"6":[0,23],"7":[23,0],"8":[0,2],"9":[2,2],"10":[0,2],"11":[0,0],"12":[12,15],"13":[1,14],"14":[15,14],"15":[1,0],"16":[14,14],"17":[14,14],"18":[0,14],"19":[14,0],"20":[0,14],"21":[0,14],"22":[14,0],"23":[14,13],"24":[14,13],"25":[14,12],"26":[14,12,12],"27":[2,12],"28":[13,1],"29":[14,14],"30":[0,2],"31":[2,0],"32":[0,2],"33":[2,0],"34":[0,2],"35":[0,2]},"_coverageSchema":"1a1c01bbd47fc00a2c39e90264f33305004495a9","hash":"bb093885a381b4301bcc51e2b86287f57cd53bba"}
,"E:\\ClearView_WebApplication_Latest\\ClearView_CVBUN\\src\\components\\CategoryFilter.tsx": {"path":"E:\\ClearView_WebApplication_Latest\\ClearView_CVBUN\\src\\components\\CategoryFilter.tsx","statementMap":{"0":{"start":{"line":9,"column":23},"end":{"line":56,"column":1}},"1":{"start":{"line":10,"column":38},"end":{"line":10,"column":53}},"2":{"start":{"line":12,"column":25},"end":{"line":18,"column":3}},"3":{"start":{"line":13,"column":4},"end":{"line":17,"column":5}},"4":{"start":{"line":14,"column":6},"end":{"line":14,"column":71}},"5":{"start":{"line":14,"column":54},"end":{"line":14,"column":68}},"6":{"start":{"line":16,"column":6},"end":{"line":16,"column":58}},"7":{"start":{"line":20,"column":23},"end":{"line":22,"column":3}},"8":{"start":{"line":21,"column":4},"end":{"line":21,"column":31}},"9":{"start":{"line":24,"column":30},"end":{"line":24,"column":78}},"10":{"start":{"line":26,"column":2},"end":{"line":55,"column":4}},"11":{"start":{"line":31,"column":10},"end":{"line":42,"column":19}},"12":{"start":{"line":33,"column":27},"end":{"line":33,"column":51}}},"fnMap":{"0":{"name":"(anonymous_0)","decl":{"start":{"line":9,"column":23},"end":{"line":9,"column":24}},"loc":{"start":{"line":9,"column":102},"end":{"line":56,"column":1}},"line":9},"1":{"name":"(anonymous_1)","decl":{"start":{"line":12,"column":25},"end":{"line":12,"column":26}},"loc":{"start":{"line":12,"column":47},"end":{"line":18,"column":3}},"line":12},"2":{"name":"(anonymous_2)","decl":{"start":{"line":14,"column":49},"end":{"line":14,"column":50}},"loc":{"start":{"line":14,"column":54},"end":{"line":14,"column":68}},"line":14},"3":{"name":"(anonymous_3)","decl":{"start":{"line":20,"column":23},"end":{"line":20,"column":24}},"loc":{"start":{"line":20,"column":29},"end":{"line":22,"column":3}},"line":20},"4":{"name":"(anonymous_4)","decl":{"start":{"line":30,"column":33},"end":{"line":30,"column":34}},"loc":{"start":{"line":31,"column":10},"end":{"line":42,"column":19}},"line":31},"5":{"name":"(anonymous_5)","decl":{"start":{"line":33,"column":21},"end":{"line":33,"column":22}},"loc":{"start":{"line":33,"column":27},"end":{"line":33,"column":51}},"line":33}},"branchMap":{"0":{"loc":{"start":{"line":13,"column":4},"end":{"line":17,"column":5}},"type":"if","locations":[{"start":{"line":13,"column":4},"end":{"line":17,"column":5}},{"start":{"line":15,"column":11},"end":{"line":17,"column":5}}],"line":13},"1":{"loc":{"start":{"line":24,"column":30},"end":{"line":24,"column":78}},"type":"cond-expr","locations":[{"start":{"line":24,"column":43},"end":{"line":24,"column":53}},{"start":{"line":24,"column":56},"end":{"line":24,"column":78}}],"line":24},"2":{"loc":{"start":{"line":35,"column":14},"end":{"line":37,"column":80}},"type":"cond-expr","locations":[{"start":{"line":36,"column":18},"end":{"line":36,"column":54}},{"start":{"line":37,"column":18},"end":{"line":37,"column":80}}],"line":35},"3":{"loc":{"start":{"line":44,"column":9},"end":{"line":52,"column":9}},"type":"binary-expr","locations":[{"start":{"line":44,"column":9},"end":{"line":44,"column":30}},{"start":{"line":45,"column":10},"end":{"line":51,"column":19}}],"line":44},"4":{"loc":{"start":{"line":50,"column":13},"end":{"line":50,"column":72}},"type":"cond-expr","locations":[{"start":{"line":50,"column":26},"end":{"line":50,"column":37}},{"start":{"line":50,"column":40},"end":{"line":50,"column":72}}],"line":50}},"s":{"0":1,"1":9,"2":9,"3":2,"4":1,"5":2,"6":1,"7":9,"8":3,"9":9,"10":9,"11":49,"12":2},"f":{"0":9,"1":2,"2":2,"3":3,"4":49,"5":2},"b":{"0":[1,1],"1":[2,7],"2":[18,31],"3":[9,9],"4":[2,7]},"_coverageSchema":"1a1c01bbd47fc00a2c39e90264f33305004495a9","hash":"7d0eb7ba3009327d046ab1115f2052784badef4d"}
,"E:\\ClearView_WebApplication_Latest\\ClearView_CVBUN\\src\\components\\Navbar.tsx": {"path":"E:\\ClearView_WebApplication_Latest\\ClearView_CVBUN\\src\\components\\Navbar.tsx","statementMap":{"0":{"start":{"line":12,"column":15},"end":{"line":299,"column":1}},"1":{"start":{"line":13,"column":38},"end":{"line":13,"column":53}},"2":{"start":{"line":14,"column":44},"end":{"line":14,"column":68}},"3":{"start":{"line":15,"column":31},"end":{"line":15,"column":40}},"4":{"start":{"line":16,"column":19},"end":{"line":16,"column":32}},"5":{"start":{"line":17,"column":20},"end":{"line":17,"column":30}},"6":{"start":{"line":19,"column":21},"end":{"line":21,"column":3}},"7":{"start":{"line":20,"column":4},"end":{"line":20,"column":31}},"8":{"start":{"line":23,"column":23},"end":{"line":29,"column":3}},"9":{"start":{"line":24,"column":4},"end":{"line":28,"column":5}},"10":{"start":{"line":25,"column":6},"end":{"line":25,"column":15}},"11":{"start":{"line":27,"column":6},"end":{"line":27,"column":48}},"12":{"start":{"line":31,"column":19},"end":{"line":33,"column":3}},"13":{"start":{"line":32,"column":4},"end":{"line":32,"column":38}},"14":{"start":{"line":35,"column":30},"end":{"line":35,"column":45}},"15":{"start":{"line":37,"column":2},"end":{"line":298,"column":4}},"16":{"start":{"line":108,"column":29},"end":{"line":108,"column":51}},"17":{"start":{"line":126,"column":100},"end":{"line":126,"column":118}},"18":{"start":{"line":136,"column":39},"end":{"line":136,"column":55}},"19":{"start":{"line":144,"column":39},"end":{"line":144,"column":55}},"20":{"start":{"line":152,"column":39},"end":{"line":152,"column":55}},"21":{"start":{"line":159,"column":26},"end":{"line":159,"column":41}},"22":{"start":{"line":160,"column":26},"end":{"line":160,"column":43}},"23":{"start":{"line":296,"column":48},"end":{"line":296,"column":71}}},"fnMap":{"0":{"name":"(anonymous_0)","decl":{"start":{"line":12,"column":15},"end":{"line":12,"column":16}},"loc":{"start":{"line":12,"column":21},"end":{"line":299,"column":1}},"line":12},"1":{"name":"(anonymous_1)","decl":{"start":{"line":19,"column":21},"end":{"line":19,"column":22}},"loc":{"start":{"line":19,"column":27},"end":{"line":21,"column":3}},"line":19},"2":{"name":"(anonymous_2)","decl":{"start":{"line":23,"column":23},"end":{"line":23,"column":24}},"loc":{"start":{"line":23,"column":35},"end":{"line":29,"column":3}},"line":23},"3":{"name":"(anonymous_3)","decl":{"start":{"line":31,"column":19},"end":{"line":31,"column":20}},"loc":{"start":{"line":31,"column":37},"end":{"line":33,"column":3}},"line":31},"4":{"name":"(anonymous_4)","decl":{"start":{"line":108,"column":23},"end":{"line":108,"column":24}},"loc":{"start":{"line":108,"column":29},"end":{"line":108,"column":51}},"line":108},"5":{"name":"(anonymous_5)","decl":{"start":{"line":126,"column":94},"end":{"line":126,"column":95}},"loc":{"start":{"line":126,"column":100},"end":{"line":126,"column":118}},"line":126},"6":{"name":"(anonymous_6)","decl":{"start":{"line":136,"column":33},"end":{"line":136,"column":34}},"loc":{"start":{"line":136,"column":39},"end":{"line":136,"column":55}},"line":136},"7":{"name":"(anonymous_7)","decl":{"start":{"line":144,"column":33},"end":{"line":144,"column":34}},"loc":{"start":{"line":144,"column":39},"end":{"line":144,"column":55}},"line":144},"8":{"name":"(anonymous_8)","decl":{"start":{"line":152,"column":33},"end":{"line":152,"column":34}},"loc":{"start":{"line":152,"column":39},"end":{"line":152,"column":55}},"line":152},"9":{"name":"(anonymous_9)","decl":{"start":{"line":158,"column":33},"end":{"line":158,"column":34}},"loc":{"start":{"line":158,"column":39},"end":{"line":161,"column":25}},"line":158},"10":{"name":"(anonymous_10)","decl":{"start":{"line":296,"column":42},"end":{"line":296,"column":43}},"loc":{"start":{"line":296,"column":48},"end":{"line":296,"column":71}},"line":296}},"branchMap":{"0":{"loc":{"start":{"line":50,"column":18},"end":{"line":52,"column":86}},"type":"cond-expr","locations":[{"start":{"line":51,"column":22},"end":{"line":51,"column":65}},{"start":{"line":52,"column":22},"end":{"line":52,"column":86}}],"line":50},"1":{"loc":{"start":{"line":62,"column":18},"end":{"line":64,"column":86}},"type":"cond-expr","locations":[{"start":{"line":63,"column":22},"end":{"line":63,"column":65}},{"start":{"line":64,"column":22},"end":{"line":64,"column":86}}],"line":62},"2":{"loc":{"start":{"line":74,"column":18},"end":{"line":76,"column":86}},"type":"cond-expr","locations":[{"start":{"line":75,"column":22},"end":{"line":75,"column":65}},{"start":{"line":76,"column":22},"end":{"line":76,"column":86}}],"line":74},"3":{"loc":{"start":{"line":86,"column":18},"end":{"line":88,"column":86}},"type":"cond-expr","locations":[{"start":{"line":87,"column":22},"end":{"line":87,"column":65}},{"start":{"line":88,"column":22},"end":{"line":88,"column":86}}],"line":86},"4":{"loc":{"start":{"line":117,"column":13},"end":{"line":186,"column":13}},"type":"cond-expr","locations":[{"start":{"line":118,"column":14},"end":{"line":170,"column":20}},{"start":{"line":172,"column":14},"end":{"line":185,"column":20}}],"line":117},"5":{"loc":{"start":{"line":131,"column":19},"end":{"line":168,"column":19}},"type":"binary-expr","locations":[{"start":{"line":131,"column":19},"end":{"line":131,"column":25}},{"start":{"line":132,"column":20},"end":{"line":167,"column":26}}],"line":131},"6":{"loc":{"start":{"line":194,"column":15},"end":{"line":194,"column":100}},"type":"cond-expr","locations":[{"start":{"line":194,"column":28},"end":{"line":194,"column":61}},{"start":{"line":194,"column":64},"end":{"line":194,"column":100}}],"line":194},"7":{"loc":{"start":{"line":201,"column":7},"end":{"line":294,"column":7}},"type":"binary-expr","locations":[{"start":{"line":201,"column":7},"end":{"line":201,"column":17}},{"start":{"line":202,"column":8},"end":{"line":293,"column":14}}],"line":201},"8":{"loc":{"start":{"line":208,"column":16},"end":{"line":210,"column":97}},"type":"cond-expr","locations":[{"start":{"line":209,"column":20},"end":{"line":209,"column":75}},{"start":{"line":210,"column":20},"end":{"line":210,"column":97}}],"line":208},"9":{"loc":{"start":{"line":219,"column":16},"end":{"line":221,"column":97}},"type":"cond-expr","locations":[{"start":{"line":220,"column":20},"end":{"line":220,"column":75}},{"start":{"line":221,"column":20},"end":{"line":221,"column":97}}],"line":219},"10":{"loc":{"start":{"line":228,"column":13},"end":{"line":291,"column":13}},"type":"cond-expr","locations":[{"start":{"line":229,"column":14},"end":{"line":275,"column":20}},{"start":{"line":277,"column":14},"end":{"line":290,"column":20}}],"line":228},"11":{"loc":{"start":{"line":238,"column":23},"end":{"line":238,"column":58}},"type":"binary-expr","locations":[{"start":{"line":238,"column":23},"end":{"line":238,"column":40}},{"start":{"line":238,"column":44},"end":{"line":238,"column":58}}],"line":238},"12":{"loc":{"start":{"line":296,"column":7},"end":{"line":296,"column":75}},"type":"binary-expr","locations":[{"start":{"line":296,"column":7},"end":{"line":296,"column":20}},{"start":{"line":296,"column":24},"end":{"line":296,"column":75}}],"line":296}},"s":{"0":1,"1":13,"2":13,"3":13,"4":13,"5":13,"6":13,"7":1,"8":13,"9":2,"10":2,"11":0,"12":13,"13":54,"14":13,"15":13,"16":1,"17":1,"18":0,"19":0,"20":0,"21":1,"22":1,"23":1},"f":{"0":13,"1":1,"2":2,"3":54,"4":1,"5":1,"6":0,"7":0,"8":0,"9":1,"10":1},"b":{"0":[12,1],"1":[0,13],"2":[1,12],"3":[0,13],"4":[5,8],"5":[5,1],"6":[1,12],"7":[13,1],"8":[1,0],"9":[0,1],"10":[1,0],"11":[1,0],"12":[13,1]},"_coverageSchema":"1a1c01bbd47fc00a2c39e90264f33305004495a9","hash":"1de4b67ad8425e3cb8b42c96f9e2e924460b69eb"}
,"E:\\ClearView_WebApplication_Latest\\ClearView_CVBUN\\src\\components\\NewsList.tsx": {"path":"E:\\ClearView_WebApplication_Latest\\ClearView_CVBUN\\src\\components\\NewsList.tsx","statementMap":{"0":{"start":{"line":9,"column":17},"end":{"line":269,"column":1}},"1":{"start":{"line":10,"column":34},"end":{"line":10,"column":57}},"2":{"start":{"line":11,"column":32},"end":{"line":11,"column":46}},"3":{"start":{"line":12,"column":58},"end":{"line":18,"column":11}},"4":{"start":{"line":20,"column":2},"end":{"line":149,"column":9}},"5":{"start":{"line":21,"column":26},"end":{"line":146,"column":5}},"6":{"start":{"line":22,"column":6},"end":{"line":145,"column":7}},"7":{"start":{"line":23,"column":8},"end":{"line":23,"column":25}},"8":{"start":{"line":24,"column":25},"end":{"line":24,"column":66}},"9":{"start":{"line":25,"column":21},"end":{"line":25,"column":42}},"10":{"start":{"line":28,"column":8},"end":{"line":31,"column":13}},"11":{"start":{"line":28,"column":64},"end":{"line":31,"column":9}},"12":{"start":{"line":35,"column":8},"end":{"line":69,"column":11}},"13":{"start":{"line":36,"column":10},"end":{"line":68,"column":11}},"14":{"start":{"line":37,"column":29},"end":{"line":43,"column":14}},"15":{"start":{"line":45,"column":31},"end":{"line":45,"column":52}},"16":{"start":{"line":46,"column":12},"end":{"line":46,"column":35}},"17":{"start":{"line":49,"column":12},"end":{"line":65,"column":14}},"18":{"start":{"line":50,"column":14},"end":{"line":64,"column":15}},"19":{"start":{"line":51,"column":16},"end":{"line":63,"column":31}},"20":{"start":{"line":67,"column":12},"end":{"line":67,"column":75}},"21":{"start":{"line":72,"column":8},"end":{"line":103,"column":11}},"22":{"start":{"line":73,"column":10},"end":{"line":102,"column":11}},"23":{"start":{"line":74,"column":29},"end":{"line":80,"column":14}},"24":{"start":{"line":82,"column":35},"end":{"line":82,"column":56}},"25":{"start":{"line":83,"column":12},"end":{"line":83,"column":39}},"26":{"start":{"line":86,"column":12},"end":{"line":99,"column":14}},"27":{"start":{"line":87,"column":14},"end":{"line":98,"column":15}},"28":{"start":{"line":88,"column":16},"end":{"line":97,"column":31}},"29":{"start":{"line":101,"column":12},"end":{"line":101,"column":94}},"30":{"start":{"line":106,"column":8},"end":{"line":140,"column":11}},"31":{"start":{"line":107,"column":10},"end":{"line":139,"column":11}},"32":{"start":{"line":108,"column":29},"end":{"line":114,"column":14}},"33":{"start":{"line":116,"column":44},"end":{"line":116,"column":65}},"34":{"start":{"line":117,"column":12},"end":{"line":117,"column":48}},"35":{"start":{"line":120,"column":12},"end":{"line":136,"column":14}},"36":{"start":{"line":121,"column":14},"end":{"line":135,"column":15}},"37":{"start":{"line":122,"column":16},"end":{"line":134,"column":31}},"38":{"start":{"line":138,"column":12},"end":{"line":138,"column":104}},"39":{"start":{"line":142,"column":8},"end":{"line":142,"column":57}},"40":{"start":{"line":144,"column":8},"end":{"line":144,"column":26}},"41":{"start":{"line":148,"column":4},"end":{"line":148,"column":20}},"42":{"start":{"line":151,"column":21},"end":{"line":213,"column":3}},"43":{"start":{"line":152,"column":4},"end":{"line":212,"column":5}},"44":{"start":{"line":154,"column":20},"end":{"line":154,"column":49}},"45":{"start":{"line":155,"column":21},"end":{"line":155,"column":51}},"46":{"start":{"line":156,"column":6},"end":{"line":163,"column":7}},"47":{"start":{"line":157,"column":8},"end":{"line":161,"column":11}},"48":{"start":{"line":162,"column":8},"end":{"line":162,"column":57}},"49":{"start":{"line":166,"column":6},"end":{"line":166,"column":62}},"50":{"start":{"line":167,"column":23},"end":{"line":178,"column":7}},"51":{"start":{"line":179,"column":6},"end":{"line":179,"column":27}},"52":{"start":{"line":182,"column":6},"end":{"line":209,"column":7}},"53":{"start":{"line":183,"column":25},"end":{"line":185,"column":10}},"54":{"start":{"line":187,"column":8},"end":{"line":187,"column":68}},"55":{"start":{"line":187,"column":26},"end":{"line":187,"column":68}},"56":{"start":{"line":188,"column":31},"end":{"line":188,"column":52}},"57":{"start":{"line":190,"column":8},"end":{"line":194,"column":10}},"58":{"start":{"line":191,"column":10},"end":{"line":193,"column":11}},"59":{"start":{"line":192,"column":12},"end":{"line":192,"column":104}},"60":{"start":{"line":196,"column":8},"end":{"line":196,"column":62}},"61":{"start":{"line":197,"column":8},"end":{"line":201,"column":11}},"62":{"start":{"line":204,"column":8},"end":{"line":208,"column":11}},"63":{"start":{"line":211,"column":6},"end":{"line":211,"column":52}},"64":{"start":{"line":215,"column":22},"end":{"line":223,"column":3}},"65":{"start":{"line":216,"column":16},"end":{"line":216,"column":64}},"66":{"start":{"line":217,"column":4},"end":{"line":217,"column":39}},"67":{"start":{"line":218,"column":4},"end":{"line":222,"column":7}},"68":{"start":{"line":225,"column":2},"end":{"line":268,"column":4}},"69":{"start":{"line":251,"column":12},"end":{"line":259,"column":14}}},"fnMap":{"0":{"name":"(anonymous_0)","decl":{"start":{"line":9,"column":17},"end":{"line":9,"column":18}},"loc":{"start":{"line":9,"column":23},"end":{"line":269,"column":1}},"line":9},"1":{"name":"(anonymous_1)","decl":{"start":{"line":20,"column":12},"end":{"line":20,"column":13}},"loc":{"start":{"line":20,"column":18},"end":{"line":149,"column":3}},"line":20},"2":{"name":"(anonymous_2)","decl":{"start":{"line":21,"column":26},"end":{"line":21,"column":27}},"loc":{"start":{"line":21,"column":38},"end":{"line":146,"column":5}},"line":21},"3":{"name":"(anonymous_3)","decl":{"start":{"line":28,"column":41},"end":{"line":28,"column":42}},"loc":{"start":{"line":28,"column":64},"end":{"line":31,"column":9}},"line":28},"4":{"name":"(anonymous_4)","decl":{"start":{"line":35,"column":21},"end":{"line":35,"column":22}},"loc":{"start":{"line":35,"column":64},"end":{"line":69,"column":9}},"line":35},"5":{"name":"(anonymous_5)","decl":{"start":{"line":49,"column":36},"end":{"line":49,"column":37}},"loc":{"start":{"line":50,"column":14},"end":{"line":64,"column":15}},"line":50},"6":{"name":"(anonymous_6)","decl":{"start":{"line":50,"column":31},"end":{"line":50,"column":32}},"loc":{"start":{"line":51,"column":16},"end":{"line":63,"column":31}},"line":51},"7":{"name":"(anonymous_7)","decl":{"start":{"line":72,"column":21},"end":{"line":72,"column":22}},"loc":{"start":{"line":72,"column":49},"end":{"line":103,"column":9}},"line":72},"8":{"name":"(anonymous_8)","decl":{"start":{"line":86,"column":36},"end":{"line":86,"column":37}},"loc":{"start":{"line":87,"column":14},"end":{"line":98,"column":15}},"line":87},"9":{"name":"(anonymous_9)","decl":{"start":{"line":87,"column":31},"end":{"line":87,"column":32}},"loc":{"start":{"line":88,"column":16},"end":{"line":97,"column":31}},"line":88},"10":{"name":"(anonymous_10)","decl":{"start":{"line":106,"column":21},"end":{"line":106,"column":22}},"loc":{"start":{"line":106,"column":49},"end":{"line":140,"column":9}},"line":106},"11":{"name":"(anonymous_11)","decl":{"start":{"line":120,"column":36},"end":{"line":120,"column":37}},"loc":{"start":{"line":121,"column":14},"end":{"line":135,"column":15}},"line":121},"12":{"name":"(anonymous_12)","decl":{"start":{"line":121,"column":31},"end":{"line":121,"column":32}},"loc":{"start":{"line":122,"column":16},"end":{"line":134,"column":31}},"line":122},"13":{"name":"(anonymous_13)","decl":{"start":{"line":151,"column":21},"end":{"line":151,"column":22}},"loc":{"start":{"line":151,"column":50},"end":{"line":213,"column":3}},"line":151},"14":{"name":"(anonymous_14)","decl":{"start":{"line":190,"column":32},"end":{"line":190,"column":33}},"loc":{"start":{"line":191,"column":10},"end":{"line":193,"column":11}},"line":191},"15":{"name":"(anonymous_15)","decl":{"start":{"line":191,"column":27},"end":{"line":191,"column":28}},"loc":{"start":{"line":192,
[...]
ne":301,"column":23},"end":{"line":301,"column":24}},"loc":{"start":{"line":301,"column":29},"end":{"line":301,"column":59}},"line":301},"21":{"name":"(anonymous_21)","decl":{"start":{"line":311,"column":23},"end":{"line":311,"column":24}},"loc":{"start":{"line":311,"column":29},"end":{"line":311,"column":53}},"line":311},"22":{"name":"(anonymous_22)","decl":{"start":{"line":321,"column":23},"end":{"line":321,"column":24}},"loc":{"start":{"line":321,"column":29},"end":{"line":321,"column":56}},"line":321},"23":{"name":"(anonymous_23)","decl":{"start":{"line":348,"column":57},"end":{"line":348,"column":58}},"loc":{"start":{"line":349,"column":20},"end":{"line":354,"column":27}},"line":349},"24":{"name":"(anonymous_24)","decl":{"start":{"line":369,"column":54},"end":{"line":369,"column":55}},"loc":{"start":{"line":370,"column":20},"end":{"line":375,"column":27}},"line":370},"25":{"name":"(anonymous_25)","decl":{"start":{"line":404,"column":31},"end":{"line":404,"column":32}},"loc":{"start":{"line":404,"column":37},"end":{"line":404,"column":57}},"line":404},"26":{"name":"(anonymous_26)","decl":{"start":{"line":413,"column":44},"end":{"line":413,"column":45}},"loc":{"start":{"line":414,"column":20},"end":{"line":422,"column":22}},"line":414},"27":{"name":"(anonymous_27)","decl":{"start":{"line":444,"column":31},"end":{"line":444,"column":32}},"loc":{"start":{"line":444,"column":37},"end":{"line":444,"column":57}},"line":444},"28":{"name":"(anonymous_28)","decl":{"start":{"line":453,"column":41},"end":{"line":453,"column":42}},"loc":{"start":{"line":454,"column":20},"end":{"line":490,"column":26}},"line":454},"29":{"name":"(anonymous_29)","decl":{"start":{"line":466,"column":37},"end":{"line":466,"column":38}},"loc":{"start":{"line":466,"column":43},"end":{"line":466,"column":84}},"line":466},"30":{"name":"(anonymous_30)","decl":{"start":{"line":484,"column":37},"end":{"line":484,"column":38}},"loc":{"start":{"line":484,"column":43},"end":{"line":484,"column":84}},"line":484}},"branchMap":{"0":{"loc":{"start":{"line":40,"column":6},"end":{"line":40,"column":28}},"type":"if","locations":[{"start":{"line":40,"column":6},"end":{"line":40,"column":28}},{"start":{},"end":{}}],"line":40},"1":{"loc":{"start":{"line":44,"column":8},"end":{"line":46,"column":9}},"type":"if","locations":[{"start":{"line":44,"column":8},"end":{"line":46,"column":9}},{"start":{},"end":{}}],"line":44},"2":{"loc":{"start":{"line":70,"column":16},"end":{"line":82,"column":31}},"type":"cond-expr","locations":[{"start":{"line":71,"column":20},"end":{"line":81,"column":21}},{"start":{"line":82,"column":20},"end":{"line":82,"column":31}}],"line":70},"3":{"loc":{"start":{"line":107,"column":16},"end":{"line":116,"column":31}},"type":"cond-expr","locations":[{"start":{"line":108,"column":20},"end":{"line":115,"column":21}},{"start":{"line":116,"column":20},"end":{"line":116,"column":31}}],"line":107},"4":{"loc":{"start":{"line":141,"column":16},"end":{"line":153,"column":31}},"type":"cond-expr","locations":[{"start":{"line":142,"column":20},"end":{"line":152,"column":21}},{"start":{"line":153,"column":20},"end":{"line":153,"column":31}}],"line":141},"5":{"loc":{"start":{"line":167,"column":4},"end":{"line":169,"column":5}},"type":"if","locations":[{"start":{"line":167,"column":4},"end":{"line":169,"column":5}},{"start":{},"end":{}}],"line":167},"6":{"loc":{"start":{"line":167,"column":8},"end":{"line":167,"column":29}},"type":"binary-expr","locations":[{"start":{"line":167,"column":8},"end":{"line":167,"column":16}},{"start":{"line":167,"column":20},"end":{"line":167,"column":29}}],"line":167},"7":{"loc":{"start":{"line":183,"column":6},"end":{"line":190,"column":7}},"type":"if","locations":[{"start":{"line":183,"column":6},"end":{"line":190,"column":7}},{"start":{},"end":{}}],"line":183},"8":{"loc":{"start":{"line":209,"column":6},"end":{"line":236,"column":7}},"type":"if","locations":[{"start":{"line":209,"column":6},"end":{"line":236,"column":7}},{"start":{"line":230,"column":11},"end":{"line":236,"column":7}}],"line":209},"9":{"loc":{"start":{"line":214,"column":8},"end":{"line":214,"column":68}},"type":"if","locations":[{"start":{"line":214,"column":8},"end":{"line":214,"column":68}},{"start":{},"end":{}}],"line":214},"10":{"loc":{"start":{"line":219,"column":12},"end":{"line":219,"column":104}},"type":"cond-expr","locations":[{"start":{"line":219,"column":43},"end":{"line":219,"column":90}},{"start":{"line":219,"column":93},"end":{"line":219,"column":104}}],"line":219},"11":{"loc":{"start":{"line":244,"column":4},"end":{"line":246,"column":5}},"type":"if","locations":[{"start":{"line":244,"column":4},"end":{"line":246,"column":5}},{"start":{},"end":{}}],"line":244},"12":{"loc":{"start":{"line":250,"column":4},"end":{"line":250,"column":46}},"type":"if","locations":[{"start":{"line":250,"column":4},"end":{"line":250,"column":46}},{"start":{},"end":{}}],"line":250},"13":{"loc":{"start":{"line":255,"column":2},"end":{"line":264,"column":3}},"type":"if","locations":[{"start":{"line":255,"column":2},"end":{"line":264,"column":3}},{"start":{},"end":{}}],"line":255},"14":{"loc":{"start":{"line":267,"column":2},"end":{"line":269,"column":3}},"type":"if","locations":[{"start":{"line":267,"column":2},"end":{"line":269,"column":3}},{"start":{},"end":{}}],"line":267},"15":{"loc":{"start":{"line":302,"column":88},"end":{"line":304,"column":41}},"type":"cond-expr","locations":[{"start":{"line":303,"column":18},"end":{"line":303,"column":58}},{"start":{"line":304,"column":18},"end":{"line":304,"column":41}}],"line":302},"16":{"loc":{"start":{"line":312,"column":88},"end":{"line":314,"column":41}},"type":"cond-expr","locations":[{"start":{"line":313,"column":18},"end":{"line":313,"column":58}},{"start":{"line":314,"column":18},"end":{"line":314,"column":41}}],"line":312},"17":{"loc":{"start":{"line":322,"column":88},"end":{"line":324,"column":41}},"type":"cond-expr","locations":[{"start":{"line":323,"column":18},"end":{"line":323,"column":58}},{"start":{"line":324,"column":18},"end":{"line":324,"column":41}}],"line":322},"18":{"loc":{"start":{"line":335,"column":11},"end":{"line":384,"column":11}},"type":"binary-expr","locations":[{"start":{"line":335,"column":11},"end":{"line":335,"column":38}},{"start":{"line":336,"column":12},"end":{"line":383,"column":18}}],"line":335},"19":{"loc":{"start":{"line":386,"column":11},"end":{"line":427,"column":11}},"type":"binary-expr","locations":[{"start":{"line":386,"column":11},"end":{"line":386,"column":32}},{"start":{"line":387,"column":12},"end":{"line":426,"column":18}}],"line":386},"20":{"loc":{"start":{"line":395,"column":15},"end":{"line":425,"column":15}},"type":"cond-expr","locations":[{"start":{"line":396,"column":16},"end":{"line":410,"column":22}},{"start":{"line":412,"column":16},"end":{"line":424,"column":22}}],"line":395},"21":{"loc":{"start":{"line":429,"column":11},"end":{"line":495,"column":11}},"type":"binary-expr","locations":[{"start":{"line":429,"column":11},"end":{"line":429,"column":35}},{"start":{"line":430,"column":12},"end":{"line":494,"column":18}}],"line":429},"22":{"loc":{"start":{"line":435,"column":15},"end":{"line":493,"column":15}},"type":"cond-expr","locations":[{"start":{"line":436,"column":16},"end":{"line":450,"column":22}},{"start":{"line":452,"column":16},"end":{"line":492,"column":22}}],"line":435}},"s":{"0":1,"1":33,"2":33,"3":33,"4":33,"5":33,"6":33,"7":15,"8":15,"9":2,"10":13,"11":13,"12":13,"13":12,"14":0,"15":12,"16":12,"17":12,"18":24,"19":12,"20":24,"21":24,"22":22,"23":22,"24":22,"25":10,"26":20,"27":2,"28":12,"29":24,"30":24,"31":22,"32":22,"33":22,"34":10,"35":20,"36":2,"37":12,"38":24,"39":24,"40":22,"41":22,"42":22,"43":10,"44":20,"45":2,"46":1,"47":1,"48":15,"49":1,"50":15,"51":33,"52":11,"53":33,"54":3,"55":3,"56":3,"57":3,"58":1,"59":1,"60":2,"61":2,"62":2,"63":2,"64":1,"65":1,"66":0,"67":1,"68":1,"69":1,"70":2,"71":1,"72":1,"73":1,"74":1,"75":33,"76":0,"77":0,"78":0,"79":0,"80":33,"81":4,"82":4,"83":0,"84":33,"85":1,"86":32,"87":1,"88":31,"89":0,"90":8,"91":3,"92":26,"93":26,"94":1,"95":14,"96":1,"97":4,"98":0,"99":1},"f":{"0":33,"1":15,"2":15,"3":24,"4":24,"5":10,"6":20,"7":24,"8":10,"9":20,"10":24,"11":10,"12":20,"13":11,"14":3,"15":1,"16":2,"17":0,"18":0,"19":4,"20":0,"21":8,"22":3,"23":26,"24":26,"25":1,"26":14,"27":1,"28":4,"29":0,"30":1},"b":{"0":[2,13],"1":[0,12],"2":[10,10],"3":[10,10],"4":[10,10],"5":[1,14],"6":[15,14],"7":[1,2],"8":[1,1],"9":[0,1],"10":[1,1],"11":[0,0],"12":[4,0],"13":[1,32],"14":[1,31],"15":[13,18],"16":[15,16],"17":[3,28],"18":[31,13],"19":[31,15],"20":[1,14],"21":[31,3],"22":[1,2]},"_coverageSchema":"1a1c01bbd47fc00a2c39e90264f33305004495a9","hash":"6583d36fb5399896c5c28fb0a8e31f0a820ece1e"}
,"E:\\ClearView_WebApplication_Latest\\ClearView_CVBUN\\src\\pages\\Signup.tsx": {"path":"E:\\ClearView_WebApplication_Latest\\ClearView_CVBUN\\src\\pages\\Signup.tsx","statementMap":{"0":{"start":{"line":6,"column":15},"end":{"line":151,"column":1}},"1":{"start":{"line":7,"column":28},"end":{"line":7,"column":40}},"2":{"start":{"line":8,"column":34},"end":{"line":8,"column":46}},"3":{"start":{"line":9,"column":48},"end":{"line":9,"column":60}},"4":{"start":{"line":10,"column":40},"end":{"line":10,"column":52}},"5":{"start":{"line":11,"column":28},"end":{"line":11,"column":40}},"6":{"start":{"line":12,"column":32},"end":{"line":12,"column":47}},"7":{"start":{"line":13,"column":21},"end":{"line":13,"column":30}},"8":{"start":{"line":14,"column":19},"end":{"line":14,"column":32}},"9":{"start":{"line":16,"column":23},"end":{"line":53,"column":3}},"10":{"start":{"line":17,"column":4},"end":{"line":17,"column":23}},"11":{"start":{"line":18,"column":4},"end":{"line":21,"column":5}},"12":{"start":{"line":19,"column":6},"end":{"line":19,"column":44}},"13":{"start":{"line":20,"column":6},"end":{"line":20,"column":13}},"14":{"start":{"line":22,"column":4},"end":{"line":25,"column":5}},"15":{"start":{"line":23,"column":6},"end":{"line":23,"column":41}},"16":{"start":{"line":24,"column":6},"end":{"line":24,"column":13}},"17":{"start":{"line":26,"column":4},"end":{"line":29,"column":5}},"18":{"start":{"line":27,"column":6},"end":{"line":27,"column":57}},"19":{"start":{"line":28,"column":6},"end":{"line":28,"column":13}},"20":{"start":{"line":30,"column":4},"end":{"line":52,"column":5}},"21":{"start":{"line":31,"column":6},"end":{"line":31,"column":19}},"22":{"start":{"line":32,"column":6},"end":{"line":32,"column":23}},"23":{"start":{"line":42,"column":6},"end":{"line":42,"column":43}},"24":{"start":{"line":48,"column":6},"end":{"line":48,"column":105}},"25":{"start":{"line":49,"column":6},"end":{"line":49,"column":25}},"26":{"start":{"line":51,"column":6},"end":{"line":51,"column":24}},"27":{"start":{"line":55,"column":2},"end":{"line":150,"column":4}},"28":{"start":{"line":86,"column":33},"end":{"line":86,"column":63}},"29":{"start":{"line":102,"column":33},"end":{"line":102,"column":57}},"30":{"start":{"line":118,"column":33},"end":{"line":118,"column":60}},"31":{"start":{"line":134,"column":33},"end":{"line":134,"column":67}}},"fnMap":{"0":{"name":"(anonymous_0)","decl":{"start":{"line":6,"column":15},"end":{"line":6,"column":16}},"loc":{"start":{"line":6,"column":21},"end":{"line":151,"column":1}},"line":6},"1":{"name":"(anonymous_1)","decl":{"start":{"line":16,"column":23},"end":{"line":16,"column":24}},"loc":{"start":{"line":16,"column":53},"end":{"line":53,"column":3}},"line":16},"2":{"name":"(anonymous_2)","decl":{"start":{"line":86,"column":26},"end":{"line":86,"column":27}},"loc":{"start":{"line":86,"column":33},"end":{"line":86,"column":63}},"line":86},"3":{"name":"(anonymous_3)","decl":{"start":{"line":102,"column":26},"end":{"line":102,"column":27}},"loc":{"start":{"line":102,"column":33},"end":{"line":102,"column":57}},"line":102},"4":{"name":"(anonymous_4)","decl":{"start":{"line":118,"column":26},"end":{"line":118,"column":27}},"loc":{"start":{"line":118,"column":33},"end":{"line":118,"column":60}},"line":118},"5":{"name":"(anonymous_5)","decl":{"start":{"line":134,"column":26},"end":{"line":134,"column":27}},"loc":{"start":{"line":134,"column":33},"end":{"line":134,"column":67}},"line":134}},"branchMap":{"0":{"loc":{"start":{"line":18,"column":4},"end":{"line":21,"column":5}},"type":"if","locations":[{"start":{"line":18,"column":4},"end":{"line":21,"column":5}},{"start":{},"end":{}}],"line":18},"1":{"loc":{"start":{"line":18,"column":8},"end":{"line":18,"column":63}},"type":"binary-expr","locations":[{"start":{"line":18,"column":8},"end":{"line":18,"column":14}},{"start":{"line":18,"column":18},"end":{"line":18,"column":27}},{"start":{"line":18,"column":31},"end":{"line":18,"column":47}},{"start":{"line":18,"column":51},"end":{"line":18,"column":63}}],"line":18},"2":{"loc":{"start":{"line":22,"column":4},"end":{"line":25,"column":5}},"type":"if","locations":[{"start":{"line":22,"column":4},"end":{"line":25,"column":5}},{"start":{},"end":{}}],"line":22},"3":{"loc":{"start":{"line":26,"column":4},"end":{"line":29,"column":5}},"type":"if","locations":[{"start":{"line":26,"column":4},"end":{"line":29,"column":5}},{"start":{},"end":{}}],"line":26},"4":{"loc":{"start":{"line":48,"column":15},"end":{"line":48,"column":103}},"type":"binary-expr","locations":[{"start":{"line":48,"column":15},"end":{"line":48,"column":40}},{"start":{"line":48,"column":44},"end":{"line":48,"column":103}}],"line":48},"5":{"loc":{"start":{"line":69,"column":9},"end":{"line":73,"column":9}},"type":"binary-expr","locations":[{"start":{"line":69,"column":9},"end":{"line":69,"column":14}},{"start":{"line":70,"column":10},"end":{"line":72,"column":16}}],"line":69},"6":{"loc":{"start":{"line":145,"column":13},"end":{"line":145,"column":63}},"type":"cond-expr","locations":[{"start":{"line":145,"column":23},"end":{"line":145,"column":44}},{"start":{"line":145,"column":47},"end":{"line":145,"column":63}}],"line":145}},"s":{"0":1,"1":19,"2":19,"3":19,"4":19,"5":19,"6":19,"7":19,"8":19,"9":19,"10":2,"11":2,"12":0,"13":0,"14":2,"15":1,"16":1,"17":1,"18":1,"19":1,"20":0,"21":0,"22":0,"23":0,"24":0,"25":0,"26":0,"27":19,"28":3,"29":3,"30":3,"31":3},"f":{"0":19,"1":2,"2":3,"3":3,"4":3,"5":3},"b":{"0":[0,2],"1":[2,2,2,2],"2":[1,1],"3":[1,0],"4":[0,0],"5":[19,2],"6":[0,19]},"_coverageSchema":"1a1c01bbd47fc00a2c39e90264f33305004495a9","hash":"1659c40d3d30af20d6c60c05923534549d59d824"}
,"E:\\ClearView_WebApplication_Latest\\ClearView_CVBUN\\src\\pages\\Subscription.tsx": {"path":"E:\\ClearView_WebApplication_Latest\\ClearView_CVBUN\\src\\pages\\Subscription.tsx","statementMap":{"0":{"start":{"line":6,"column":21},"end":{"line":130,"column":1}},"1":{"start":{"line":7,"column":23},"end":{"line":7,"column":32}},"2":{"start":{"line":8,"column":42},"end":{"line":8,"column":89}},"3":{"start":{"line":10,"column":16},"end":{"line":50,"column":3}},"4":{"start":{"line":52,"column":26},"end":{"line":54,"column":3}},"5":{"start":{"line":53,"column":4},"end":{"line":53,"column":55}},"6":{"start":{"line":56,"column":2},"end":{"line":129,"column":4}},"7":{"start":{"line":67,"column":10},"end":{"line":102,"column":16}},"8":{"start":{"line":82,"column":31},"end":{"line":82,"column":87}},"9":{"start":{"line":95,"column":18},"end":{"line":98,"column":23}}},"fnMap":{"0":{"name":"(anonymous_0)","decl":{"start":{"line":6,"column":21},"end":{"line":6,"column":22}},"loc":{"start":{"line":6,"column":27},"end":{"line":130,"column":1}},"line":6},"1":{"name":"(anonymous_1)","decl":{"start":{"line":52,"column":26},"end":{"line":52,"column":27}},"loc":{"start":{"line":52,"column":32},"end":{"line":54,"column":3}},"line":52},"2":{"name":"(anonymous_2)","decl":{"start":{"line":66,"column":19},"end":{"line":66,"column":20}},"loc":{"start":{"line":67,"column":10},"end":{"line":102,"column":16}},"line":67},"3":{"name":"(anonymous_3)","decl":{"start":{"line":82,"column":25},"end":{"line":82,"column":26}},"loc":{"start":{"line":82,"column":31},"end":{"line":82,"column":87}},"line":82},"4":{"name":"(anonymous_4)","decl":{"start":{"line":94,"column":35},"end":{"line":94,"column":36}},"loc":{"start":{"line":95,"column":18},"end":{"line":98,"column":23}},"line":95}},"branchMap":{"0":{"loc":{"start":{"line":70,"column":14},"end":{"line":72,"column":35}},"type":"cond-expr","locations":[{"start":{"line":71,"column":18},"end":{"line":71,"column":59}},{"start":{"line":72,"column":18},"end":{"line":72,"column":35}}],"line":70},"1":{"loc":{"start":{"line":84,"column":18},"end":{"line":86,"column":72}},"type":"cond-expr","locations":[{"start":{"line":85,"column":22},"end":{"line":85,"column":78}},{"start":{"line":86,"column":22},"end":{"line":86,"column":72}}],"line":84},"2":{"loc":{"start":{"line":89,"column":17},"end":{"line":89,"column":65}},"type":"cond-expr","locations":[{"start":{"line":89,"column":44},"end":{"line":89,"column":54}},{"start":{"line":89,"column":57},"end":{"line":89,"column":65}}],"line":89},"3":{"loc":{"start":{"line":107,"column":9},"end":{"line":126,"column":9}},"type":"cond-expr","locations":[{"start":{"line":108,"column":10},"end":{"line":113,"column":19}},{"start":{"line":115,"column":10},"end":{"line":125,"column":16}}],"line":107}},"s":{"0":1,"1":5,"2":5,"3":5,"4":5,"5":0,"6":5,"7":15,"8":2,"9":75},"f":{"0":5,"1":0,"2":15,"3":2,"4":75},"b":{"0":[5,10],"1":[5,10],"2":[5,10],"3":[4,1]},"_coverageSchema":"1a1c01bbd47fc00a2c39e90264f33305004495a9","hash":"d6e6e69dd703b4ac9ae365ae758cb19e2222a671"}
,"E:\\ClearView_WebApplication_Latest\\ClearView_CVBUN\\src\\pages\\Usage.tsx": {"path":"E:\\ClearView_WebApplication_Latest\\ClearView_CVBUN\\src\\pages\\Usage.tsx","statementMap":{"0":{"start":{"line":7,"column":14},"end":{"line":90,"column":1}},"1":{"start":{"line":8,"column":23},"end":{"line":8,"column":32}},"2":{"start":{"line":10,"column":2},"end":{"line":29,"column":3}},"3":{"start":{"line":11,"column":4},"end":{"line":28,"column":6}},"4":{"start":{"line":31,"column":51},"end":{"line":31,"column":59}},"5":{"start":{"line":33,"column":16},"end":{"line":37,"column":3}},"6":{"start":{"line":39,"column":15},"end":{"line":43,"column":3}},"7":{"start":{"line":45,"column":2},"end":{"line":89,"column":4}},"8":{"start":{"line":64,"column":10},"end":{"line":74,"column":17}}},"fnMap":{"0":{"name":"(anonymous_0)","decl":{"start":{"line":7,"column":14},"end":{"line":7,"column":15}},"loc":{"start":{"line":7,"column":20},"end":{"line":90,"column":1}},"line":7},"1":{"name":"(anonymous_1)","decl":{"start":{"line":63,"column":15},"end":{"line":63,"column":16}},"loc":{"start":{"line":64,"column":10},"end":{"line":74,"column":17}},"line":64}},"branchMap":{"0":{"loc":{"start":{"line":10,"column":2},"end":{"line":29,"column":3}},"type":"if","locations":[{"start":{"line":10,"column":2},"end":{"line":29,"column":3}},{"start":{},"end":{}}],"line":10},"1":{"loc":{"start":{"line":34,"column":23},"end":{"line":34,"column":48}},"type":"binary-expr","locations":[{"start":{"line":34,"column":23},"end":{"line":34,"column":43}},{"start":{"line":34,"column":47},"end":{"line":34,"column":48}}],"line":34},"2":{"loc":{"start":{"line":35,"column":22},"end":{"line":35,"column":45}},"type":"binary-expr","locations":[{"start":{"line":35,"column":22},"end":{"line":35,"column":40}},{"start":{"line":35,"column":44},"end":{"line":35,"column":45}}],"line":35},"3":{"loc":{"start":{"line":36,"column":19},"end":{"line":36,"column":39}},"type":"binary-expr","locations":[{"start":{"line":36,"column":19},"end":{"line":36,"column":34}},{"start":{"line":36,"column":38},"end":{"line":36,"column":39}}],"line":36}},"s":{"0":1,"1":4,"2":4,"3":1,"4":3,"5":3,"6":3,"7":3,"8":9},"f":{"0":4,"1":9},"b":{"0":[1,3],"1":[3,1],"2":[3,1],"3":[3,1]},"_coverageSchema":"1a1c01bbd47fc00a2c39e90264f33305004495a9","hash":"242fe02e0bf89019cb8ef66dc8e08263fa88ef72"}
,"E:\\ClearView_WebApplication_Latest\\ClearView_CVBUN\\src\\types\\index.ts": {"path":"E:\\ClearView_WebApplication_Latest\\ClearView_CVBUN\\src\\types\\index.ts","statementMap":{},"fnMap":{},"branchMap":{},"s":{},"f":{},"b":{}}
}
