TN:
SF:src\App.tsx
FN:19,App
FNF:1
FNH:0
FNDA:0,App
DA:41,0
LF:1
LH:0
BRF:0
BRH:0
end_of_record
TN:
SF:src\main.tsx
FNF:0
FNH:0
DA:6,0
LF:1
LH:0
BRF:0
BRH:0
end_of_record
TN:
SF:src\test-utils.js
FN:6,renderWithRouter
FNF:1
FNH:0
FNDA:0,renderWithRouter
DA:7,0
LF:1
LH:0
BRDA:6,0,0,0
BRDA:6,1,0,0
BRF:2
BRH:0
end_of_record
TN:
SF:src\User_backend\server.js
FN:21,(anonymous_0)
FN:22,(anonymous_1)
FN:30,(anonymous_2)
FNF:3
FNH:0
FNDA:0,(anonymous_0)
FNDA:0,(anonymous_1)
FNDA:0,(anonymous_2)
DA:8,0
DA:10,0
DA:13,0
DA:14,0
DA:17,0
DA:21,0
DA:22,0
DA:25,0
DA:26,0
DA:29,0
DA:30,0
DA:31,0
LF:12
LH:0
BRDA:29,0,0,0
BRDA:29,0,1,0
BRF:2
BRH:0
end_of_record
TN:
SF:src\User_backend\__tests__\setup.js
FN:7,(anonymous_0)
FN:14,(anonymous_1)
FN:20,(anonymous_2)
FNF:3
FNH:0
FNDA:0,(anonymous_0)
FNDA:0,(anonymous_1)
FNDA:0,(anonymous_2)
DA:7,0
DA:8,0
DA:9,0
DA:10,0
DA:14,0
DA:15,0
DA:16,0
DA:20,0
DA:21,0
DA:22,0
DA:23,0
LF:11
LH:0
BRF:0
BRH:0
end_of_record
TN:
SF:src\User_backend\config\db.js
FN:11,(anonymous_0)
FNF:1
FNH:0
FNDA:0,(anonymous_0)
DA:4,0
DA:6,0
DA:7,0
DA:8,0
DA:11,0
DA:12,0
DA:13,0
DA:14,0
DA:17,0
DA:18,0
DA:19,0
DA:21,0
DA:22,0
LF:13
LH:0
BRDA:7,0,0,0
BRDA:7,0,1,0
BRDA:12,1,0,0
BRDA:12,1,1,0
BRF:4
BRH:0
end_of_record
TN:
SF:src\User_backend\middleware\auth.js
FN:3,(anonymous_0)
FNF:1
FNH:1
FNDA:5,(anonymous_0)
DA:3,2
DA:4,5
DA:5,5
DA:7,4
DA:8,4
DA:9,3
DA:10,3
DA:11,3
DA:12,3
DA:14,1
LF:10
LH:10
BRDA:5,0,0,1
BRDA:5,0,1,4
BRF:2
BRH:2
end_of_record
TN:
SF:src\User_backend\models\User.js
FN:24,(anonymous_0)
FNF:1
FNH:1
FNDA:24,(anonymous_0)
DA:4,3
DA:24,3
DA:25,24
DA:26,20
DA:28,24
LF:5
LH:5
BRDA:25,0,0,20
BRDA:25,0,1,4
BRF:2
BRH:2
end_of_record
TN:
SF:src\User_backend\routes\auth.js
FN:10,(anonymous_0)
FN:27,(anonymous_1)
FN:42,(anonymous_2)
FN:57,(anonymous_3)
FNF:4
FNH:4
FNDA:2,(anonymous_0)
FNDA:3,(anonymous_1)
FNDA:3,(anonymous_2)
FNDA:1,(anonymous_3)
DA:7,1
DA:10,1
DA:11,2
DA:12,2
DA:13,1
DA:14,0
DA:19,1
DA:21,1
DA:22,1
DA:27,1
DA:28,3
DA:29,3
DA:30,3
DA:31,3
DA:32,2
DA:33,2
DA:34,1
DA:35,1
DA:37,1
DA:42,1
DA:43,3
DA:44,3
DA:45,3
DA:46,3
DA:47,1
DA:48,1
DA:49,0
DA:50,0
DA:52,3
DA:57,1
DA:58,1
LF:31
LH:28
BRDA:13,0,0,0
BRDA:13,0,1,1
BRDA:31,1,0,1
BRDA:31,1,1,2
BRDA:46,2,0,2
BRDA:46,2,1,1
BRDA:48,3,0,1
BRDA:48,3,1,0
BRF:8
BRH:6
end_of_record
TN:
SF:src\User_backend\routes\user.js
FN:9,(anonymous_0)
FN:60,(anonymous_1)
FN:72,(anonymous_2)
FN:96,(anonymous_3)
FN:120,(anonymous_4)
FNF:5
FNH:4
FNDA:5,(anonymous_0)
FNDA:0,(anonymous_1)
FNDA:1,(anonymous_2)
FNDA:1,(anonymous_3)
FNDA:3,(anonymous_4)
DA:6,1
DA:9,1
DA:10,5
DA:11,5
DA:14,5
DA:15,1
DA:21,4
DA:23,4
DA:24,4
DA:25,7
DA:26,1
DA:33,3
DA:42,2
DA:43,1
DA:47,1
DA:54,1
DA:57,1
DA:58,0
DA:60,0
DA:64,1
DA:72,1
DA:73,1
DA:74,1
DA:76,1
DA:77,1
DA:79,1
DA:81,1
DA:84,1
DA:85,1
DA:88,0
DA:91,0
DA:96,1
DA:97,1
DA:98,1
DA:100,1
DA:101,1
DA:103,1
DA:105,1
DA:108,1
DA:109,1
DA:112,0
DA:115,0
DA:120,1
DA:121,3
DA:122,3
DA:123,3
DA:124,3
DA:127,3
DA:128,1
DA:132,2
DA:134,2
DA:135,1
DA:139,1
DA:140,0
DA:143,1
DA:148,1
DA:149,1
DA:152,1
DA:153,1
DA:165,1
DA:166,1
DA:169,0
DA:171,0
DA:177,1
DA:179,1
DA:186,0
DA:187,0
LF:67
LH:56
BRDA:14,0,0,1
BRDA:14,0,1,4
BRDA:14,1,0,5
BRDA:14,1,1,5
BRDA:25,2,0,1
BRDA:25,2,1,6
BRDA:42,3,0,1
BRDA:42,3,1,1
BRDA:57,4,0,0
BRDA:57,4,1,1
BRDA:79,5,0,1
BRDA:79,5,1,0
BRDA:103,6,0,1
BRDA:103,6,1,0
BRDA:127,7,0,1
BRDA:127,7,1,2
BRDA:127,8,0,3
BRDA:127,8,1,2
BRDA:134,9,0,1
BRDA:134,9,1,1
BRDA:139,10,0,0
BRDA:139,10,1,1
BRDA:165,11,0,1
BRDA:165,11,1,0
BRF:24
BRH:19
end_of_record
TN:
SF:src\api\newsapi.ts
FN:3,fetchNews
FNF:1
FNH:0
FNDA:0,fetchNews
DA:1,0
DA:4,0
DA:5,0
DA:6,0
DA:7,0
DA:9,0
DA:10,0
DA:12,0
DA:13,0
LF:9
LH:0
BRDA:6,0,0,0
BRDA:6,0,1,0
BRF:2
BRH:0
end_of_record
TN:
SF:src\chatbot\copydata.js
FN:12,(anonymous_0)
FN:13,(anonymous_1)
FN:42,(anonymous_2)
FNF:3
FNH:2
FNDA:1,(anonymous_0)
FNDA:0,(anonymous_1)
FNDA:1,(anonymous_2)
DA:5,1
DA:8,1
DA:12,1
DA:13,0
DA:16,1
DA:32,1
DA:38,1
DA:39,1
DA:42,1
DA:43,1
DA:45,1
DA:48,1
DA:50,1
DA:52,0
DA:55,1
DA:60,1
LF:16
LH:14
BRF:0
BRH:0
end_of_record
TN:
SF:src\chatbot\server.js
FN:23,(anonymous_0)
FN:24,(anonymous_1)
FN:43,(anonymous_2)
FN:56,(anonymous_3)
FN:63,(anonymous_4)
FN:63,(anonymous_5)
FN:83,(anonymous_6)
FNF:7
FNH:0
FNDA:0,(anonymous_0)
FNDA:0,(anonymous_1)
FNDA:0,(anonymous_2)
FNDA:0,(anonymous_3)
FNDA:0,(anonymous_4)
FNDA:0,(anonymous_5)
FNDA:0,(anonymous_6)
DA:7,0
DA:9,0
DA:11,0
DA:12,0
DA:15,0
DA:16,0
DA:19,0
DA:23,0
DA:24,0
DA:27,0
DA:33,0
DA:35,0
DA:38,0
DA:43,0
DA:44,0
DA:46,0
DA:48,0
DA:53,0
DA:56,0
DA:61,0
DA:63,0
DA:66,0
DA:69,0
DA:74,0
DA:75,0
DA:77,0
DA:78,0
DA:83,0
DA:84,0
LF:29
LH:0
BRDA:12,0,0,0
BRDA:12,0,1,0
BRF:2
BRH:0
end_of_record
TN:
SF:src\components\ArticleCard.tsx
FN:29,(anonymous_0)
FN:34,(anonymous_1)
FN:79,(anonymous_2)
FN:116,(anonymous_3)
FN:122,(anonymous_4)
FN:123,(anonymous_5)
FN:124,(anonymous_6)
FN:132,(anonymous_7)
FN:263,(anonymous_8)
FN:283,(anonymous_9)
FNF:10
FNH:3
FNDA:8,(anonymous_0)
FNDA:0,(anonymous_1)
FNDA:0,(anonymous_2)
FNDA:0,(anonymous_3)
FNDA:0,(anonymous_4)
FNDA:0,(anonymous_5)
FNDA:0,(anonymous_6)
FNDA:0,(anonymous_7)
FNDA:1,(anonymous_8)
FNDA:1,(anonymous_9)
DA:29,1
DA:30,8
DA:34,8
DA:35,0
DA:79,8
DA:80,0
DA:82,0
DA:115,0
DA:116,0
DA:121,0
DA:122,0
DA:123,0
DA:124,0
DA:128,0
DA:133,0
DA:134,0
DA:135,0
DA:136,0
DA:192,8
DA:263,1
DA:283,1
LF:21
LH:7
BRDA:80,0,0,0
BRDA:80,0,1,0
BRDA:116,1,0,0
BRDA:116,1,1,0
BRDA:121,2,0,0
BRDA:121,2,1,0
BRDA:121,3,0,0
BRDA:121,3,1,0
BRDA:123,4,0,0
BRDA:123,4,1,0
BRDA:134,5,0,0
BRDA:134,5,1,0
BRDA:134,5,2,0
BRDA:144,6,0,0
BRDA:144,6,1,0
BRDA:148,7,0,0
BRDA:148,7,1,0
BRDA:149,8,0,0
BRDA:149,8,1,0
BRDA:150,9,0,0
BRDA:150,9,1,0
BRDA:194,10,0,8
BRDA:194,10,1,0
BRDA:216,11,0,8
BRDA:216,11,1,1
BRDA:231,12,0,0
BRDA:231,12,1,8
BRDA:233,13,0,8
BRDA:233,13,1,0
BRDA:234,14,0,0
BRDA:234,14,1,8
BRDA:236,15,0,8
BRDA:236,15,1,8
BRDA:236,15,2,0
BRDA:241,16,0,0
BRDA:241,16,1,0
BRDA:247,17,0,8
BRDA:247,17,1,1
BRDA:251,18,0,1
BRDA:251,18,1,0
BRDA:252,19,0,1
BRDA:252,19,1,1
BRDA:253,20,0,1
BRDA:253,20,1,1
BRDA:254,21,0,1
BRDA:254,21,1,1
BRDA:255,22,0,1
BRDA:255,22,1,0
BRF:48
BRH:18
end_of_record
TN:
SF:src\components\ArticleDetail.tsx
FN:26,(anonymous_0)
FN:45,(anonymous_1)
FN:84,(anonymous_2)
FN:85,(anonymous_3)
FN:109,(anonymous_4)
FN:120,(anonymous_5)
FN:127,(anonymous_6)
FN:128,(anonymous_7)
FN:153,(anonymous_8)
FN:155,(anonymous_9)
FN:161,(anonymous_10)
FN:165,(anonymous_11)
FN:347,(anonymous_12)
FN:359,(anonymous_13)
FN:370,(anonymous_14)
FN:432,(anonymous_15)
FN:461,(anonymous_16)
FNF:17
FNH:13
FNDA:27,(anonymous_0)
FNDA:2,(anonymous_1)
FNDA:0,(anonymous_2)
FNDA:0,(anonymous_3)
FNDA:1,(anonymous_4)
FNDA:14,(anonymous_5)
FNDA:12,(anonymous_6)
FNDA:12,(anonymous_7)
FNDA:23,(anonymous_8)
FNDA:0,(anonymous_9)
FNDA:0,(anonymous_10)
FNDA:2,(anonymous_11)
FNDA:14,(anonymous_12)
FNDA:2,(anonymous_13)
FNDA:1,(anonymous_14)
FNDA:2,(anonymous_15)
FNDA:2,(anonymous_16)
DA:26,1
DA:27,27
DA:28,27
DA:29,27
DA:30,27
DA:31,27
DA:32,27
DA:40,27
DA:41,27
DA:42,27
DA:43,27
DA:45,27
DA:46,2
DA:48,2
DA:49,2
DA:50,2
DA:51,1
DA:56,1
DA:60,1
DA:61,1
DA:73,0
DA:76,0
DA:77,0
DA:81,0
DA:82,0
DA:84,0
DA:85,0
DA:86,0
DA:90,0
DA:91,0
DA:98,0
DA:105,2
DA:109,27
DA:110,1
DA:111,1
DA:112,1
DA:120,27
DA:121,14
DA:122,14
DA:123,14
DA:124,14
DA:127,27
DA:128,12
DA:129,12
DA:130,12
DA:131,12
DA:133,11
DA:134,0
DA:137,11
DA:138,11
DA:140,1
DA:141,1
DA:143,12
DA:147,12
DA:148,12
DA:153,27
DA:154,23
DA:155,0
DA:156,0
DA:161,27
DA:162,0
DA:165,27
DA:166,2
DA:168,2
DA:170,2
DA:171,2
DA:174,2
DA:175,2
DA:178,2
DA:179,0
DA:184,0
DA:186,2
DA:200,2
DA:213,0
DA:215,0
DA:216,0
DA:220,0
DA:221,0
DA:224,0
DA:225,0
DA:232,0
DA:235,0
DA:239,27
DA:240,12
DA:249,15
DA:250,1
DA:262,14
DA:264,14
DA:348,14
DA:359,2
DA:370,1
DA:432,2
DA:462,2
LF:93
LH:67
BRDA:50,0,0,1
BRDA:50,0,1,1
BRDA:76,1,0,0
BRDA:76,1,1,0
BRDA:81,2,0,0
BRDA:81,2,1,0
BRDA:86,3,0,0
BRDA:86,3,1,0
BRDA:133,4,0,0
BRDA:133,4,1,11
BRDA:147,5,0,12
BRDA:147,5,1,0
BRDA:154,6,0,0
BRDA:154,6,1,23
BRDA:154,7,0,23
BRDA:154,7,1,0
BRDA:168,8,0,0
BRDA:168,8,1,2
BRDA:168,9,0,2
BRDA:168,9,1,2
BRDA:178,10,0,0
BRDA:178,10,1,2
BRDA:215,11,0,0
BRDA:215,11,1,0
BRDA:239,12,0,12
BRDA:239,12,1,15
BRDA:249,13,0,1
BRDA:249,13,1,14
BRDA:249,14,0,15
BRDA:249,14,1,14
BRDA:253,15,0,1
BRDA:253,15,1,0
BRDA:275,16,0,14
BRDA:275,16,1,14
BRDA:315,17,0,14
BRDA:315,17,1,14
BRDA:331,18,0,0
BRDA:331,18,1,14
BRDA:337,19,0,14
BRDA:337,19,1,0
BRDA:338,20,0,0
BRDA:338,20,1,14
BRDA:340,21,0,0
BRDA:340,21,1,14
BRDA:348,22,0,14
BRDA:348,22,1,0
BRDA:382,23,0,14
BRDA:382,23,1,13
BRDA:425,24,0,14
BRDA:425,24,1,13
BRDA:441,25,0,14
BRDA:441,25,1,12
BRDA:444,26,0,14
BRDA:444,26,1,12
BRDA:444,26,2,12
BRDA:448,27,0,2
BRDA:448,27,1,12
BRDA:455,28,0,13
BRDA:455,28,1,1
BRDA:455,29,0,14
BRDA:455,29,1,14
BRDA:465,30,0,0
BRDA:465,30,1,2
BRDA:467,31,0,2
BRDA:467,31,1,0
BRDA:471,32,0,0
BRDA:471,32,1,2
BRDA:473,33,0,2
BRDA:473,33,1,0
BRDA:476,34,0,0
BRDA:476,34,1,2
BRDA:483,35,0,0
BRDA:483,35,1,2
BRF:73
BRH:47
end_of_record
TN:
SF:src\components\CategoryFilter.tsx
FN:9,(anonymous_0)
FN:12,(anonymous_1)
FN:14,(anonymous_2)
FN:20,(anonymous_3)
FN:30,(anonymous_4)
FN:33,(anonymous_5)
FNF:6
FNH:6
FNDA:9,(anonymous_0)
FNDA:2,(anonymous_1)
FNDA:2,(anonymous_2)
FNDA:3,(anonymous_3)
FNDA:49,(anonymous_4)
FNDA:2,(anonymous_5)
DA:9,1
DA:10,9
DA:12,9
DA:13,2
DA:14,2
DA:16,1
DA:20,9
DA:21,3
DA:24,9
DA:26,9
DA:31,49
DA:33,2
LF:12
LH:12
BRDA:13,0,0,1
BRDA:13,0,1,1
BRDA:24,1,0,2
BRDA:24,1,1,7
BRDA:35,2,0,18
BRDA:35,2,1,31
BRDA:44,3,0,9
BRDA:44,3,1,9
BRDA:50,4,0,2
BRDA:50,4,1,7
BRF:10
BRH:10
end_of_record
TN:
SF:src\components\Navbar.tsx
FN:12,(anonymous_0)
FN:19,(anonymous_1)
FN:23,(anonymous_2)
FN:31,(anonymous_3)
FN:108,(anonymous_4)
FN:126,(anonymous_5)
FN:136,(anonymous_6)
FN:144,(anonymous_7)
FN:152,(anonymous_8)
FN:158,(anonymous_9)
FN:296,(anonymous_10)
FNF:11
FNH:8
FNDA:13,(anonymous_0)
FNDA:1,(anonymous_1)
FNDA:2,(anonymous_2)
FNDA:54,(anonymous_3)
FNDA:1,(anonymous_4)
FNDA:1,(anonymous_5)
FNDA:0,(anonymous_6)
FNDA:0,(anonymous_7)
FNDA:0,(anonymous_8)
FNDA:1,(anonymous_9)
FNDA:1,(anonymous_10)
DA:12,1
DA:13,13
DA:14,13
DA:15,13
DA:16,13
DA:17,13
DA:19,13
DA:20,1
DA:23,13
DA:24,2
DA:25,2
DA:27,0
DA:31,13
DA:32,54
DA:35,13
DA:37,13
DA:108,1
DA:126,1
DA:136,0
DA:144,0
DA:152,0
DA:159,1
DA:160,1
DA:296,1
LF:24
LH:20
BRDA:50,0,0,12
BRDA:50,0,1,1
BRDA:62,1,0,0
BRDA:62,1,1,13
BRDA:74,2,0,1
BRDA:74,2,1,12
BRDA:86,3,0,0
BRDA:86,3,1,13
BRDA:117,4,0,5
BRDA:117,4,1,8
BRDA:131,5,0,5
BRDA:131,5,1,1
BRDA:194,6,0,1
BRDA:194,6,1,12
BRDA:201,7,0,13
BRDA:201,7,1,1
BRDA:208,8,0,1
BRDA:208,8,1,0
BRDA:219,9,0,0
BRDA:219,9,1,1
BRDA:228,10,0,1
BRDA:228,10,1,0
BRDA:238,11,0,1
BRDA:238,11,1,0
BRDA:296,12,0,13
BRDA:296,12,1,1
BRF:26
BRH:20
end_of_record
TN:
SF:src\components\NewsList.tsx
FN:9,(anonymous_0)
FN:20,(anonymous_1)
FN:21,(anonymous_2)
FN:28,(anonymous_3)
FN:35,(anonymous_4)
FN:49,(anonymous_5)
FN:50,(anonymous_6)
FN:72,(anonymous_7)
FN:86,(anonymous_8)
FN:87,(anonymous_9)
FN:106,(anonymous_10)
FN:120,(anonymous_11)
FN:121,(anonymous_12)
FN:151,(anonymous_13)
FN:190,(anonymous_14)
FN:191,(anonymous_15)
FN:215,(anonymous_16)
FN:250,(anonymous_17)
FNF:18
FNH:14
FNDA:11,(anonymous_0)
FNDA:6,(anonymous_1)
FNDA:6,(anonymous_2)
FNDA:8,(anonymous_3)
FNDA:8,(anonymous_4)
FNDA:3,(anonymous_5)
FNDA:6,(anonymous_6)
FNDA:8,(anonymous_7)
FNDA:1,(anonymous_8)
FNDA:2,(anonymous_9)
FNDA:8,(anonymous_10)
FNDA:0,(anonymous_11)
FNDA:0,(anonymous_12)
FNDA:1,(anonymous_13)
FNDA:0,(anonymous_14)
FNDA:0,(anonymous_15)
FNDA:1,(anonymous_16)
FNDA:8,(anonymous_17)
DA:9,1
DA:10,11
DA:11,11
DA:12,11
DA:20,11
DA:21,6
DA:22,6
DA:23,6
DA:24,6
DA:25,5
DA:28,8
DA:35,4
DA:36,8
DA:37,8
DA:45,8
DA:46,3
DA:49,3
DA:50,3
DA:51,6
DA:67,5
DA:72,4
DA:73,8
DA:74,8
DA:82,8
DA:83,1
DA:86,1
DA:87,1
DA:88,2
DA:101,7
DA:106,4
DA:107,8
DA:108,8
DA:116,8
DA:117,0
DA:120,0
DA:121,0
DA:122,0
DA:138,8
DA:142,2
DA:144,6
DA:148,6
DA:151,11
DA:152,1
DA:154,1
DA:155,1
DA:156,1
DA:157,0
DA:162,0
DA:166,1
DA:167,1
DA:179,1
DA:182,1
DA:183,1
DA:187,1
DA:188,0
DA:190,0
DA:191,0
DA:192,0
DA:196,0
DA:197,0
DA:204,0
DA:211,1
DA:215,11
DA:216,1
DA:217,1
DA:218,1
DA:225,11
DA:251,8
LF:68
LH:55
BRDA:51,0,0,3
BRDA:51,0,1,3
BRDA:88,1,0,1
BRDA:88,1,1,1
BRDA:122,2,0,0
BRDA:122,2,1,0
BRDA:156,3,0,0
BRDA:156,3,1,1
BRDA:182,4,0,1
BRDA:182,4,1,0
BRDA:187,5,0,0
BRDA:187,5,1,0
BRDA:192,6,0,0
BRDA:192,6,1,0
BRDA:239,7,0,6
BRDA:239,7,1,5
BRDA:244,8,0,1
BRDA:244,8,1,4
BRF:18
BRH:10
end_of_record
TN:
SF:src\components\PoliticalLeaningBar.tsx
FN:17,(anonymous_0)
FN:45,(anonymous_1)
FN:62,(anonymous_2)
FNF:3
FNH:3
FNDA:9,(anonymous_0)
FNDA:9,(anonymous_1)
FNDA:40,(anonymous_2)
DA:17,2
DA:21,9
DA:22,9
DA:25,9
DA:28,9
DA:45,9
DA:46,9
DA:47,9
DA:49,9
DA:50,9
DA:53,8
DA:54,8
DA:56,8
DA:58,8
DA:61,8
DA:62,8
DA:63,40
DA:64,40
DA:65,40
DA:69,8
DA:70,8
DA:71,8
DA:72,8
DA:73,8
DA:75,8
DA:76,8
DA:79,9
LF:27
LH:27
BRDA:19,0,0,8
BRDA:25,1,0,9
BRDA:25,1,1,9
BRDA:25,1,2,0
BRDA:47,2,0,0
BRDA:47,2,1,9
BRDA:50,3,0,1
BRDA:50,3,1,8
BRDA:56,4,0,0
BRDA:56,4,1,8
BRDA:92,5,0,0
BRDA:92,5,1,9
BRDA:106,6,0,0
BRDA:106,6,1,9
BRDA:113,7,0,0
BRDA:113,7,1,9
BRDA:120,8,0,0
BRDA:120,8,1,9
BRF:18
BRH:11
end_of_record
TN:
SF:src\components\VideoCard.tsx
FN:30,(anonymous_0)
FN:33,(anonymous_1)
FN:39,(anonymous_2)
FN:55,(anonymous_3)
FN:64,(anonymous_4)
FN:120,(anonymous_5)
FN:223,(anonymous_6)
FN:238,(anonymous_7)
FN:259,(anonymous_8)
FNF:9
FNH:7
FNDA:5,(anonymous_0)
FNDA:5,(anonymous_1)
FNDA:5,(anonymous_2)
FNDA:5,(anonymous_3)
FNDA:2,(anonymous_4)
FNDA:0,(anonymous_5)
FNDA:1,(anonymous_6)
FNDA:1,(anonymous_7)
FNDA:0,(anonymous_8)
DA:30,1
DA:31,5
DA:33,5
DA:34,5
DA:35,5
DA:36,5
DA:39,5
DA:40,5
DA:41,5
DA:42,5
DA:43,5
DA:45,5
DA:46,0
DA:47,0
DA:48,0
DA:55,5
DA:56,5
DA:57,1
DA:58,4
DA:59,4
DA:61,0
DA:64,5
DA:65,2
DA:67,2
DA:117,5
DA:120,0
DA:223,1
DA:238,1
DA:259,0
LF:29
LH:23
BRDA:35,0,0,0
BRDA:35,0,1,5
BRDA:45,1,0,5
BRDA:45,1,1,0
BRDA:46,2,0,0
BRDA:46,2,1,0
BRDA:47,3,0,0
BRDA:47,3,1,0
BRDA:56,4,0,1
BRDA:56,4,1,4
BRDA:58,5,0,4
BRDA:58,5,1,0
BRDA:65,6,0,0
BRDA:65,6,1,2
BRDA:72,7,0,2
BRDA:72,7,1,0
BRDA:78,8,0,2
BRDA:78,8,1,0
BRDA:87,9,0,2
BRDA:87,9,1,0
BRDA:93,10,0,2
BRDA:93,10,1,0
BRDA:102,11,0,2
BRDA:102,11,1,0
BRDA:108,12,0,2
BRDA:108,12,1,0
BRDA:121,13,0,5
BRDA:121,13,1,0
BRDA:184,14,0,5
BRDA:184,14,1,2
BRDA:191,15,0,2
BRDA:191,15,1,0
BRDA:195,16,0,2
BRDA:195,16,1,0
BRDA:203,17,0,2
BRDA:203,17,1,0
BRDA:203,18,0,2
BRDA:203,18,1,0
BRDA:204,19,0,2
BRDA:204,19,1,0
BRDA:210,20,0,2
BRDA:210,20,1,0
BRDA:210,21,0,2
BRDA:210,21,1,0
BRDA:212,22,0,2
BRDA:212,22,1,0
BRDA:221,23,0,2
BRDA:221,23,1,1
BRDA:255,24,0,5
BRDA:255,24,1,5
BRF:50
BRH:27
end_of_record
TN:
SF:src\components\VideoList.tsx
FN:30,(anonymous_0)
FN:34,(anonymous_1)
FN:35,(anonymous_2)
FN:51,(anonymous_3)
FN:65,(anonymous_4)
FN:66,(anonymous_5)
FN:78,(anonymous_6)
FN:117,(anonymous_7)
FN:118,(anonymous_8)
FN:142,(anonymous_9)
FN:143,(anonymous_10)
FN:190,(anonymous_11)
FNF:12
FNH:8
FNDA:20,(anonymous_0)
FNDA:8,(anonymous_1)
FNDA:8,(anonymous_2)
FNDA:2,(anonymous_3)
FNDA:0,(anonymous_4)
FNDA:0,(anonymous_5)
FNDA:1,(anonymous_6)
FNDA:0,(anonymous_7)
FNDA:0,(anonymous_8)
FNDA:15,(anonymous_9)
FNDA:6,(anonymous_10)
FNDA:16,(anonymous_11)
DA:30,1
DA:31,20
DA:32,20
DA:34,20
DA:35,8
DA:36,8
DA:37,8
DA:38,8
DA:39,7
DA:40,7
DA:42,1
DA:44,8
DA:48,8
DA:51,20
DA:52,2
DA:53,2
DA:54,2
DA:58,2
DA:59,0
DA:62,0
DA:65,0
DA:66,0
DA:67,0
DA:72,2
DA:74,2
DA:78,20
DA:79,1
DA:81,1
DA:82,1
DA:83,1
DA:84,1
DA:89,1
DA:93,0
DA:94,0
DA:106,0
DA:109,0
DA:110,0
DA:114,0
DA:115,0
DA:117,0
DA:118,0
DA:119,0
DA:123,0
DA:124,0
DA:131,0
DA:138,1
DA:142,20
DA:143,15
DA:144,6
DA:145,12
DA:146,6
DA:147,6
DA:150,6
DA:151,1
DA:154,3
DA:160,15
DA:161,6
DA:165,20
DA:191,16
LF:59
LH:41
BRDA:58,0,0,0
BRDA:58,0,1,0
BRDA:67,1,0,0
BRDA:67,1,1,0
BRDA:83,2,0,1
BRDA:83,2,1,0
BRDA:109,3,0,0
BRDA:109,3,1,0
BRDA:114,4,0,0
BRDA:114,4,1,0
BRDA:119,5,0,0
BRDA:119,5,1,0
BRDA:145,6,0,6
BRDA:145,6,1,6
BRDA:150,7,0,1
BRDA:150,7,1,2
BRDA:160,8,0,6
BRDA:160,8,1,9
BRDA:179,9,0,10
BRDA:179,9,1,10
BRDA:184,10,0,2
BRDA:184,10,1,8
BRF:22
BRH:11
end_of_record
TN:
SF:src\components\chatbot.tsx
FN:8,(anonymous_0)
FN:13,(anonymous_1)
FN:71,(anonymous_2)
FN:92,(anonymous_3)
FNF:4
FNH:4
FNDA:13,(anonymous_0)
FNDA:3,(anonymous_1)
FNDA:3,(anonymous_2)
FNDA:3,(anonymous_3)
DA:8,1
DA:9,13
DA:10,13
DA:11,13
DA:13,13
DA:14,3
DA:15,3
DA:17,2
DA:19,2
DA:21,2
DA:27,1
DA:28,0
DA:31,1
DA:32,1
DA:33,1
DA:35,1
DA:36,1
DA:38,2
DA:42,13
DA:72,3
DA:92,3
LF:21
LH:20
BRDA:15,0,0,1
BRDA:15,0,1,2
BRDA:27,1,0,0
BRDA:27,1,1,1
BRDA:60,2,0,11
BRDA:60,2,1,2
BRDA:75,3,0,1
BRDA:75,3,1,2
BRDA:77,4,0,1
BRDA:77,4,1,1
BRDA:100,5,0,13
BRDA:100,5,1,11
BRDA:102,6,0,2
BRDA:102,6,1,11
BRF:14
BRH:13
end_of_record
TN:
SF:src\components\mode-toggle.tsx
FN:12,ModeToggle
FN:25,(anonymous_1)
FN:28,(anonymous_2)
FN:31,(anonymous_3)
FNF:4
FNH:4
FNDA:6,ModeToggle
FNDA:1,(anonymous_1)
FNDA:1,(anonymous_2)
FNDA:1,(anonymous_3)
DA:13,6
DA:15,6
DA:25,1
DA:28,1
DA:31,1
LF:5
LH:5
BRF:0
BRH:0
end_of_record
TN:
SF:src\components\theme-provider.tsx
FN:18,(anonymous_0)
FN:23,ThemeProvider
FN:30,(anonymous_2)
FN:33,(anonymous_3)
FN:53,(anonymous_4)
FN:66,(anonymous_5)
FNF:6
FNH:4
FNDA:0,(anonymous_0)
FNDA:2,ThemeProvider
FNDA:2,(anonymous_2)
FNDA:2,(anonymous_3)
FNDA:0,(anonymous_4)
FNDA:2,(anonymous_5)
DA:16,1
DA:18,0
DA:21,1
DA:29,2
DA:30,2
DA:33,2
DA:34,2
DA:36,2
DA:38,2
DA:39,2
DA:44,2
DA:45,2
DA:48,0
DA:51,2
DA:54,0
DA:55,0
DA:59,2
DA:66,1
DA:67,2
DA:69,2
DA:70,0
DA:72,2
LF:22
LH:17
BRDA:25,0,0,0
BRDA:26,1,0,2
BRDA:30,2,0,2
BRDA:30,2,1,2
BRDA:38,3,0,2
BRDA:38,3,1,0
BRDA:39,4,0,1
BRDA:39,4,1,1
BRDA:69,5,0,0
BRDA:69,5,1,2
BRF:10
BRH:7
end_of_record
TN:
SF:src\components\ui\badge.tsx
FN:28,Badge
FNF:1
FNH:0
FNDA:0,Badge
DA:7,1
DA:35,0
DA:37,0
LF:3
LH:1
BRDA:31,0,0,0
BRDA:35,1,0,0
BRDA:35,1,1,0
BRF:3
BRH:0
end_of_record
TN:
SF:src\components\ui\button.tsx
FN:38,Button
FNF:1
FNH:1
FNDA:18,Button
DA:7,2
DA:48,18
DA:50,18
LF:3
LH:3
BRDA:42,0,0,18
BRDA:48,1,0,0
BRDA:48,1,1,18
BRF:3
BRH:2
end_of_record
TN:
SF:src\components\ui\card.tsx
FN:5,Card
FN:18,CardHeader
FN:31,CardTitle
FN:41,CardDescription
FN:51,CardAction
FN:64,CardContent
FN:74,CardFooter
FNF:7
FNH:0
FNDA:0,Card
FNDA:0,CardHeader
FNDA:0,CardTitle
FNDA:0,CardDescription
FNDA:0,CardAction
FNDA:0,CardContent
FNDA:0,CardFooter
DA:6,0
DA:19,0
DA:32,0
DA:42,0
DA:52,0
DA:65,0
DA:75,0
LF:7
LH:0
BRF:0
BRH:0
end_of_record
TN:
SF:src\components\ui\dropdown-menu.tsx
FN:7,DropdownMenu
FN:13,DropdownMenuPortal
FN:21,DropdownMenuTrigger
FN:32,DropdownMenuContent
FN:52,DropdownMenuGroup
FN:60,DropdownMenuItem
FN:83,DropdownMenuCheckboxItem
FN:109,DropdownMenuRadioGroup
FN:120,DropdownMenuRadioItem
FN:144,DropdownMenuLabel
FN:164,DropdownMenuSeparator
FN:177,DropdownMenuShortcut
FN:193,DropdownMenuSub
FN:199,DropdownMenuSubTrigger
FN:223,DropdownMenuSubContent
FNF:15
FNH:6
FNDA:8,DropdownMenu
FNDA:0,DropdownMenuPortal
FNDA:8,DropdownMenuTrigger
FNDA:8,DropdownMenuContent
FNDA:0,DropdownMenuGroup
FNDA:10,DropdownMenuItem
FNDA:0,DropdownMenuCheckboxItem
FNDA:0,DropdownMenuRadioGroup
FNDA:0,DropdownMenuRadioItem
FNDA:2,DropdownMenuLabel
FNDA:1,DropdownMenuSeparator
FNDA:0,DropdownMenuShortcut
FNDA:0,DropdownMenuSub
FNDA:0,DropdownMenuSubTrigger
FNDA:0,DropdownMenuSubContent
DA:10,8
DA:16,0
DA:24,8
DA:37,8
DA:55,0
DA:69,10
DA:89,0
DA:112,0
DA:125,0
DA:151,2
DA:168,1
DA:181,0
DA:196,0
DA:207,0
DA:227,0
LF:15
LH:6
BRDA:34,0,0,8
BRDA:63,1,0,9
BRF:2
BRH:2
end_of_record
TN:
SF:src\components\ui\hover-card.tsx
FN:6,HoverCard
FN:12,HoverCardTrigger
FN:20,HoverCardContent
FNF:3
FNH:0
FNDA:0,HoverCard
FNDA:0,HoverCardTrigger
FNDA:0,HoverCardContent
DA:9,0
DA:15,0
DA:26,0
LF:3
LH:0
BRDA:22,0,0,0
BRDA:23,1,0,0
BRF:2
BRH:0
end_of_record
TN:
SF:src\components\ui\progress.tsx
FN:5,Progress
FN:12,(anonymous_1)
FN:36,(anonymous_2)
FNF:3
FNH:3
FNDA:6,Progress
FNDA:6,(anonymous_1)
FNDA:6,(anonymous_2)
DA:12,6
DA:13,6
DA:14,2
DA:18,4
DA:19,2
DA:23,2
DA:24,1
DA:29,1
DA:36,6
DA:37,6
DA:38,2
DA:39,4
DA:40,2
DA:41,2
DA:42,1
DA:44,1
DA:48,6
DA:50,6
LF:18
LH:18
BRDA:7,0,0,0
BRDA:13,1,0,2
BRDA:13,1,1,4
BRDA:18,2,0,2
BRDA:18,2,1,2
BRDA:23,3,0,1
BRDA:23,3,1,1
BRDA:37,4,0,2
BRDA:37,4,1,4
BRDA:39,5,0,2
BRDA:39,5,1,2
BRDA:41,6,0,1
BRDA:41,6,1,1
BRF:13
BRH:12
end_of_record
TN:
SF:src\components\ui\tooltip.tsx
FN:6,TooltipProvider
FN:19,Tooltip
FN:29,TooltipTrigger
FN:35,TooltipContent
FNF:4
FNH:0
FNDA:0,TooltipProvider
FNDA:0,Tooltip
FNDA:0,TooltipTrigger
FNDA:0,TooltipContent
DA:10,0
DA:22,0
DA:32,0
DA:41,0
LF:4
LH:0
BRDA:7,0,0,0
BRDA:37,1,0,0
BRF:2
BRH:0
end_of_record
TN:
SF:src\context\AuthContext.tsx
FN:30,(anonymous_0)
FN:36,(anonymous_1)
FN:41,(anonymous_2)
FN:42,(anonymous_3)
FN:63,(anonymous_4)
FN:86,(anonymous_5)
FN:108,(anonymous_6)
FN:113,(anonymous_7)
FN:136,(anonymous_8)
FN:161,(anonymous_9)
FNF:10
FNH:8
FNDA:16,(anonymous_0)
FNDA:16,(anonymous_1)
FNDA:6,(anonymous_2)
FNDA:6,(anonymous_3)
FNDA:1,(anonymous_4)
FNDA:1,(anonymous_5)
FNDA:2,(anonymous_6)
FNDA:0,(anonymous_7)
FNDA:0,(anonymous_8)
FNDA:1,(anonymous_9)
DA:28,1
DA:30,1
DA:31,16
DA:32,16
DA:33,16
DA:36,1
DA:37,16
DA:38,16
DA:39,16
DA:41,16
DA:42,6
DA:43,6
DA:44,6
DA:45,6
DA:47,4
DA:51,3
DA:53,1
DA:54,1
DA:56,6
DA:60,6
DA:63,16
DA:64,1
DA:65,1
DA:66,1
DA:67,1
DA:68,1
DA:69,1
DA:74,1
DA:76,0
DA:77,0
DA:82,0
DA:86,16
DA:87,1
DA:88,1
DA:89,1
DA:90,1
DA:91,1
DA:96,1
DA:98,0
DA:99,0
DA:104,0
DA:108,16
DA:109,2
DA:110,2
DA:113,16
DA:114,0
DA:115,0
DA:116,0
DA:117,0
DA:122,0
DA:125,0
DA:136,0
DA:137,0
DA:139,0
DA:144,0
DA:149,0
DA:151,0
DA:152,0
DA:157,0
DA:161,16
DA:162,1
DA:163,1
DA:164,1
DA:166,1
DA:170,1
DA:172,0
DA:173,0
DA:177,16
LF:68
LH:46
BRDA:32,0,0,0
BRDA:32,0,1,16
BRDA:45,1,0,2
BRDA:45,1,1,4
BRDA:116,2,0,0
BRDA:116,2,1,0
BRDA:137,3,0,0
BRDA:137,3,1,0
BRDA:164,4,0,0
BRDA:164,4,1,1
BRF:10
BRH:4
end_of_record
TN:
SF:src\firebase\config.ts
FNF:0
FNH:0
DA:7,0
DA:18,0
DA:19,0
DA:20,0
LF:4
LH:0
BRF:0
BRH:0
end_of_record
TN:
SF:src\lib\utils.ts
FN:4,cn
FNF:1
FNH:1
FNDA:153,cn
DA:5,153
LF:1
LH:1
BRF:0
BRH:0
end_of_record
TN:
SF:src\pages\Chatbotpage.tsx
FN:4,(anonymous_0)
FN:8,(anonymous_1)
FNF:2
FNH:2
FNDA:5,(anonymous_0)
FNDA:1,(anonymous_1)
DA:4,1
DA:5,5
DA:8,1
LF:3
LH:3
BRF:0
BRH:0
end_of_record
TN:
SF:src\pages\ForYou.tsx
FN:15,(anonymous_0)
FN:27,(anonymous_1)
FN:28,(anonymous_2)
FN:70,(anonymous_3)
FN:75,(anonymous_4)
FN:89,(anonymous_5)
FN:90,(anonymous_6)
FN:112,(anonymous_7)
FN:126,(anonymous_8)
FN:127,(anonymous_9)
FN:146,(anonymous_10)
FN:160,(anonymous_11)
FN:161,(anonymous_12)
FN:194,(anonymous_13)
FN:233,(anonymous_14)
FN:234,(anonymous_15)
FN:258,(anonymous_16)
FN:286,(anonymous_17)
FNF:18
FNH:16
FNDA:26,(anonymous_0)
FNDA:25,(anonymous_1)
FNDA:25,(anonymous_2)
FNDA:34,(anonymous_3)
FNDA:34,(anonymous_4)
FNDA:21,(anonymous_5)
FNDA:41,(anonymous_6)
FNDA:34,(anonymous_7)
FNDA:22,(anonymous_8)
FNDA:42,(anonymous_9)
FNDA:34,(anonymous_10)
FNDA:22,(anonymous_11)
FNDA:42,(anonymous_12)
FNDA:1,(anonymous_13)
FNDA:0,(anonymous_14)
FNDA:0,(anonymous_15)
FNDA:1,(anonymous_16)
FNDA:22,(anonymous_17)
DA:15,1
DA:16,26
DA:17,26
DA:18,26
DA:19,26
DA:27,26
DA:28,25
DA:29,25
DA:31,24
DA:32,24
DA:33,24
DA:36,24
DA:39,24
DA:40,24
DA:41,24
DA:43,24
DA:44,24
DA:45,24
DA:47,24
DA:48,23
DA:52,24
DA:53,24
DA:55,24
DA:56,24
DA:63,23
DA:64,1
DA:67,21
DA:68,21
DA:70,34
DA:75,21
DA:76,34
DA:77,34
DA:85,33
DA:86,33
DA:89,33
DA:90,21
DA:91,41
DA:107,1
DA:112,21
DA:113,34
DA:114,34
DA:122,34
DA:123,34
DA:126,34
DA:127,22
DA:128,42
DA:141,0
DA:146,21
DA:147,34
DA:148,34
DA:156,34
DA:157,34
DA:160,34
DA:161,22
DA:162,42
DA:178,0
DA:182,3
DA:185,0
DA:187,24
DA:191,25
DA:194,26
DA:195,1
DA:197,1
DA:198,1
DA:199,1
DA:200,1
DA:205,1
DA:209,0
DA:210,0
DA:222,0
DA:225,0
DA:226,0
DA:230,0
DA:231,0
DA:233,0
DA:234,0
DA:235,0
DA:239,0
DA:240,0
DA:247,0
DA:254,1
DA:258,26
DA:259,1
DA:260,1
DA:261,1
DA:268,26
DA:287,22
LF:87
LH:71
BRDA:29,0,0,1
BRDA:29,0,1,24
BRDA:36,1,0,0
BRDA:36,2,0,0
BRDA:40,3,0,23
BRDA:40,3,1,1
BRDA:41,4,0,23
BRDA:41,4,1,1
BRDA:44,5,0,24
BRDA:44,5,1,0
BRDA:47,6,0,23
BRDA:47,6,1,1
BRDA:63,7,0,1
BRDA:63,7,1,21
BRDA:91,8,0,21
BRDA:91,8,1,20
BRDA:128,9,0,22
BRDA:128,9,1,20
BRDA:162,10,0,22
BRDA:162,10,1,20
BRDA:199,11,0,1
BRDA:199,11,1,0
BRDA:225,12,0,0
BRDA:225,12,1,0
BRDA:230,13,0,0
BRDA:230,13,1,0
BRDA:235,14,0,0
BRDA:235,14,1,0
BRDA:271,15,0,1
BRDA:271,15,1,25
BRDA:280,16,0,9
BRDA:280,16,1,16
BRDA:284,17,0,12
BRDA:284,17,1,4
BRF:34
BRH:24
end_of_record
TN:
SF:src\pages\Home.tsx
FN:11,(anonymous_0)
FN:28,(anonymous_1)
FN:29,(anonymous_2)
FN:36,(anonymous_3)
FN:43,(anonymous_4)
FN:57,(anonymous_5)
FN:58,(anonymous_6)
FN:80,(anonymous_7)
FN:94,(anonymous_8)
FN:95,(anonymous_9)
FN:114,(anonymous_10)
FN:128,(anonymous_11)
FN:129,(anonymous_12)
FN:159,(anonymous_13)
FN:198,(anonymous_14)
FN:199,(anonymous_15)
FN:204,(anonymous_16)
FN:232,(anonymous_17)
FN:243,(anonymous_18)
FN:258,(anonymous_19)
FNF:20
FNH:17
FNDA:25,(anonymous_0)
FNDA:11,(anonymous_1)
FNDA:11,(anonymous_2)
FNDA:17,(anonymous_3)
FNDA:17,(anonymous_4)
FNDA:16,(anonymous_5)
FNDA:32,(anonymous_6)
FNDA:17,(anonymous_7)
FNDA:17,(anonymous_8)
FNDA:33,(anonymous_9)
FNDA:17,(anonymous_10)
FNDA:17,(anonymous_11)
FNDA:33,(anonymous_12)
FNDA:1,(anonymous_13)
FNDA:0,(anonymous_14)
FNDA:0,(anonymous_15)
FNDA:0,(anonymous_16)
FNDA:1,(anonymous_17)
FNDA:4,(anonymous_18)
FNDA:20,(anonymous_19)
DA:11,1
DA:12,25
DA:13,25
DA:14,25
DA:15,25
DA:22,25
DA:24,25
DA:28,25
DA:29,11
DA:30,11
DA:31,11
DA:32,11
DA:33,10
DA:36,17
DA:43,9
DA:44,17
DA:45,17
DA:53,16
DA:54,16
DA:57,16
DA:58,16
DA:59,32
DA:75,1
DA:80,9
DA:81,17
DA:82,17
DA:90,17
DA:91,17
DA:94,17
DA:95,17
DA:96,33
DA:109,0
DA:114,9
DA:115,17
DA:116,17
DA:124,17
DA:125,17
DA:128,17
DA:129,17
DA:130,33
DA:146,0
DA:150,2
DA:152,11
DA:156,11
DA:159,25
DA:160,1
DA:162,1
DA:163,1
DA:164,1
DA:165,1
DA:170,1
DA:174,0
DA:175,0
DA:187,0
DA:190,0
DA:191,0
DA:195,0
DA:196,0
DA:198,0
DA:199,0
DA:200,0
DA:204,0
DA:205,0
DA:207,0
DA:213,0
DA:214,0
DA:221,0
DA:228,1
DA:232,25
DA:233,1
DA:234,1
DA:235,1
DA:242,25
DA:243,4
DA:246,25
DA:259,20
LF:76
LH:58
BRDA:59,0,0,16
BRDA:59,0,1,16
BRDA:96,1,0,17
BRDA:96,1,1,16
BRDA:130,2,0,17
BRDA:130,2,1,16
BRDA:164,3,0,1
BRDA:164,3,1,0
BRDA:190,4,0,0
BRDA:190,4,1,0
BRDA:195,5,0,0
BRDA:195,5,1,0
BRDA:200,6,0,0
BRDA:200,6,1,0
BRDA:205,7,0,0
BRDA:205,7,1,0
BRDA:242,8,0,2
BRDA:242,8,1,23
BRDA:252,9,0,11
BRDA:252,9,1,14
BRDA:256,10,0,11
BRDA:256,10,1,3
BRDA:273,11,0,3
BRDA:273,11,1,1
BRF:24
BRH:15
end_of_record
TN:
SF:src\pages\Login.tsx
FN:6,(anonymous_0)
FN:14,(anonymous_1)
FN:91,(anonymous_2)
FN:107,(anonymous_3)
FNF:4
FNH:4
FNDA:6,(anonymous_0)
FNDA:1,(anonymous_1)
FNDA:1,(anonymous_2)
FNDA:1,(anonymous_3)
DA:6,1
DA:7,6
DA:8,6
DA:9,6
DA:10,6
DA:11,6
DA:12,6
DA:14,6
DA:15,1
DA:17,1
DA:18,1
DA:19,0
DA:20,0
DA:22,1
DA:23,1
DA:24,1
DA:41,1
DA:47,0
DA:53,0
DA:55,1
DA:59,6
DA:91,1
DA:107,1
LF:23
LH:19
BRDA:18,0,0,0
BRDA:18,0,1,1
BRDA:18,1,0,1
BRDA:18,1,1,1
BRDA:53,2,0,0
BRDA:53,2,1,0
BRDA:73,3,0,6
BRDA:73,3,1,0
BRDA:125,4,0,0
BRDA:125,4,1,6
BRF:10
BRH:5
end_of_record
TN:
SF:src\pages\Preferences.tsx
FN:7,(anonymous_0)
FN:42,(anonymous_1)
FN:43,(anonymous_2)
FN:45,(anonymous_3)
FN:60,(anonymous_4)
FN:61,(anonymous_5)
FN:63,(anonymous_6)
FN:69,(anonymous_7)
FN:129,(anonymous_8)
FN:135,(anonymous_9)
FN:189,(anonymous_10)
FN:195,(anonymous_11)
FN:208,(anonymous_12)
FNF:13
FNH:13
FNDA:17,(anonymous_0)
FNDA:4,(anonymous_1)
FNDA:4,(anonymous_2)
FNDA:1,(anonymous_3)
FNDA:3,(anonymous_4)
FNDA:3,(anonymous_5)
FNDA:1,(anonymous_6)
FNDA:3,(anonymous_7)
FNDA:102,(anonymous_8)
FNDA:4,(anonymous_9)
FNDA:204,(anonymous_10)
FNDA:3,(anonymous_11)
FNDA:1,(anonymous_12)
DA:7,1
DA:8,17
DA:9,17
DA:10,17
DA:11,17
DA:18,17
DA:23,17
DA:31,17
DA:42,17
DA:43,4
DA:44,4
DA:45,1
DA:47,4
DA:60,17
DA:61,3
DA:62,3
DA:63,1
DA:65,3
DA:69,17
DA:70,3
DA:71,3
DA:72,3
DA:102,3
DA:104,2
DA:106,1
DA:107,1
DA:108,1
DA:109,1
DA:111,1
DA:112,1
DA:115,3
DA:119,17
DA:130,102
DA:135,4
DA:190,204
DA:195,3
DA:208,1
LF:37
LH:37
BRDA:44,0,0,1
BRDA:44,0,1,3
BRDA:62,1,0,1
BRDA:62,1,1,2
BRDA:104,2,0,1
BRDA:104,2,1,1
BRDA:112,3,0,1
BRDA:112,3,1,0
BRDA:212,4,0,0
BRDA:212,4,1,17
BRF:10
BRH:8
end_of_record
TN:
SF:src\pages\Profile.tsx
FN:25,(anonymous_0)
FN:38,(anonymous_1)
FN:39,(anonymous_2)
FN:49,(anonymous_3)
FN:54,(anonymous_4)
FN:68,(anonymous_5)
FN:69,(anonymous_6)
FN:91,(anonymous_7)
FN:105,(anonymous_8)
FN:106,(anonymous_9)
FN:125,(anonymous_10)
FN:139,(anonymous_11)
FN:140,(anonymous_12)
FN:174,(anonymous_13)
FN:178,(anonymous_14)
FN:217,(anonymous_15)
FN:218,(anonymous_16)
FN:242,(anonymous_17)
FN:243,(anonymous_18)
FN:249,(anonymous_19)
FN:301,(anonymous_20)
FN:311,(anonymous_21)
FN:321,(anonymous_22)
FN:348,(anonymous_23)
FN:369,(anonymous_24)
FN:404,(anonymous_25)
FN:413,(anonymous_26)
FN:444,(anonymous_27)
FN:453,(anonymous_28)
FN:466,(anonymous_29)
FN:484,(anonymous_30)
FNF:31
FNH:27
FNDA:33,(anonymous_0)
FNDA:15,(anonymous_1)
FNDA:15,(anonymous_2)
FNDA:24,(anonymous_3)
FNDA:24,(anonymous_4)
FNDA:10,(anonymous_5)
FNDA:20,(anonymous_6)
FNDA:24,(anonymous_7)
FNDA:10,(anonymous_8)
FNDA:20,(anonymous_9)
FNDA:24,(anonymous_10)
FNDA:10,(anonymous_11)
FNDA:20,(anonymous_12)
FNDA:11,(anonymous_13)
FNDA:3,(anonymous_14)
FNDA:1,(anonymous_15)
FNDA:2,(anonymous_16)
FNDA:0,(anonymous_17)
FNDA:0,(anonymous_18)
FNDA:4,(anonymous_19)
FNDA:0,(anonymous_20)
FNDA:8,(anonymous_21)
FNDA:3,(anonymous_22)
FNDA:26,(anonymous_23)
FNDA:26,(anonymous_24)
FNDA:1,(anonymous_25)
FNDA:14,(anonymous_26)
FNDA:1,(anonymous_27)
FNDA:4,(anonymous_28)
FNDA:0,(anonymous_29)
FNDA:1,(anonymous_30)
DA:25,1
DA:26,33
DA:27,33
DA:28,33
DA:29,33
DA:36,33
DA:38,33
DA:39,15
DA:40,15
DA:41,13
DA:42,13
DA:43,13
DA:44,12
DA:45,0
DA:47,12
DA:48,12
DA:49,24
DA:54,12
DA:55,24
DA:56,24
DA:64,22
DA:65,22
DA:68,22
DA:69,10
DA:70,20
DA:86,2
DA:91,12
DA:92,24
DA:93,24
DA:101,22
DA:102,22
DA:105,22
DA:106,10
DA:107,20
DA:120,2
DA:125,12
DA:126,24
DA:127,24
DA:135,22
DA:136,22
DA:139,22
DA:140,10
DA:141,20
DA:157,2
DA:161,1
DA:162,1
DA:167,15
DA:168,1
DA:171,15
DA:174,33
DA:175,11
DA:178,33
DA:179,3
DA:181,3
DA:182,3
DA:183,3
DA:184,1
DA:189,1
DA:193,2
DA:194,2
DA:206,2
DA:209,2
DA:210,1
DA:214,1
DA:215,1
DA:217,1
DA:218,1
DA:219,2
DA:223,1
DA:224,1
DA:231,1
DA:238,1
DA:242,33
DA:243,0
DA:244,0
DA:245,0
DA:249,33
DA:250,4
DA:251,0
DA:255,33
DA:256,1
DA:267,32
DA:268,1
DA:271,31
DA:301,0
DA:311,8
DA:321,3
DA:349,26
DA:370,26
DA:404,1
DA:414,14
DA:444,1
DA:454,4
DA:466,0
DA:484,1
LF:95
LH:88
BRDA:40,0,0,2
BRDA:40,0,1,13
BRDA:44,1,0,0
BRDA:44,1,1,12
BRDA:70,2,0,10
BRDA:70,2,1,10
BRDA:107,3,0,10
BRDA:107,3,1,10
BRDA:141,4,0,10
BRDA:141,4,1,10
BRDA:167,5,0,1
BRDA:167,5,1,14
BRDA:167,6,0,15
BRDA:167,6,1,14
BRDA:183,7,0,1
BRDA:183,7,1,2
BRDA:209,8,0,1
BRDA:209,8,1,1
BRDA:214,9,0,0
BRDA:214,9,1,1
BRDA:219,10,0,1
BRDA:219,10,1,1
BRDA:244,11,0,0
BRDA:244,11,1,0
BRDA:250,12,0,4
BRDA:250,12,1,0
BRDA:255,13,0,1
BRDA:255,13,1,32
BRDA:267,14,0,1
BRDA:267,14,1,31
BRDA:302,15,0,13
BRDA:302,15,1,18
BRDA:312,16,0,15
BRDA:312,16,1,16
BRDA:322,17,0,3
BRDA:322,17,1,28
BRDA:335,18,0,31
BRDA:335,18,1,13
BRDA:386,19,0,31
BRDA:386,19,1,15
BRDA:395,20,0,1
BRDA:395,20,1,14
BRDA:429,21,0,31
BRDA:429,21,1,3
BRDA:435,22,0,1
BRDA:435,22,1,2
BRF:46
BRH:41
end_of_record
TN:
SF:src\pages\Signup.tsx
FN:6,(anonymous_0)
FN:16,(anonymous_1)
FN:86,(anonymous_2)
FN:102,(anonymous_3)
FN:118,(anonymous_4)
FN:134,(anonymous_5)
FNF:6
FNH:6
FNDA:19,(anonymous_0)
FNDA:2,(anonymous_1)
FNDA:3,(anonymous_2)
FNDA:3,(anonymous_3)
FNDA:3,(anonymous_4)
FNDA:3,(anonymous_5)
DA:6,1
DA:7,19
DA:8,19
DA:9,19
DA:10,19
DA:11,19
DA:12,19
DA:13,19
DA:14,19
DA:16,19
DA:17,2
DA:18,2
DA:19,0
DA:20,0
DA:22,2
DA:23,1
DA:24,1
DA:26,1
DA:27,1
DA:28,1
DA:30,0
DA:31,0
DA:32,0
DA:42,0
DA:48,0
DA:49,0
DA:51,0
DA:55,19
DA:86,3
DA:102,3
DA:118,3
DA:134,3
LF:32
LH:23
BRDA:18,0,0,0
BRDA:18,0,1,2
BRDA:18,1,0,2
BRDA:18,1,1,2
BRDA:18,1,2,2
BRDA:18,1,3,2
BRDA:22,2,0,1
BRDA:22,2,1,1
BRDA:26,3,0,1
BRDA:26,3,1,0
BRDA:48,4,0,0
BRDA:48,4,1,0
BRDA:69,5,0,19
BRDA:69,5,1,2
BRDA:145,6,0,0
BRDA:145,6,1,19
BRF:16
BRH:11
end_of_record
TN:
SF:src\pages\Subscription.tsx
FN:6,(anonymous_0)
FN:52,(anonymous_1)
FN:66,(anonymous_2)
FN:82,(anonymous_3)
FN:94,(anonymous_4)
FNF:5
FNH:4
FNDA:5,(anonymous_0)
FNDA:0,(anonymous_1)
FNDA:15,(anonymous_2)
FNDA:2,(anonymous_3)
FNDA:75,(anonymous_4)
DA:6,1
DA:7,5
DA:8,5
DA:10,5
DA:52,5
DA:53,0
DA:56,5
DA:67,15
DA:82,2
DA:95,75
LF:10
LH:9
BRDA:70,0,0,5
BRDA:70,0,1,10
BRDA:84,1,0,5
BRDA:84,1,1,10
BRDA:89,2,0,5
BRDA:89,2,1,10
BRDA:107,3,0,4
BRDA:107,3,1,1
BRF:8
BRH:8
end_of_record
TN:
SF:src\pages\Usage.tsx
FN:7,(anonymous_0)
FN:63,(anonymous_1)
FNF:2
FNH:2
FNDA:4,(anonymous_0)
FNDA:9,(anonymous_1)
DA:7,1
DA:8,4
DA:10,4
DA:11,1
DA:31,3
DA:33,3
DA:39,3
DA:45,3
DA:64,9
LF:9
LH:9
BRDA:10,0,0,1
BRDA:10,0,1,3
BRDA:34,1,0,3
BRDA:34,1,1,1
BRDA:35,2,0,3
BRDA:35,2,1,1
BRDA:36,3,0,3
BRDA:36,3,1,1
BRF:8
BRH:8
end_of_record
TN:
SF:src\types\index.ts
FNF:0
FNH:0
LF:0
LH:0
BRF:0
BRH:0
end_of_record
