TN:
SF:src\App.tsx
FN:126,App
FNF:1
FNH:0
FNDA:0,App
DA:148,0
LF:1
LH:0
BRF:0
BRH:0
end_of_record
TN:
SF:src\main.tsx
FNF:0
FNH:0
DA:6,0
LF:1
LH:0
BRF:0
BRH:0
end_of_record
TN:
SF:src\test-utils.js
FN:6,renderWithRouter
FNF:1
FNH:0
FNDA:0,renderWithRouter
DA:7,0
LF:1
LH:0
BRDA:6,0,0,0
BRDA:6,1,0,0
BRF:2
BRH:0
end_of_record
TN:
SF:src\User_backend\server.js
FN:21,(anonymous_0)
FN:22,(anonymous_1)
FN:30,(anonymous_2)
FNF:3
FNH:0
FNDA:0,(anonymous_0)
FNDA:0,(anonymous_1)
FNDA:0,(anonymous_2)
DA:8,0
DA:10,0
DA:13,0
DA:14,0
DA:17,0
DA:21,0
DA:22,0
DA:25,0
DA:26,0
DA:29,0
DA:30,0
DA:31,0
LF:12
LH:0
BRDA:29,0,0,0
BRDA:29,0,1,0
BRF:2
BRH:0
end_of_record
TN:
SF:src\User_backend\config\db.js
FN:11,(anonymous_0)
FNF:1
FNH:0
FNDA:0,(anonymous_0)
DA:4,0
DA:6,0
DA:7,0
DA:8,0
DA:11,0
DA:12,0
DA:13,0
DA:14,0
DA:17,0
DA:18,0
DA:19,0
DA:21,0
DA:22,0
LF:13
LH:0
BRDA:7,0,0,0
BRDA:7,0,1,0
BRDA:12,1,0,0
BRDA:12,1,1,0
BRF:4
BRH:0
end_of_record
TN:
SF:src\User_backend\middleware\auth.js
FN:3,(anonymous_0)
FNF:1
FNH:0
FNDA:0,(anonymous_0)
DA:3,0
DA:4,0
DA:5,0
DA:7,0
DA:8,0
DA:9,0
DA:10,0
DA:11,0
DA:12,0
DA:14,0
LF:10
LH:0
BRDA:5,0,0,0
BRDA:5,0,1,0
BRF:2
BRH:0
end_of_record
TN:
SF:src\User_backend\models\User.js
FN:24,(anonymous_0)
FNF:1
FNH:0
FNDA:0,(anonymous_0)
DA:4,0
DA:24,0
DA:25,0
DA:26,0
DA:28,0
LF:5
LH:0
BRDA:25,0,0,0
BRDA:25,0,1,0
BRF:2
BRH:0
end_of_record
TN:
SF:src\User_backend\routes\auth.js
FN:10,(anonymous_0)
FN:27,(anonymous_1)
FN:42,(anonymous_2)
FN:57,(anonymous_3)
FNF:4
FNH:0
FNDA:0,(anonymous_0)
FNDA:0,(anonymous_1)
FNDA:0,(anonymous_2)
FNDA:0,(anonymous_3)
DA:7,0
DA:10,0
DA:11,0
DA:12,0
DA:13,0
DA:14,0
DA:19,0
DA:21,0
DA:22,0
DA:27,0
DA:28,0
DA:29,0
DA:30,0
DA:31,0
DA:32,0
DA:33,0
DA:34,0
DA:35,0
DA:37,0
DA:42,0
DA:43,0
DA:44,0
DA:45,0
DA:46,0
DA:47,0
DA:48,0
DA:49,0
DA:50,0
DA:52,0
DA:57,0
DA:58,0
LF:31
LH:0
BRDA:13,0,0,0
BRDA:13,0,1,0
BRDA:31,1,0,0
BRDA:31,1,1,0
BRDA:46,2,0,0
BRDA:46,2,1,0
BRDA:48,3,0,0
BRDA:48,3,1,0
BRF:8
BRH:0
end_of_record
TN:
SF:src\User_backend\routes\user.js
FN:9,(anonymous_0)
FN:60,(anonymous_1)
FN:72,(anonymous_2)
FN:96,(anonymous_3)
FN:120,(anonymous_4)
FNF:5
FNH:0
FNDA:0,(anonymous_0)
FNDA:0,(anonymous_1)
FNDA:0,(anonymous_2)
FNDA:0,(anonymous_3)
FNDA:0,(anonymous_4)
DA:6,0
DA:9,0
DA:10,0
DA:11,0
DA:14,0
DA:15,0
DA:21,0
DA:23,0
DA:24,0
DA:25,0
DA:26,0
DA:33,0
DA:42,0
DA:43,0
DA:47,0
DA:54,0
DA:57,0
DA:58,0
DA:60,0
DA:64,0
DA:72,0
DA:73,0
DA:74,0
DA:76,0
DA:77,0
DA:79,0
DA:81,0
DA:84,0
DA:85,0
DA:88,0
DA:91,0
DA:96,0
DA:97,0
DA:98,0
DA:100,0
DA:101,0
DA:103,0
DA:105,0
DA:108,0
DA:109,0
DA:112,0
DA:115,0
DA:120,0
DA:121,0
DA:122,0
DA:123,0
DA:124,0
DA:127,0
DA:128,0
DA:132,0
DA:134,0
DA:135,0
DA:139,0
DA:140,0
DA:143,0
DA:148,0
DA:149,0
DA:152,0
DA:153,0
DA:165,0
DA:166,0
DA:169,0
DA:171,0
DA:177,0
DA:179,0
DA:186,0
DA:187,0
LF:67
LH:0
BRDA:14,0,0,0
BRDA:14,0,1,0
BRDA:14,1,0,0
BRDA:14,1,1,0
BRDA:25,2,0,0
BRDA:25,2,1,0
BRDA:42,3,0,0
BRDA:42,3,1,0
BRDA:57,4,0,0
BRDA:57,4,1,0
BRDA:79,5,0,0
BRDA:79,5,1,0
BRDA:103,6,0,0
BRDA:103,6,1,0
BRDA:127,7,0,0
BRDA:127,7,1,0
BRDA:127,8,0,0
BRDA:127,8,1,0
BRDA:134,9,0,0
BRDA:134,9,1,0
BRDA:139,10,0,0
BRDA:139,10,1,0
BRDA:165,11,0,0
BRDA:165,11,1,0
BRF:24
BRH:0
end_of_record
TN:
SF:src\api\newsapi.ts
FN:3,fetchNews
FNF:1
FNH:0
FNDA:0,fetchNews
DA:1,0
DA:4,0
DA:5,0
DA:6,0
DA:7,0
DA:9,0
DA:10,0
DA:12,0
DA:13,0
LF:9
LH:0
BRDA:6,0,0,0
BRDA:6,0,1,0
BRF:2
BRH:0
end_of_record
TN:
SF:src\chatbot\copydata.js
FN:12,(anonymous_0)
FN:13,(anonymous_1)
FN:42,(anonymous_2)
FNF:3
FNH:0
FNDA:0,(anonymous_0)
FNDA:0,(anonymous_1)
FNDA:0,(anonymous_2)
DA:5,0
DA:8,0
DA:12,0
DA:13,0
DA:16,0
DA:32,0
DA:38,0
DA:39,0
DA:42,0
DA:43,0
DA:45,0
DA:48,0
DA:50,0
DA:52,0
DA:55,0
DA:60,0
LF:16
LH:0
BRF:0
BRH:0
end_of_record
TN:
SF:src\chatbot\server.js
FN:261,(anonymous_0)
FN:262,(anonymous_1)
FN:281,(anonymous_2)
FN:294,(anonymous_3)
FN:301,(anonymous_4)
FN:301,(anonymous_5)
FN:321,(anonymous_6)
FNF:7
FNH:0
FNDA:0,(anonymous_0)
FNDA:0,(anonymous_1)
FNDA:0,(anonymous_2)
FNDA:0,(anonymous_3)
FNDA:0,(anonymous_4)
FNDA:0,(anonymous_5)
FNDA:0,(anonymous_6)
DA:245,0
DA:247,0
DA:249,0
DA:250,0
DA:253,0
DA:254,0
DA:257,0
DA:261,0
DA:262,0
DA:265,0
DA:271,0
DA:273,0
DA:276,0
DA:281,0
DA:282,0
DA:284,0
DA:286,0
DA:291,0
DA:294,0
DA:299,0
DA:301,0
DA:304,0
DA:307,0
DA:312,0
DA:313,0
DA:315,0
DA:316,0
DA:321,0
DA:322,0
LF:29
LH:0
BRDA:250,0,0,0
BRDA:250,0,1,0
BRF:2
BRH:0
end_of_record
TN:
SF:src\components\ArticleCard.tsx
FN:139,(anonymous_0)
FN:144,(anonymous_1)
FN:189,(anonymous_2)
FN:226,(anonymous_3)
FN:232,(anonymous_4)
FN:233,(anonymous_5)
FN:234,(anonymous_6)
FN:242,(anonymous_7)
FN:373,(anonymous_8)
FN:393,(anonymous_9)
FNF:10
FNH:3
FNDA:9,(anonymous_0)
FNDA:0,(anonymous_1)
FNDA:0,(anonymous_2)
FNDA:0,(anonymous_3)
FNDA:0,(anonymous_4)
FNDA:0,(anonymous_5)
FNDA:0,(anonymous_6)
FNDA:0,(anonymous_7)
FNDA:1,(anonymous_8)
FNDA:1,(anonymous_9)
DA:139,1
DA:140,9
DA:144,9
DA:145,0
DA:189,9
DA:190,0
DA:192,0
DA:225,0
DA:226,0
DA:231,0
DA:232,0
DA:233,0
DA:234,0
DA:238,0
DA:243,0
DA:244,0
DA:245,0
DA:246,0
DA:302,9
DA:373,1
DA:393,1
LF:21
LH:7
BRDA:190,0,0,0
BRDA:190,0,1,0
BRDA:226,1,0,0
BRDA:226,1,1,0
BRDA:231,2,0,0
BRDA:231,2,1,0
BRDA:231,3,0,0
BRDA:231,3,1,0
BRDA:233,4,0,0
BRDA:233,4,1,0
BRDA:244,5,0,0
BRDA:244,5,1,0
BRDA:244,5,2,0
BRDA:254,6,0,0
BRDA:254,6,1,0
BRDA:258,7,0,0
BRDA:258,7,1,0
BRDA:259,8,0,0
BRDA:259,8,1,0
BRDA:260,9,0,0
BRDA:260,9,1,0
BRDA:304,10,0,9
BRDA:304,10,1,0
BRDA:326,11,0,9
BRDA:326,11,1,1
BRDA:341,12,0,0
BRDA:341,12,1,9
BRDA:343,13,0,9
BRDA:343,13,1,0
BRDA:344,14,0,0
BRDA:344,14,1,9
BRDA:346,15,0,9
BRDA:346,15,1,9
BRDA:346,15,2,0
BRDA:351,16,0,0
BRDA:351,16,1,0
BRDA:357,17,0,9
BRDA:357,17,1,1
BRDA:361,18,0,1
BRDA:361,18,1,0
BRDA:362,19,0,1
BRDA:362,19,1,1
BRDA:363,20,0,1
BRDA:363,20,1,1
BRDA:364,21,0,1
BRDA:364,21,1,1
BRDA:365,22,0,1
BRDA:365,22,1,0
BRF:48
BRH:18
end_of_record
TN:
SF:src\components\ArticleDetail.tsx
FN:191,(anonymous_0)
FN:210,(anonymous_1)
FN:249,(anonymous_2)
FN:250,(anonymous_3)
FN:274,(anonymous_4)
FN:285,(anonymous_5)
FN:292,(anonymous_6)
FN:293,(anonymous_7)
FN:318,(anonymous_8)
FN:320,(anonymous_9)
FN:326,(anonymous_10)
FN:330,(anonymous_11)
FN:512,(anonymous_12)
FN:524,(anonymous_13)
FN:535,(anonymous_14)
FN:597,(anonymous_15)
FN:626,(anonymous_16)
FNF:17
FNH:8
FNDA:15,(anonymous_0)
FNDA:1,(anonymous_1)
FNDA:0,(anonymous_2)
FNDA:0,(anonymous_3)
FNDA:0,(anonymous_4)
FNDA:5,(anonymous_5)
FNDA:8,(anonymous_6)
FNDA:8,(anonymous_7)
FNDA:15,(anonymous_8)
FNDA:0,(anonymous_9)
FNDA:0,(anonymous_10)
FNDA:0,(anonymous_11)
FNDA:5,(anonymous_12)
FNDA:1,(anonymous_13)
FNDA:0,(anonymous_14)
FNDA:0,(anonymous_15)
FNDA:0,(anonymous_16)
DA:191,1
DA:192,15
DA:193,15
DA:194,15
DA:195,15
DA:196,15
DA:197,15
DA:205,15
DA:206,15
DA:207,15
DA:208,15
DA:210,15
DA:211,1
DA:213,1
DA:214,1
DA:215,1
DA:216,1
DA:221,1
DA:225,0
DA:226,0
DA:238,0
DA:241,0
DA:242,0
DA:246,0
DA:247,0
DA:249,0
DA:250,0
DA:251,0
DA:255,0
DA:256,0
DA:263,0
DA:270,1
DA:274,15
DA:275,0
DA:276,0
DA:277,0
DA:285,15
DA:286,5
DA:287,5
DA:288,5
DA:289,5
DA:292,15
DA:293,8
DA:294,8
DA:295,8
DA:296,8
DA:298,7
DA:299,1
DA:302,6
DA:303,6
DA:305,2
DA:306,2
DA:308,8
DA:312,8
DA:313,8
DA:318,15
DA:319,15
DA:320,0
DA:321,0
DA:326,15
DA:327,0
DA:330,15
DA:331,0
DA:333,0
DA:335,0
DA:336,0
DA:339,0
DA:340,0
DA:343,0
DA:344,0
DA:349,0
DA:351,0
DA:365,0
DA:378,0
DA:380,0
DA:381,0
DA:385,0
DA:386,0
DA:389,0
DA:390,0
DA:397,0
DA:400,0
DA:404,15
DA:405,8
DA:414,7
DA:415,2
DA:427,5
DA:429,5
DA:513,5
DA:524,1
DA:535,0
DA:597,0
DA:627,0
LF:93
LH:51
BRDA:215,0,0,1
BRDA:215,0,1,0
BRDA:241,1,0,0
BRDA:241,1,1,0
BRDA:246,2,0,0
BRDA:246,2,1,0
BRDA:251,3,0,0
BRDA:251,3,1,0
BRDA:298,4,0,1
BRDA:298,4,1,6
BRDA:312,5,0,8
BRDA:312,5,1,0
BRDA:319,6,0,0
BRDA:319,6,1,15
BRDA:319,7,0,15
BRDA:319,7,1,0
BRDA:333,8,0,0
BRDA:333,8,1,0
BRDA:333,9,0,0
BRDA:333,9,1,0
BRDA:343,10,0,0
BRDA:343,10,1,0
BRDA:380,11,0,0
BRDA:380,11,1,0
BRDA:404,12,0,8
BRDA:404,12,1,7
BRDA:414,13,0,2
BRDA:414,13,1,5
BRDA:414,14,0,7
BRDA:414,14,1,5
BRDA:418,15,0,2
BRDA:418,15,1,0
BRDA:440,16,0,5
BRDA:440,16,1,5
BRDA:480,17,0,5
BRDA:480,17,1,5
BRDA:496,18,0,0
BRDA:496,18,1,5
BRDA:502,19,0,5
BRDA:502,19,1,0
BRDA:503,20,0,0
BRDA:503,20,1,5
BRDA:505,21,0,0
BRDA:505,21,1,5
BRDA:513,22,0,5
BRDA:513,22,1,0
BRDA:547,23,0,5
BRDA:547,23,1,5
BRDA:590,24,0,5
BRDA:590,24,1,5
BRDA:606,25,0,5
BRDA:606,25,1,5
BRDA:609,26,0,5
BRDA:609,26,1,5
BRDA:609,26,2,5
BRDA:613,27,0,0
BRDA:613,27,1,5
BRDA:620,28,0,5
BRDA:620,28,1,0
BRDA:620,29,0,5
BRDA:620,29,1,5
BRDA:630,30,0,0
BRDA:630,30,1,0
BRDA:632,31,0,0
BRDA:632,31,1,0
BRDA:636,32,0,0
BRDA:636,32,1,0
BRDA:638,33,0,0
BRDA:638,33,1,0
BRDA:641,34,0,0
BRDA:641,34,1,0
BRDA:648,35,0,0
BRDA:648,35,1,0
BRF:73
BRH:35
end_of_record
TN:
SF:src\components\CategoryFilter.tsx
FN:67,(anonymous_0)
FN:70,(anonymous_1)
FN:72,(anonymous_2)
FN:78,(anonymous_3)
FN:88,(anonymous_4)
FN:91,(anonymous_5)
FNF:6
FNH:6
FNDA:9,(anonymous_0)
FNDA:2,(anonymous_1)
FNDA:2,(anonymous_2)
FNDA:3,(anonymous_3)
FNDA:49,(anonymous_4)
FNDA:2,(anonymous_5)
DA:67,1
DA:68,9
DA:70,9
DA:71,2
DA:72,2
DA:74,1
DA:78,9
DA:79,3
DA:82,9
DA:84,9
DA:89,49
DA:91,2
LF:12
LH:12
BRDA:71,0,0,1
BRDA:71,0,1,1
BRDA:82,1,0,2
BRDA:82,1,1,7
BRDA:93,2,0,18
BRDA:93,2,1,31
BRDA:102,3,0,9
BRDA:102,3,1,9
BRDA:108,4,0,2
BRDA:108,4,1,7
BRF:10
BRH:10
end_of_record
TN:
SF:src\components\Navbar.tsx
FN:236,(anonymous_0)
FN:243,(anonymous_1)
FN:247,(anonymous_2)
FN:255,(anonymous_3)
FN:332,(anonymous_4)
FN:350,(anonymous_5)
FN:360,(anonymous_6)
FN:368,(anonymous_7)
FN:376,(anonymous_8)
FN:382,(anonymous_9)
FN:520,(anonymous_10)
FNF:11
FNH:2
FNDA:4,(anonymous_0)
FNDA:0,(anonymous_1)
FNDA:0,(anonymous_2)
FNDA:16,(anonymous_3)
FNDA:0,(anonymous_4)
FNDA:0,(anonymous_5)
FNDA:0,(anonymous_6)
FNDA:0,(anonymous_7)
FNDA:0,(anonymous_8)
FNDA:0,(anonymous_9)
FNDA:0,(anonymous_10)
DA:236,1
DA:237,4
DA:238,4
DA:239,4
DA:240,4
DA:241,4
DA:243,4
DA:244,0
DA:247,4
DA:248,0
DA:249,0
DA:251,0
DA:255,4
DA:256,16
DA:259,4
DA:261,4
DA:332,0
DA:350,0
DA:360,0
DA:368,0
DA:376,0
DA:383,0
DA:384,0
DA:520,0
LF:24
LH:12
BRDA:274,0,0,2
BRDA:274,0,1,2
BRDA:286,1,0,0
BRDA:286,1,1,4
BRDA:298,2,0,2
BRDA:298,2,1,2
BRDA:310,3,0,0
BRDA:310,3,1,4
BRDA:341,4,0,0
BRDA:341,4,1,4
BRDA:355,5,0,0
BRDA:355,5,1,0
BRDA:418,6,0,0
BRDA:418,6,1,4
BRDA:425,7,0,4
BRDA:425,7,1,0
BRDA:432,8,0,0
BRDA:432,8,1,0
BRDA:443,9,0,0
BRDA:443,9,1,0
BRDA:452,10,0,0
BRDA:452,10,1,0
BRDA:462,11,0,0
BRDA:462,11,1,0
BRDA:520,12,0,4
BRDA:520,12,1,0
BRF:26
BRH:10
end_of_record
TN:
SF:src\components\NewsList.tsx
FN:131,(anonymous_0)
FN:142,(anonymous_1)
FN:143,(anonymous_2)
FN:150,(anonymous_3)
FN:157,(anonymous_4)
FN:171,(anonymous_5)
FN:172,(anonymous_6)
FN:194,(anonymous_7)
FN:208,(anonymous_8)
FN:209,(anonymous_9)
FN:228,(anonymous_10)
FN:242,(anonymous_11)
FN:243,(anonymous_12)
FN:273,(anonymous_13)
FN:312,(anonymous_14)
FN:313,(anonymous_15)
FN:337,(anonymous_16)
FN:372,(anonymous_17)
FNF:18
FNH:3
FNDA:13,(anonymous_0)
FNDA:7,(anonymous_1)
FNDA:7,(anonymous_2)
FNDA:0,(anonymous_3)
FNDA:0,(anonymous_4)
FNDA:0,(anonymous_5)
FNDA:0,(anonymous_6)
FNDA:0,(anonymous_7)
FNDA:0,(anonymous_8)
FNDA:0,(anonymous_9)
FNDA:0,(anonymous_10)
FNDA:0,(anonymous_11)
FNDA:0,(anonymous_12)
FNDA:0,(anonymous_13)
FNDA:0,(anonymous_14)
FNDA:0,(anonymous_15)
FNDA:0,(anonymous_16)
FNDA:0,(anonymous_17)
DA:131,1
DA:132,13
DA:133,13
DA:134,13
DA:142,13
DA:143,7
DA:144,7
DA:145,7
DA:146,7
DA:147,6
DA:150,6
DA:157,0
DA:158,0
DA:159,0
DA:167,0
DA:168,0
DA:171,0
DA:172,0
DA:173,0
DA:189,0
DA:194,0
DA:195,0
DA:196,0
DA:204,0
DA:205,0
DA:208,0
DA:209,0
DA:210,0
DA:223,0
DA:228,0
DA:229,0
DA:230,0
DA:238,0
DA:239,0
DA:242,0
DA:243,0
DA:244,0
DA:260,0
DA:264,7
DA:266,7
DA:270,7
DA:273,13
DA:274,0
DA:276,0
DA:277,0
DA:278,0
DA:279,0
DA:284,0
DA:288,0
DA:289,0
DA:301,0
DA:304,0
DA:305,0
DA:309,0
DA:310,0
DA:312,0
DA:313,0
DA:314,0
DA:318,0
DA:319,0
DA:326,0
DA:333,0
DA:337,13
DA:338,0
DA:339,0
DA:340,0
DA:347,13
DA:373,0
LF:68
LH:17
BRDA:173,0,0,0
BRDA:173,0,1,0
BRDA:210,1,0,0
BRDA:210,1,1,0
BRDA:244,2,0,0
BRDA:244,2,1,0
BRDA:278,3,0,0
BRDA:278,3,1,0
BRDA:304,4,0,0
BRDA:304,4,1,0
BRDA:309,5,0,0
BRDA:309,5,1,0
BRDA:314,6,0,0
BRDA:314,6,1,0
BRDA:361,7,0,7
BRDA:361,7,1,6
BRDA:366,8,0,6
BRDA:366,8,1,0
BRF:18
BRH:3
end_of_record
TN:
SF:src\components\PoliticalLeaningBar.tsx
FN:72,(anonymous_0)
FN:100,(anonymous_1)
FN:117,(anonymous_2)
FNF:3
FNH:2
FNDA:19,(anonymous_0)
FNDA:1,(anonymous_1)
FNDA:0,(anonymous_2)
DA:72,2
DA:76,19
DA:77,19
DA:80,19
DA:83,19
DA:100,19
DA:101,1
DA:102,1
DA:104,1
DA:105,1
DA:108,0
DA:109,0
DA:111,0
DA:113,0
DA:116,0
DA:117,0
DA:118,0
DA:119,0
DA:120,0
DA:124,0
DA:125,0
DA:126,0
DA:127,0
DA:128,0
DA:130,0
DA:131,0
DA:134,19
LF:27
LH:11
BRDA:74,0,0,17
BRDA:80,1,0,19
BRDA:80,1,1,19
BRDA:80,1,2,0
BRDA:102,2,0,0
BRDA:102,2,1,1
BRDA:105,3,0,1
BRDA:105,3,1,0
BRDA:111,4,0,0
BRDA:111,4,1,0
BRDA:147,5,0,0
BRDA:147,5,1,19
BRDA:161,6,0,0
BRDA:161,6,1,1
BRDA:168,7,0,0
BRDA:168,7,1,1
BRDA:175,8,0,0
BRDA:175,8,1,1
BRF:18
BRH:9
end_of_record
TN:
SF:src\components\VideoCard.tsx
FN:30,(anonymous_0)
FN:33,(anonymous_1)
FN:39,(anonymous_2)
FN:55,(anonymous_3)
FN:64,(anonymous_4)
FN:120,(anonymous_5)
FN:223,(anonymous_6)
FN:238,(anonymous_7)
FN:259,(anonymous_8)
FNF:9
FNH:5
FNDA:6,(anonymous_0)
FNDA:6,(anonymous_1)
FNDA:6,(anonymous_2)
FNDA:6,(anonymous_3)
FNDA:1,(anonymous_4)
FNDA:0,(anonymous_5)
FNDA:0,(anonymous_6)
FNDA:0,(anonymous_7)
FNDA:0,(anonymous_8)
DA:30,1
DA:31,6
DA:33,6
DA:34,6
DA:35,6
DA:36,6
DA:39,6
DA:40,6
DA:41,6
DA:42,6
DA:43,6
DA:45,6
DA:46,1
DA:47,0
DA:48,0
DA:55,6
DA:56,6
DA:57,1
DA:58,5
DA:59,5
DA:61,0
DA:64,6
DA:65,1
DA:67,1
DA:117,6
DA:120,0
DA:223,0
DA:238,0
DA:259,0
LF:29
LH:22
BRDA:35,0,0,0
BRDA:35,0,1,6
BRDA:45,1,0,5
BRDA:45,1,1,1
BRDA:46,2,0,1
BRDA:46,2,1,0
BRDA:47,3,0,0
BRDA:47,3,1,0
BRDA:56,4,0,1
BRDA:56,4,1,5
BRDA:58,5,0,5
BRDA:58,5,1,0
BRDA:65,6,0,0
BRDA:65,6,1,1
BRDA:72,7,0,1
BRDA:72,7,1,0
BRDA:78,8,0,1
BRDA:78,8,1,0
BRDA:87,9,0,1
BRDA:87,9,1,0
BRDA:93,10,0,1
BRDA:93,10,1,0
BRDA:102,11,0,1
BRDA:102,11,1,0
BRDA:108,12,0,1
BRDA:108,12,1,0
BRDA:121,13,0,6
BRDA:121,13,1,0
BRDA:184,14,0,6
BRDA:184,14,1,1
BRDA:191,15,0,1
BRDA:191,15,1,0
BRDA:195,16,0,1
BRDA:195,16,1,0
BRDA:203,17,0,1
BRDA:203,17,1,0
BRDA:203,18,0,1
BRDA:203,18,1,0
BRDA:204,19,0,1
BRDA:204,19,1,0
BRDA:210,20,0,1
BRDA:210,20,1,0
BRDA:210,21,0,1
BRDA:210,21,1,0
BRDA:212,22,0,1
BRDA:212,22,1,0
BRDA:221,23,0,1
BRDA:221,23,1,0
BRDA:255,24,0,6
BRDA:255,24,1,6
BRF:50
BRH:28
end_of_record
TN:
SF:src\components\VideoList.tsx
FN:30,(anonymous_0)
FN:34,(anonymous_1)
FN:35,(anonymous_2)
FN:51,(anonymous_3)
FN:65,(anonymous_4)
FN:66,(anonymous_5)
FN:78,(anonymous_6)
FN:117,(anonymous_7)
FN:118,(anonymous_8)
FN:142,(anonymous_9)
FN:143,(anonymous_10)
FN:190,(anonymous_11)
FNF:12
FNH:8
FNDA:10,(anonymous_0)
FNDA:4,(anonymous_1)
FNDA:4,(anonymous_2)
FNDA:1,(anonymous_3)
FNDA:0,(anonymous_4)
FNDA:0,(anonymous_5)
FNDA:1,(anonymous_6)
FNDA:0,(anonymous_7)
FNDA:0,(anonymous_8)
FNDA:7,(anonymous_9)
FNDA:3,(anonymous_10)
FNDA:8,(anonymous_11)
DA:30,1
DA:31,10
DA:32,10
DA:34,10
DA:35,4
DA:36,4
DA:37,4
DA:38,4
DA:39,3
DA:40,3
DA:42,1
DA:44,4
DA:48,4
DA:51,10
DA:52,1
DA:53,1
DA:54,1
DA:58,1
DA:59,0
DA:62,0
DA:65,0
DA:66,0
DA:67,0
DA:72,1
DA:74,1
DA:78,10
DA:79,1
DA:81,1
DA:82,1
DA:83,1
DA:84,1
DA:89,1
DA:93,0
DA:94,0
DA:106,0
DA:109,0
DA:110,0
DA:114,0
DA:115,0
DA:117,0
DA:118,0
DA:119,0
DA:123,0
DA:124,0
DA:131,0
DA:138,1
DA:142,10
DA:143,7
DA:144,3
DA:145,6
DA:146,3
DA:147,3
DA:150,3
DA:151,0
DA:154,1
DA:160,7
DA:161,3
DA:165,10
DA:191,8
LF:59
LH:40
BRDA:58,0,0,0
BRDA:58,0,1,0
BRDA:67,1,0,0
BRDA:67,1,1,0
BRDA:83,2,0,1
BRDA:83,2,1,0
BRDA:109,3,0,0
BRDA:109,3,1,0
BRDA:114,4,0,0
BRDA:114,4,1,0
BRDA:119,5,0,0
BRDA:119,5,1,0
BRDA:145,6,0,3
BRDA:145,6,1,3
BRDA:150,7,0,0
BRDA:150,7,1,2
BRDA:160,8,0,3
BRDA:160,8,1,4
BRDA:179,9,0,5
BRDA:179,9,1,5
BRDA:184,10,0,1
BRDA:184,10,1,4
BRF:22
BRH:10
end_of_record
TN:
SF:src\components\chatbot.tsx
FN:81,(anonymous_0)
FN:86,(anonymous_1)
FN:144,(anonymous_2)
FN:165,(anonymous_3)
FNF:4
FNH:2
FNDA:7,(anonymous_0)
FNDA:0,(anonymous_1)
FNDA:0,(anonymous_2)
FNDA:2,(anonymous_3)
DA:81,2
DA:82,7
DA:83,7
DA:84,7
DA:86,7
DA:87,0
DA:88,0
DA:90,0
DA:92,0
DA:94,0
DA:100,0
DA:101,0
DA:104,0
DA:105,0
DA:106,0
DA:108,0
DA:109,0
DA:111,0
DA:115,7
DA:145,0
DA:165,2
LF:21
LH:7
BRDA:88,0,0,0
BRDA:88,0,1,0
BRDA:100,1,0,0
BRDA:100,1,1,0
BRDA:133,2,0,7
BRDA:133,2,1,0
BRDA:148,3,0,0
BRDA:148,3,1,0
BRDA:150,4,0,0
BRDA:150,4,1,0
BRDA:173,5,0,7
BRDA:173,5,1,7
BRDA:175,6,0,0
BRDA:175,6,1,7
BRF:14
BRH:4
end_of_record
TN:
SF:src\components\mode-toggle.tsx
FN:12,ModeToggle
FN:25,(anonymous_1)
FN:28,(anonymous_2)
FN:31,(anonymous_3)
FNF:4
FNH:4
FNDA:6,ModeToggle
FNDA:1,(anonymous_1)
FNDA:1,(anonymous_2)
FNDA:1,(anonymous_3)
DA:13,6
DA:15,6
DA:25,1
DA:28,1
DA:31,1
LF:5
LH:5
BRF:0
BRH:0
end_of_record
TN:
SF:src\components\theme-provider.tsx
FN:18,(anonymous_0)
FN:23,ThemeProvider
FN:30,(anonymous_2)
FN:33,(anonymous_3)
FN:53,(anonymous_4)
FN:66,(anonymous_5)
FNF:6
FNH:5
FNDA:0,(anonymous_0)
FNDA:8,ThemeProvider
FNDA:6,(anonymous_2)
FNDA:8,(anonymous_3)
FNDA:2,(anonymous_4)
FNDA:12,(anonymous_5)
DA:16,2
DA:18,0
DA:21,2
DA:29,8
DA:30,6
DA:33,8
DA:34,8
DA:36,8
DA:38,8
DA:39,5
DA:44,5
DA:45,5
DA:48,3
DA:51,8
DA:54,2
DA:55,2
DA:59,8
DA:66,2
DA:67,12
DA:69,12
DA:70,0
DA:72,12
LF:22
LH:20
BRDA:25,0,0,0
BRDA:26,1,0,8
BRDA:30,2,0,6
BRDA:30,2,1,6
BRDA:38,3,0,5
BRDA:38,3,1,3
BRDA:39,4,0,1
BRDA:39,4,1,4
BRDA:69,5,0,0
BRDA:69,5,1,12
BRF:10
BRH:8
end_of_record
TN:
SF:src\components\ui\badge.tsx
FN:28,Badge
FNF:1
FNH:0
FNDA:0,Badge
DA:7,1
DA:35,0
DA:37,0
LF:3
LH:1
BRDA:31,0,0,0
BRDA:35,1,0,0
BRDA:35,1,1,0
BRF:3
BRH:0
end_of_record
TN:
SF:src\components\ui\button.tsx
FN:38,Button
FNF:1
FNH:1
FNDA:18,Button
DA:7,2
DA:48,18
DA:50,18
LF:3
LH:3
BRDA:42,0,0,18
BRDA:48,1,0,0
BRDA:48,1,1,18
BRF:3
BRH:2
end_of_record
TN:
SF:src\components\ui\card.tsx
FN:5,Card
FN:18,CardHeader
FN:31,CardTitle
FN:41,CardDescription
FN:51,CardAction
FN:64,CardContent
FN:74,CardFooter
FNF:7
FNH:0
FNDA:0,Card
FNDA:0,CardHeader
FNDA:0,CardTitle
FNDA:0,CardDescription
FNDA:0,CardAction
FNDA:0,CardContent
FNDA:0,CardFooter
DA:6,0
DA:19,0
DA:32,0
DA:42,0
DA:52,0
DA:65,0
DA:75,0
LF:7
LH:0
BRF:0
BRH:0
end_of_record
TN:
SF:src\components\ui\dropdown-menu.tsx
FN:7,DropdownMenu
FN:13,DropdownMenuPortal
FN:21,DropdownMenuTrigger
FN:32,DropdownMenuContent
FN:52,DropdownMenuGroup
FN:60,DropdownMenuItem
FN:83,DropdownMenuCheckboxItem
FN:109,DropdownMenuRadioGroup
FN:120,DropdownMenuRadioItem
FN:144,DropdownMenuLabel
FN:164,DropdownMenuSeparator
FN:177,DropdownMenuShortcut
FN:193,DropdownMenuSub
FN:199,DropdownMenuSubTrigger
FN:223,DropdownMenuSubContent
FNF:15
FNH:6
FNDA:5,DropdownMenu
FNDA:0,DropdownMenuPortal
FNDA:5,DropdownMenuTrigger
FNDA:5,DropdownMenuContent
FNDA:0,DropdownMenuGroup
FNDA:7,DropdownMenuItem
FNDA:0,DropdownMenuCheckboxItem
FNDA:0,DropdownMenuRadioGroup
FNDA:0,DropdownMenuRadioItem
FNDA:1,DropdownMenuLabel
FNDA:1,DropdownMenuSeparator
FNDA:0,DropdownMenuShortcut
FNDA:0,DropdownMenuSub
FNDA:0,DropdownMenuSubTrigger
FNDA:0,DropdownMenuSubContent
DA:10,5
DA:16,0
DA:24,5
DA:37,5
DA:55,0
DA:69,7
DA:89,0
DA:112,0
DA:125,0
DA:151,1
DA:168,1
DA:181,0
DA:196,0
DA:207,0
DA:227,0
LF:15
LH:6
BRDA:34,0,0,5
BRDA:63,1,0,7
BRF:2
BRH:2
end_of_record
TN:
SF:src\components\ui\hover-card.tsx
FN:6,HoverCard
FN:12,HoverCardTrigger
FN:20,HoverCardContent
FNF:3
FNH:0
FNDA:0,HoverCard
FNDA:0,HoverCardTrigger
FNDA:0,HoverCardContent
DA:9,0
DA:15,0
DA:26,0
LF:3
LH:0
BRDA:22,0,0,0
BRDA:23,1,0,0
BRF:2
BRH:0
end_of_record
TN:
SF:src\components\ui\progress.tsx
FN:5,Progress
FN:12,(anonymous_1)
FN:36,(anonymous_2)
FNF:3
FNH:3
FNDA:6,Progress
FNDA:6,(anonymous_1)
FNDA:6,(anonymous_2)
DA:12,6
DA:13,6
DA:14,2
DA:18,4
DA:19,2
DA:23,2
DA:24,1
DA:29,1
DA:36,6
DA:37,6
DA:38,2
DA:39,4
DA:40,2
DA:41,2
DA:42,1
DA:44,1
DA:48,6
DA:50,6
LF:18
LH:18
BRDA:7,0,0,0
BRDA:13,1,0,2
BRDA:13,1,1,4
BRDA:18,2,0,2
BRDA:18,2,1,2
BRDA:23,3,0,1
BRDA:23,3,1,1
BRDA:37,4,0,2
BRDA:37,4,1,4
BRDA:39,5,0,2
BRDA:39,5,1,2
BRDA:41,6,0,1
BRDA:41,6,1,1
BRF:13
BRH:12
end_of_record
TN:
SF:src\components\ui\tooltip.tsx
FN:6,TooltipProvider
FN:19,Tooltip
FN:29,TooltipTrigger
FN:35,TooltipContent
FNF:4
FNH:0
FNDA:0,TooltipProvider
FNDA:0,Tooltip
FNDA:0,TooltipTrigger
FNDA:0,TooltipContent
DA:10,0
DA:22,0
DA:32,0
DA:41,0
LF:4
LH:0
BRDA:7,0,0,0
BRDA:37,1,0,0
BRF:2
BRH:0
end_of_record
TN:
SF:src\context\AuthContext.tsx
FN:360,(anonymous_0)
FN:366,(anonymous_1)
FN:371,(anonymous_2)
FN:372,(anonymous_3)
FN:393,(anonymous_4)
FN:416,(anonymous_5)
FN:438,(anonymous_6)
FN:443,(anonymous_7)
FN:466,(anonymous_8)
FN:491,(anonymous_9)
FNF:10
FNH:1
FNDA:23,(anonymous_0)
FNDA:0,(anonymous_1)
FNDA:0,(anonymous_2)
FNDA:0,(anonymous_3)
FNDA:0,(anonymous_4)
FNDA:0,(anonymous_5)
FNDA:0,(anonymous_6)
FNDA:0,(anonymous_7)
FNDA:0,(anonymous_8)
FNDA:0,(anonymous_9)
DA:358,2
DA:360,2
DA:361,23
DA:362,22
DA:363,0
DA:366,2
DA:367,0
DA:368,0
DA:369,0
DA:371,0
DA:372,0
DA:373,0
DA:374,0
DA:375,0
DA:377,0
DA:381,0
DA:383,0
DA:384,0
DA:386,0
DA:390,0
DA:393,0
DA:394,0
DA:395,0
DA:396,0
DA:397,0
DA:398,0
DA:399,0
DA:404,0
DA:406,0
DA:407,0
DA:412,0
DA:416,0
DA:417,0
DA:418,0
DA:419,0
DA:420,0
DA:421,0
DA:426,0
DA:428,0
DA:429,0
DA:434,0
DA:438,0
DA:439,0
DA:440,0
DA:443,0
DA:444,0
DA:445,0
DA:446,0
DA:447,0
DA:452,0
DA:455,0
DA:466,0
DA:467,0
DA:469,0
DA:474,0
DA:479,0
DA:481,0
DA:482,0
DA:487,0
DA:491,0
DA:492,0
DA:493,0
DA:494,0
DA:496,0
DA:500,0
DA:502,0
DA:503,0
DA:507,0
LF:68
LH:5
BRDA:362,0,0,22
BRDA:362,0,1,0
BRDA:375,1,0,0
BRDA:375,1,1,0
BRDA:446,2,0,0
BRDA:446,2,1,0
BRDA:467,3,0,0
BRDA:467,3,1,0
BRDA:494,4,0,0
BRDA:494,4,1,0
BRF:10
BRH:1
end_of_record
TN:
SF:src\firebase\config.ts
FNF:0
FNH:0
DA:7,0
DA:18,0
DA:19,0
DA:20,0
LF:4
LH:0
BRF:0
BRH:0
end_of_record
TN:
SF:src\lib\utils.ts
FN:4,cn
FNF:1
FNH:1
FNDA:81,cn
DA:5,81
LF:1
LH:1
BRF:0
BRH:0
end_of_record
TN:
SF:src\pages\Chatbotpage.tsx
FN:4,(anonymous_0)
FN:8,(anonymous_1)
FNF:2
FNH:0
FNDA:0,(anonymous_0)
FNDA:0,(anonymous_1)
DA:4,0
DA:5,0
DA:8,0
LF:3
LH:0
BRF:0
BRH:0
end_of_record
TN:
SF:src\pages\ForYou.tsx
FN:145,(anonymous_0)
FN:157,(anonymous_1)
FN:158,(anonymous_2)
FN:200,(anonymous_3)
FN:205,(anonymous_4)
FN:219,(anonymous_5)
FN:220,(anonymous_6)
FN:242,(anonymous_7)
FN:256,(anonymous_8)
FN:257,(anonymous_9)
FN:276,(anonymous_10)
FN:290,(anonymous_11)
FN:291,(anonymous_12)
FN:324,(anonymous_13)
FN:363,(anonymous_14)
FN:364,(anonymous_15)
FN:388,(anonymous_16)
FN:416,(anonymous_17)
FNF:18
FNH:14
FNDA:6,(anonymous_0)
FNDA:6,(anonymous_1)
FNDA:6,(anonymous_2)
FNDA:10,(anonymous_3)
FNDA:10,(anonymous_4)
FNDA:4,(anonymous_5)
FNDA:8,(anonymous_6)
FNDA:10,(anonymous_7)
FNDA:4,(anonymous_8)
FNDA:8,(anonymous_9)
FNDA:10,(anonymous_10)
FNDA:4,(anonymous_11)
FNDA:8,(anonymous_12)
FNDA:0,(anonymous_13)
FNDA:0,(anonymous_14)
FNDA:0,(anonymous_15)
FNDA:0,(anonymous_16)
FNDA:4,(anonymous_17)
DA:145,1
DA:146,6
DA:147,6
DA:148,6
DA:149,6
DA:157,6
DA:158,6
DA:159,6
DA:161,5
DA:162,5
DA:163,5
DA:166,5
DA:169,5
DA:170,5
DA:171,5
DA:173,5
DA:174,5
DA:175,5
DA:177,5
DA:178,5
DA:182,5
DA:183,5
DA:185,5
DA:186,5
DA:193,5
DA:194,0
DA:197,5
DA:198,5
DA:200,10
DA:205,5
DA:206,10
DA:207,10
DA:215,10
DA:216,10
DA:219,10
DA:220,4
DA:221,8
DA:237,0
DA:242,5
DA:243,10
DA:244,10
DA:252,10
DA:253,10
DA:256,10
DA:257,4
DA:258,8
DA:271,0
DA:276,5
DA:277,10
DA:278,10
DA:286,10
DA:287,10
DA:290,10
DA:291,4
DA:292,8
DA:308,0
DA:312,0
DA:315,0
DA:317,5
DA:321,6
DA:324,6
DA:325,0
DA:327,0
DA:328,0
DA:329,0
DA:330,0
DA:335,0
DA:339,0
DA:340,0
DA:352,0
DA:355,0
DA:356,0
DA:360,0
DA:361,0
DA:363,0
DA:364,0
DA:365,0
DA:369,0
DA:370,0
DA:377,0
DA:384,0
DA:388,6
DA:389,0
DA:390,0
DA:391,0
DA:398,6
DA:417,4
LF:87
LH:58
BRDA:159,0,0,1
BRDA:159,0,1,5
BRDA:166,1,0,0
BRDA:166,2,0,0
BRDA:170,3,0,5
BRDA:170,3,1,0
BRDA:171,4,0,5
BRDA:171,4,1,0
BRDA:174,5,0,5
BRDA:174,5,1,0
BRDA:177,6,0,5
BRDA:177,6,1,0
BRDA:193,7,0,0
BRDA:193,7,1,5
BRDA:221,8,0,4
BRDA:221,8,1,4
BRDA:258,9,0,4
BRDA:258,9,1,4
BRDA:292,10,0,4
BRDA:292,10,1,4
BRDA:329,11,0,0
BRDA:329,11,1,0
BRDA:355,12,0,0
BRDA:355,12,1,0
BRDA:360,13,0,0
BRDA:360,13,1,0
BRDA:365,14,0,0
BRDA:365,14,1,0
BRDA:401,15,0,1
BRDA:401,15,1,5
BRDA:410,16,0,3
BRDA:410,16,1,2
BRDA:414,17,0,2
BRDA:414,17,1,0
BRF:34
BRH:18
end_of_record
TN:
SF:src\pages\Home.tsx
FN:345,(anonymous_0)
FN:362,(anonymous_1)
FN:363,(anonymous_2)
FN:370,(anonymous_3)
FN:377,(anonymous_4)
FN:391,(anonymous_5)
FN:392,(anonymous_6)
FN:414,(anonymous_7)
FN:428,(anonymous_8)
FN:429,(anonymous_9)
FN:448,(anonymous_10)
FN:462,(anonymous_11)
FN:463,(anonymous_12)
FN:493,(anonymous_13)
FN:532,(anonymous_14)
FN:533,(anonymous_15)
FN:538,(anonymous_16)
FN:566,(anonymous_17)
FN:577,(anonymous_18)
FN:592,(anonymous_19)
FNF:20
FNH:1
FNDA:9,(anonymous_0)
FNDA:0,(anonymous_1)
FNDA:0,(anonymous_2)
FNDA:0,(anonymous_3)
FNDA:0,(anonymous_4)
FNDA:0,(anonymous_5)
FNDA:0,(anonymous_6)
FNDA:0,(anonymous_7)
FNDA:0,(anonymous_8)
FNDA:0,(anonymous_9)
FNDA:0,(anonymous_10)
FNDA:0,(anonymous_11)
FNDA:0,(anonymous_12)
FNDA:0,(anonymous_13)
FNDA:0,(anonymous_14)
FNDA:0,(anonymous_15)
FNDA:0,(anonymous_16)
FNDA:0,(anonymous_17)
FNDA:0,(anonymous_18)
FNDA:0,(anonymous_19)
DA:345,1
DA:346,9
DA:347,8
DA:348,8
DA:349,8
DA:356,8
DA:358,0
DA:362,0
DA:363,0
DA:364,0
DA:365,0
DA:366,0
DA:367,0
DA:370,0
DA:377,0
DA:378,0
DA:379,0
DA:387,0
DA:388,0
DA:391,0
DA:392,0
DA:393,0
DA:409,0
DA:414,0
DA:415,0
DA:416,0
DA:424,0
DA:425,0
DA:428,0
DA:429,0
DA:430,0
DA:443,0
DA:448,0
DA:449,0
DA:450,0
DA:458,0
DA:459,0
DA:462,0
DA:463,0
DA:464,0
DA:480,0
DA:484,0
DA:486,0
DA:490,0
DA:493,0
DA:494,0
DA:496,0
DA:497,0
DA:498,0
DA:499,0
DA:504,0
DA:508,0
DA:509,0
DA:521,0
DA:524,0
DA:525,0
DA:529,0
DA:530,0
DA:532,0
DA:533,0
DA:534,0
DA:538,0
DA:539,0
DA:541,0
DA:547,0
DA:548,0
DA:555,0
DA:562,0
DA:566,0
DA:567,0
DA:568,0
DA:569,0
DA:576,0
DA:577,0
DA:580,0
DA:593,0
LF:76
LH:6
BRDA:393,0,0,0
BRDA:393,0,1,0
BRDA:430,1,0,0
BRDA:430,1,1,0
BRDA:464,2,0,0
BRDA:464,2,1,0
BRDA:498,3,0,0
BRDA:498,3,1,0
BRDA:524,4,0,0
BRDA:524,4,1,0
BRDA:529,5,0,0
BRDA:529,5,1,0
BRDA:534,6,0,0
BRDA:534,6,1,0
BRDA:539,7,0,0
BRDA:539,7,1,0
BRDA:576,8,0,0
BRDA:576,8,1,0
BRDA:586,9,0,0
BRDA:586,9,1,0
BRDA:590,10,0,0
BRDA:590,10,1,0
BRDA:607,11,0,0
BRDA:607,11,1,0
BRF:24
BRH:0
end_of_record
TN:
SF:src\pages\Login.tsx
FN:138,(anonymous_0)
FN:146,(anonymous_1)
FN:223,(anonymous_2)
FN:239,(anonymous_3)
FNF:4
FNH:4
FNDA:10,(anonymous_0)
FNDA:2,(anonymous_1)
FNDA:2,(anonymous_2)
FNDA:2,(anonymous_3)
DA:138,1
DA:139,10
DA:140,10
DA:141,10
DA:142,10
DA:143,10
DA:144,10
DA:146,10
DA:147,2
DA:149,2
DA:150,2
DA:151,0
DA:152,0
DA:154,2
DA:155,2
DA:156,2
DA:173,2
DA:179,0
DA:185,0
DA:187,2
DA:191,10
DA:223,2
DA:239,2
LF:23
LH:19
BRDA:150,0,0,0
BRDA:150,0,1,2
BRDA:150,1,0,2
BRDA:150,1,1,2
BRDA:185,2,0,0
BRDA:185,2,1,0
BRDA:205,3,0,10
BRDA:205,3,1,0
BRDA:257,4,0,0
BRDA:257,4,1,10
BRF:10
BRH:5
end_of_record
TN:
SF:src\pages\Preferences.tsx
FN:212,(anonymous_0)
FN:247,(anonymous_1)
FN:248,(anonymous_2)
FN:250,(anonymous_3)
FN:265,(anonymous_4)
FN:266,(anonymous_5)
FN:268,(anonymous_6)
FN:274,(anonymous_7)
FN:334,(anonymous_8)
FN:340,(anonymous_9)
FN:394,(anonymous_10)
FN:400,(anonymous_11)
FN:413,(anonymous_12)
FNF:13
FNH:1
FNDA:15,(anonymous_0)
FNDA:0,(anonymous_1)
FNDA:0,(anonymous_2)
FNDA:0,(anonymous_3)
FNDA:0,(anonymous_4)
FNDA:0,(anonymous_5)
FNDA:0,(anonymous_6)
FNDA:0,(anonymous_7)
FNDA:0,(anonymous_8)
FNDA:0,(anonymous_9)
FNDA:0,(anonymous_10)
FNDA:0,(anonymous_11)
FNDA:0,(anonymous_12)
DA:212,1
DA:213,15
DA:214,0
DA:215,0
DA:216,0
DA:223,0
DA:228,0
DA:236,0
DA:247,0
DA:248,0
DA:249,0
DA:250,0
DA:252,0
DA:265,0
DA:266,0
DA:267,0
DA:268,0
DA:270,0
DA:274,0
DA:275,0
DA:276,0
DA:277,0
DA:307,0
DA:309,0
DA:311,0
DA:312,0
DA:313,0
DA:314,0
DA:316,0
DA:317,0
DA:320,0
DA:324,0
DA:335,0
DA:340,0
DA:395,0
DA:400,0
DA:413,0
LF:37
LH:2
BRDA:249,0,0,0
BRDA:249,0,1,0
BRDA:267,1,0,0
BRDA:267,1,1,0
BRDA:309,2,0,0
BRDA:309,2,1,0
BRDA:317,3,0,0
BRDA:317,3,1,0
BRDA:417,4,0,0
BRDA:417,4,1,0
BRF:10
BRH:0
end_of_record
TN:
SF:src\pages\Profile.tsx
FN:25,(anonymous_0)
FN:38,(anonymous_1)
FN:39,(anonymous_2)
FN:49,(anonymous_3)
FN:54,(anonymous_4)
FN:68,(anonymous_5)
FN:69,(anonymous_6)
FN:91,(anonymous_7)
FN:105,(anonymous_8)
FN:106,(anonymous_9)
FN:125,(anonymous_10)
FN:139,(anonymous_11)
FN:140,(anonymous_12)
FN:174,(anonymous_13)
FN:178,(anonymous_14)
FN:217,(anonymous_15)
FN:218,(anonymous_16)
FN:242,(anonymous_17)
FN:243,(anonymous_18)
FN:249,(anonymous_19)
FN:301,(anonymous_20)
FN:311,(anonymous_21)
FN:321,(anonymous_22)
FN:348,(anonymous_23)
FN:369,(anonymous_24)
FN:404,(anonymous_25)
FN:413,(anonymous_26)
FN:444,(anonymous_27)
FN:453,(anonymous_28)
FN:466,(anonymous_29)
FN:484,(anonymous_30)
FNF:31
FNH:0
FNDA:0,(anonymous_0)
FNDA:0,(anonymous_1)
FNDA:0,(anonymous_2)
FNDA:0,(anonymous_3)
FNDA:0,(anonymous_4)
FNDA:0,(anonymous_5)
FNDA:0,(anonymous_6)
FNDA:0,(anonymous_7)
FNDA:0,(anonymous_8)
FNDA:0,(anonymous_9)
FNDA:0,(anonymous_10)
FNDA:0,(anonymous_11)
FNDA:0,(anonymous_12)
FNDA:0,(anonymous_13)
FNDA:0,(anonymous_14)
FNDA:0,(anonymous_15)
FNDA:0,(anonymous_16)
FNDA:0,(anonymous_17)
FNDA:0,(anonymous_18)
FNDA:0,(anonymous_19)
FNDA:0,(anonymous_20)
FNDA:0,(anonymous_21)
FNDA:0,(anonymous_22)
FNDA:0,(anonymous_23)
FNDA:0,(anonymous_24)
FNDA:0,(anonymous_25)
FNDA:0,(anonymous_26)
FNDA:0,(anonymous_27)
FNDA:0,(anonymous_28)
FNDA:0,(anonymous_29)
FNDA:0,(anonymous_30)
DA:25,0
DA:26,0
DA:27,0
DA:28,0
DA:29,0
DA:36,0
DA:38,0
DA:39,0
DA:40,0
DA:41,0
DA:42,0
DA:43,0
DA:44,0
DA:45,0
DA:47,0
DA:48,0
DA:49,0
DA:54,0
DA:55,0
DA:56,0
DA:64,0
DA:65,0
DA:68,0
DA:69,0
DA:70,0
DA:86,0
DA:91,0
DA:92,0
DA:93,0
DA:101,0
DA:102,0
DA:105,0
DA:106,0
DA:107,0
DA:120,0
DA:125,0
DA:126,0
DA:127,0
DA:135,0
DA:136,0
DA:139,0
DA:140,0
DA:141,0
DA:157,0
DA:161,0
DA:162,0
DA:167,0
DA:168,0
DA:171,0
DA:174,0
DA:175,0
DA:178,0
DA:179,0
DA:181,0
DA:182,0
DA:183,0
DA:184,0
DA:189,0
DA:193,0
DA:194,0
DA:206,0
DA:209,0
DA:210,0
DA:214,0
DA:215,0
DA:217,0
DA:218,0
DA:219,0
DA:223,0
DA:224,0
DA:231,0
DA:238,0
DA:242,0
DA:243,0
DA:244,0
DA:245,0
DA:249,0
DA:250,0
DA:251,0
DA:255,0
DA:256,0
DA:267,0
DA:268,0
DA:271,0
DA:301,0
DA:311,0
DA:321,0
DA:349,0
DA:370,0
DA:404,0
DA:414,0
DA:444,0
DA:454,0
DA:466,0
DA:484,0
LF:95
LH:0
BRDA:40,0,0,0
BRDA:40,0,1,0
BRDA:44,1,0,0
BRDA:44,1,1,0
BRDA:70,2,0,0
BRDA:70,2,1,0
BRDA:107,3,0,0
BRDA:107,3,1,0
BRDA:141,4,0,0
BRDA:141,4,1,0
BRDA:167,5,0,0
BRDA:167,5,1,0
BRDA:167,6,0,0
BRDA:167,6,1,0
BRDA:183,7,0,0
BRDA:183,7,1,0
BRDA:209,8,0,0
BRDA:209,8,1,0
BRDA:214,9,0,0
BRDA:214,9,1,0
BRDA:219,10,0,0
BRDA:219,10,1,0
BRDA:244,11,0,0
BRDA:244,11,1,0
BRDA:250,12,0,0
BRDA:250,12,1,0
BRDA:255,13,0,0
BRDA:255,13,1,0
BRDA:267,14,0,0
BRDA:267,14,1,0
BRDA:302,15,0,0
BRDA:302,15,1,0
BRDA:312,16,0,0
BRDA:312,16,1,0
BRDA:322,17,0,0
BRDA:322,17,1,0
BRDA:335,18,0,0
BRDA:335,18,1,0
BRDA:386,19,0,0
BRDA:386,19,1,0
BRDA:395,20,0,0
BRDA:395,20,1,0
BRDA:429,21,0,0
BRDA:429,21,1,0
BRDA:435,22,0,0
BRDA:435,22,1,0
BRF:46
BRH:0
end_of_record
TN:
SF:src\pages\Signup.tsx
FN:161,(anonymous_0)
FN:171,(anonymous_1)
FN:241,(anonymous_2)
FN:257,(anonymous_3)
FN:273,(anonymous_4)
FN:289,(anonymous_5)
FNF:6
FNH:6
FNDA:20,(anonymous_0)
FNDA:3,(anonymous_1)
FNDA:3,(anonymous_2)
FNDA:3,(anonymous_3)
FNDA:3,(anonymous_4)
FNDA:3,(anonymous_5)
DA:161,1
DA:162,20
DA:163,20
DA:164,20
DA:165,20
DA:166,20
DA:167,20
DA:168,20
DA:169,20
DA:171,20
DA:172,3
DA:173,3
DA:174,0
DA:175,0
DA:177,3
DA:178,1
DA:179,1
DA:181,2
DA:182,1
DA:183,1
DA:185,1
DA:186,1
DA:187,1
DA:197,1
DA:203,0
DA:204,0
DA:206,1
DA:210,20
DA:241,3
DA:257,3
DA:273,3
DA:289,3
LF:32
LH:28
BRDA:173,0,0,0
BRDA:173,0,1,3
BRDA:173,1,0,3
BRDA:173,1,1,3
BRDA:173,1,2,3
BRDA:173,1,3,3
BRDA:177,2,0,1
BRDA:177,2,1,2
BRDA:181,3,0,1
BRDA:181,3,1,1
BRDA:203,4,0,0
BRDA:203,4,1,0
BRDA:224,5,0,20
BRDA:224,5,1,2
BRDA:300,6,0,0
BRDA:300,6,1,20
BRF:16
BRH:12
end_of_record
TN:
SF:src\pages\Subscription.tsx
FN:171,(anonymous_0)
FN:217,(anonymous_1)
FN:231,(anonymous_2)
FN:247,(anonymous_3)
FN:259,(anonymous_4)
FNF:5
FNH:0
FNDA:0,(anonymous_0)
FNDA:0,(anonymous_1)
FNDA:0,(anonymous_2)
FNDA:0,(anonymous_3)
FNDA:0,(anonymous_4)
DA:171,0
DA:172,0
DA:173,0
DA:175,0
DA:217,0
DA:218,0
DA:221,0
DA:232,0
DA:247,0
DA:260,0
LF:10
LH:0
BRDA:235,0,0,0
BRDA:235,0,1,0
BRDA:249,1,0,0
BRDA:249,1,1,0
BRDA:254,2,0,0
BRDA:254,2,1,0
BRDA:272,3,0,0
BRDA:272,3,1,0
BRF:8
BRH:0
end_of_record
TN:
SF:src\pages\Usage.tsx
FN:497,(anonymous_0)
FN:553,(anonymous_1)
FNF:2
FNH:0
FNDA:0,(anonymous_0)
FNDA:0,(anonymous_1)
DA:497,0
DA:498,0
DA:500,0
DA:501,0
DA:521,0
DA:523,0
DA:529,0
DA:535,0
DA:554,0
LF:9
LH:0
BRDA:500,0,0,0
BRDA:500,0,1,0
BRDA:524,1,0,0
BRDA:524,1,1,0
BRDA:525,2,0,0
BRDA:525,2,1,0
BRDA:526,3,0,0
BRDA:526,3,1,0
BRF:8
BRH:0
end_of_record
TN:
SF:src\types\index.ts
FNF:0
FNH:0
LF:0
LH:0
BRF:0
BRH:0
end_of_record
